<?xml version="1.0" encoding="utf-8"?>
<!DOCTYPE coverage SYSTEM "http://cobertura.sourceforge.net/xml/coverage-04.dtd">
<coverage line-rate="0.889830508474576" branch-rate="0.792682926829268" lines-covered="420" lines-valid="472" branches-covered="65" branches-valid="82" complexity="106" version="0" timestamp="1722895176">
  <sources>
    <source>D:\Projektai\VintedAssignment\</source>
    <source>C:\</source>
  </sources>
  <packages>
    <package name="VintedAssignment" line-rate="0.740506329113924" branch-rate="0.739130434782609" complexity="56">
      <classes>
        <class name="VintedAssignment.Helpers.FileReaderWrapper" filename="D:\Projektai\VintedAssignment\VintedAssignment\Helpers\FileReaderWrapper.cs" line-rate="0" branch-rate="1" complexity="1">
          <methods>
            <method name="ReadAllLines" signature="(...)" line-rate="0" branch-rate="1" complexity="1">
              <lines>
                <line number="10" hits="0" branch="false" />
                <line number="11" hits="0" branch="false" />
                <line number="12" hits="0" branch="false" />
              </lines>
            </method>
          </methods>
          <lines>
            <line number="10" hits="0" branch="false" />
            <line number="11" hits="0" branch="false" />
            <line number="12" hits="0" branch="false" />
          </lines>
        </class>
        <class name="VintedExercise.Helpers.ShipmentOutputFormatter" filename="D:\Projektai\VintedAssignment\VintedAssignment\Helpers\ShipmentOutputFormatter.cs" line-rate="1" branch-rate="1" complexity="4">
          <methods>
            <method name="FormatShipmentOutput" signature="(...)" line-rate="1" branch-rate="1" complexity="4">
              <lines>
                <line number="9" hits="3" branch="false" />
                <line number="10" hits="3" branch="true" condition-coverage="100% (2/2)" />
                <line number="11" hits="2" branch="false" />
                <line number="12" hits="2" branch="false" />
                <line number="13" hits="2" branch="true" condition-coverage="100% (2/2)" />
                <line number="14" hits="2" branch="false" />
                <line number="17" hits="1" branch="false" />
                <line number="18" hits="1" branch="false" />
                <line number="20" hits="3" branch="false" />
              </lines>
            </method>
          </methods>
          <lines>
            <line number="9" hits="3" branch="false" />
            <line number="10" hits="3" branch="true" condition-coverage="100% (2/2)" />
            <line number="11" hits="2" branch="false" />
            <line number="12" hits="2" branch="false" />
            <line number="13" hits="2" branch="true" condition-coverage="100% (2/2)" />
            <line number="14" hits="2" branch="false" />
            <line number="17" hits="1" branch="false" />
            <line number="18" hits="1" branch="false" />
            <line number="20" hits="3" branch="false" />
          </lines>
        </class>
        <class name="VintedExercise.Helpers.VintedExercise.Helpers.FileParser" filename="D:\Projektai\VintedAssignment\VintedAssignment\Helpers\FileParser.cs" line-rate="0.871794871794872" branch-rate="0.5625" complexity="17">
          <methods>
            <method name="ReadShipments" signature="(...)" line-rate="1" branch-rate="1" complexity="2">
              <lines>
                <line number="22" hits="3" branch="false" />
                <line number="23" hits="3" branch="false" />
                <line number="24" hits="3" branch="false" />
                <line number="26" hits="15" branch="true" condition-coverage="100% (2/2)" />
                <line number="27" hits="3" branch="false" />
                <line number="28" hits="3" branch="false" />
                <line number="29" hits="3" branch="false" />
                <line number="30" hits="3" branch="false" />
                <line number="31" hits="3" branch="false" />
                <line number="33" hits="3" branch="false" />
                <line number="34" hits="3" branch="false" />
              </lines>
            </method>
            <method name="ParseLine" signature="(...)" line-rate="0.782608695652174" branch-rate="0.5" complexity="14">
              <lines>
                <line number="37" hits="3" branch="false" />
                <line number="38" hits="3" branch="true" condition-coverage="100% (2/2)" />
                <line number="39" hits="2" branch="false" />
                <line number="40" hits="2" branch="false" />
                <line number="41" hits="2" branch="false" />
                <line number="42" hits="2" branch="false" />
                <line number="43" hits="2" branch="false" />
                <line number="44" hits="2" branch="false" />
                <line number="45" hits="2" branch="false" />
                <line number="46" hits="2" branch="false" />
                <line number="48" hits="2" branch="true" condition-coverage="42% (5/12)" />
                <line number="49" hits="2" branch="false" />
                <line number="50" hits="1" branch="false" />
                <line number="51" hits="0" branch="false" />
                <line number="52" hits="0" branch="false" />
                <line number="53" hits="1" branch="false" />
                <line number="54" hits="0" branch="false" />
                <line number="55" hits="0" branch="false" />
                <line number="56" hits="0" branch="false" />
                <line number="57" hits="2" branch="false" />
                <line number="59" hits="2" branch="false" />
                <line number="62" hits="1" branch="false" />
                <line number="63" hits="3" branch="false" />
              </lines>
            </method>
            <method name=".ctor" signature="(...)" line-rate="1" branch-rate="1" complexity="1">
              <lines>
                <line number="15" hits="3" branch="false" />
                <line number="16" hits="3" branch="false" />
                <line number="17" hits="3" branch="false" />
                <line number="18" hits="3" branch="false" />
                <line number="19" hits="3" branch="false" />
              </lines>
            </method>
          </methods>
          <lines>
            <line number="15" hits="3" branch="false" />
            <line number="16" hits="3" branch="false" />
            <line number="17" hits="3" branch="false" />
            <line number="18" hits="3" branch="false" />
            <line number="19" hits="3" branch="false" />
            <line number="22" hits="3" branch="false" />
            <line number="23" hits="3" branch="false" />
            <line number="24" hits="3" branch="false" />
            <line number="26" hits="15" branch="true" condition-coverage="100% (2/2)" />
            <line number="27" hits="3" branch="false" />
            <line number="28" hits="3" branch="false" />
            <line number="29" hits="3" branch="false" />
            <line number="30" hits="3" branch="false" />
            <line number="31" hits="3" branch="false" />
            <line number="33" hits="3" branch="false" />
            <line number="34" hits="3" branch="false" />
            <line number="37" hits="3" branch="false" />
            <line number="38" hits="3" branch="true" condition-coverage="100% (2/2)" />
            <line number="39" hits="2" branch="false" />
            <line number="40" hits="2" branch="false" />
            <line number="41" hits="2" branch="false" />
            <line number="42" hits="2" branch="false" />
            <line number="43" hits="2" branch="false" />
            <line number="44" hits="2" branch="false" />
            <line number="45" hits="2" branch="false" />
            <line number="46" hits="2" branch="false" />
            <line number="48" hits="2" branch="true" condition-coverage="42% (5/12)" />
            <line number="49" hits="2" branch="false" />
            <line number="50" hits="1" branch="false" />
            <line number="51" hits="0" branch="false" />
            <line number="52" hits="0" branch="false" />
            <line number="53" hits="1" branch="false" />
            <line number="54" hits="0" branch="false" />
            <line number="55" hits="0" branch="false" />
            <line number="56" hits="0" branch="false" />
            <line number="57" hits="2" branch="false" />
            <line number="59" hits="2" branch="false" />
            <line number="62" hits="1" branch="false" />
            <line number="63" hits="3" branch="false" />
          </lines>
        </class>
        <class name="VintedExercise.Helpers.VintedExercise.Helpers.Validator" filename="D:\Projektai\VintedAssignment\VintedAssignment\Helpers\Validator.cs" line-rate="1" branch-rate="1" complexity="8">
          <methods>
            <method name="IsValid" signature="(...)" line-rate="1" branch-rate="1" complexity="8">
              <lines>
                <line number="11" hits="11" branch="false" />
                <line number="12" hits="11" branch="false" />
                <line number="13" hits="11" branch="false" />
                <line number="14" hits="11" branch="false" />
                <line number="16" hits="11" branch="false" />
                <line number="18" hits="11" branch="true" condition-coverage="100% (2/2)" />
                <line number="19" hits="4" branch="false" />
                <line number="20" hits="4" branch="false" />
                <line number="23" hits="7" branch="true" condition-coverage="100% (2/2)" />
                <line number="24" hits="1" branch="false" />
                <line number="25" hits="1" branch="false" />
                <line number="28" hits="6" branch="true" condition-coverage="100% (2/2)" />
                <line number="29" hits="1" branch="false" />
                <line number="30" hits="1" branch="false" />
                <line number="33" hits="5" branch="true" condition-coverage="100% (2/2)" />
                <line number="34" hits="1" branch="false" />
                <line number="35" hits="1" branch="false" />
                <line number="38" hits="4" branch="false" />
                <line number="39" hits="11" branch="false" />
              </lines>
            </method>
          </methods>
          <lines>
            <line number="11" hits="11" branch="false" />
            <line number="12" hits="11" branch="false" />
            <line number="13" hits="11" branch="false" />
            <line number="14" hits="11" branch="false" />
            <line number="16" hits="11" branch="false" />
            <line number="18" hits="11" branch="true" condition-coverage="100% (2/2)" />
            <line number="19" hits="4" branch="false" />
            <line number="20" hits="4" branch="false" />
            <line number="23" hits="7" branch="true" condition-coverage="100% (2/2)" />
            <line number="24" hits="1" branch="false" />
            <line number="25" hits="1" branch="false" />
            <line number="28" hits="6" branch="true" condition-coverage="100% (2/2)" />
            <line number="29" hits="1" branch="false" />
            <line number="30" hits="1" branch="false" />
            <line number="33" hits="5" branch="true" condition-coverage="100% (2/2)" />
            <line number="34" hits="1" branch="false" />
            <line number="35" hits="1" branch="false" />
            <line number="38" hits="4" branch="false" />
            <line number="39" hits="11" branch="false" />
          </lines>
        </class>
        <class name="VintedExercise.Models.Shipment" filename="D:\Projektai\VintedAssignment\VintedAssignment\Models\Shipment.cs" line-rate="1" branch-rate="1" complexity="7">
          <methods>
            <method name="get_Date" signature="()" line-rate="1" branch-rate="1" complexity="1">
              <lines>
                <line number="6" hits="100" branch="false" />
              </lines>
            </method>
            <method name="get_Size" signature="()" line-rate="1" branch-rate="1" complexity="1">
              <lines>
                <line number="7" hits="62" branch="false" />
              </lines>
            </method>
            <method name="get_Carrier" signature="()" line-rate="1" branch-rate="1" complexity="1">
              <lines>
                <line number="8" hits="33" branch="false" />
              </lines>
            </method>
            <method name="get_FullPrice" signature="()" line-rate="1" branch-rate="1" complexity="1">
              <lines>
                <line number="9" hits="51" branch="false" />
              </lines>
            </method>
            <method name="get_DiscountAmount" signature="()" line-rate="1" branch-rate="1" complexity="1">
              <lines>
                <line number="10" hits="61" branch="false" />
              </lines>
            </method>
            <method name="get_IsValid" signature="()" line-rate="1" branch-rate="1" complexity="1">
              <lines>
                <line number="11" hits="40" branch="false" />
              </lines>
            </method>
            <method name="get_Line" signature="()" line-rate="1" branch-rate="1" complexity="1">
              <lines>
                <line number="12" hits="16" branch="false" />
              </lines>
            </method>
          </methods>
          <lines>
            <line number="6" hits="100" branch="false" />
            <line number="7" hits="62" branch="false" />
            <line number="8" hits="33" branch="false" />
            <line number="9" hits="51" branch="false" />
            <line number="10" hits="61" branch="false" />
            <line number="11" hits="40" branch="false" />
            <line number="12" hits="16" branch="false" />
          </lines>
        </class>
        <class name="VintedExercise.Program" filename="D:\Projektai\VintedAssignment\VintedAssignment\Program.cs" line-rate="0" branch-rate="0" complexity="4">
          <methods>
            <method name="Main" signature="(...)" line-rate="0" branch-rate="0" complexity="4">
              <lines>
                <line number="14" hits="0" branch="false" />
                <line number="16" hits="0" branch="false" />
                <line number="17" hits="0" branch="true" condition-coverage="0% (0/2)" />
                <line number="19" hits="0" branch="false" />
                <line number="20" hits="0" branch="false" />
                <line number="21" hits="0" branch="false" />
                <line number="22" hits="0" branch="false" />
                <line number="25" hits="0" branch="false" />
                <line number="26" hits="0" branch="false" />
                <line number="27" hits="0" branch="false" />
                <line number="28" hits="0" branch="false" />
                <line number="29" hits="0" branch="false" />
                <line number="30" hits="0" branch="false" />
                <line number="32" hits="0" branch="false" />
                <line number="33" hits="0" branch="false" />
                <line number="35" hits="0" branch="true" condition-coverage="0% (0/2)" />
                <line number="36" hits="0" branch="false" />
                <line number="37" hits="0" branch="false" />
                <line number="38" hits="0" branch="false" />
                <line number="39" hits="0" branch="false" />
                <line number="40" hits="0" branch="false" />
                <line number="41" hits="0" branch="false" />
                <line number="42" hits="0" branch="false" />
                <line number="43" hits="0" branch="false" />
                <line number="44" hits="0" branch="false" />
                <line number="45" hits="0" branch="false" />
                <line number="46" hits="0" branch="false" />
                <line number="47" hits="0" branch="false" />
                <line number="48" hits="0" branch="false" />
                <line number="49" hits="0" branch="false" />
                <line number="50" hits="0" branch="false" />
                <line number="51" hits="0" branch="false" />
                <line number="52" hits="0" branch="false" />
              </lines>
            </method>
          </methods>
          <lines>
            <line number="14" hits="0" branch="false" />
            <line number="16" hits="0" branch="false" />
            <line number="17" hits="0" branch="true" condition-coverage="0% (0/2)" />
            <line number="19" hits="0" branch="false" />
            <line number="20" hits="0" branch="false" />
            <line number="21" hits="0" branch="false" />
            <line number="22" hits="0" branch="false" />
            <line number="25" hits="0" branch="false" />
            <line number="26" hits="0" branch="false" />
            <line number="27" hits="0" branch="false" />
            <line number="28" hits="0" branch="false" />
            <line number="29" hits="0" branch="false" />
            <line number="30" hits="0" branch="false" />
            <line number="32" hits="0" branch="false" />
            <line number="33" hits="0" branch="false" />
            <line number="35" hits="0" branch="true" condition-coverage="0% (0/2)" />
            <line number="36" hits="0" branch="false" />
            <line number="37" hits="0" branch="false" />
            <line number="38" hits="0" branch="false" />
            <line number="39" hits="0" branch="false" />
            <line number="40" hits="0" branch="false" />
            <line number="41" hits="0" branch="false" />
            <line number="42" hits="0" branch="false" />
            <line number="43" hits="0" branch="false" />
            <line number="44" hits="0" branch="false" />
            <line number="45" hits="0" branch="false" />
            <line number="46" hits="0" branch="false" />
            <line number="47" hits="0" branch="false" />
            <line number="48" hits="0" branch="false" />
            <line number="49" hits="0" branch="false" />
            <line number="50" hits="0" branch="false" />
            <line number="51" hits="0" branch="false" />
            <line number="52" hits="0" branch="false" />
          </lines>
        </class>
        <class name="VintedExercise.Services.DiscountService" filename="D:\Projektai\VintedAssignment\VintedAssignment\Services\DiscountService.cs" line-rate="1" branch-rate="1" complexity="3">
          <methods>
            <method name="ApplyDiscounts" signature="(...)" line-rate="1" branch-rate="1" complexity="2">
              <lines>
                <line number="17" hits="2" branch="false" />
                <line number="18" hits="4" branch="false" />
                <line number="19" hits="10" branch="true" condition-coverage="100% (2/2)" />
                <line number="20" hits="2" branch="false" />
                <line number="21" hits="2" branch="false" />
                <line number="22" hits="2" branch="false" />
                <line number="23" hits="2" branch="false" />
                <line number="24" hits="2" branch="false" />
              </lines>
            </method>
            <method name=".ctor" signature="(...)" line-rate="1" branch-rate="1" complexity="1">
              <lines>
                <line number="11" hits="2" branch="false" />
                <line number="12" hits="2" branch="false" />
                <line number="13" hits="2" branch="false" />
                <line number="14" hits="2" branch="false" />
              </lines>
            </method>
          </methods>
          <lines>
            <line number="11" hits="2" branch="false" />
            <line number="12" hits="2" branch="false" />
            <line number="13" hits="2" branch="false" />
            <line number="14" hits="2" branch="false" />
            <line number="17" hits="2" branch="false" />
            <line number="18" hits="4" branch="false" />
            <line number="19" hits="10" branch="true" condition-coverage="100% (2/2)" />
            <line number="20" hits="2" branch="false" />
            <line number="21" hits="2" branch="false" />
            <line number="22" hits="2" branch="false" />
            <line number="23" hits="2" branch="false" />
            <line number="24" hits="2" branch="false" />
          </lines>
        </class>
        <class name="VintedExercise.Services.Rules.LowestSPackagePriceRule" filename="D:\Projektai\VintedAssignment\VintedAssignment\Services\Rules\LowestSPackagePriceRule.cs" line-rate="1" branch-rate="1" complexity="6">
          <methods>
            <method name="Apply" signature="(...)" line-rate="1" branch-rate="1" complexity="6">
              <lines>
                <line number="10" hits="2" branch="false" />
                <line number="11" hits="2" branch="false" />
                <line number="12" hits="8" branch="false" />
                <line number="13" hits="9" branch="false" />
                <line number="16" hits="2" branch="false" />
                <line number="17" hits="10" branch="false" />
                <line number="19" hits="12" branch="true" condition-coverage="100% (2/2)" />
                <line number="20" hits="3" branch="false" />
                <line number="21" hits="11" branch="false" />
                <line number="26" hits="11" branch="false" />
                <line number="28" hits="22" branch="true" condition-coverage="100% (2/2)" />
                <line number="29" hits="7" branch="false" />
                <line number="31" hits="7" branch="false" />
                <line number="33" hits="7" branch="false" />
                <line number="34" hits="7" branch="false" />
                <line number="36" hits="7" branch="true" condition-coverage="100% (2/2)" />
                <line number="37" hits="1" branch="false" />
                <line number="38" hits="6" branch="false" />
                <line number="39" hits="3" branch="false" />
                <line number="40" hits="2" branch="false" />
              </lines>
            </method>
          </methods>
          <lines>
            <line number="10" hits="2" branch="false" />
            <line number="11" hits="2" branch="false" />
            <line number="12" hits="8" branch="false" />
            <line number="13" hits="9" branch="false" />
            <line number="16" hits="2" branch="false" />
            <line number="17" hits="10" branch="false" />
            <line number="19" hits="12" branch="true" condition-coverage="100% (2/2)" />
            <line number="20" hits="3" branch="false" />
            <line number="21" hits="11" branch="false" />
            <line number="26" hits="11" branch="false" />
            <line number="28" hits="22" branch="true" condition-coverage="100% (2/2)" />
            <line number="29" hits="7" branch="false" />
            <line number="31" hits="7" branch="false" />
            <line number="33" hits="7" branch="false" />
            <line number="34" hits="7" branch="false" />
            <line number="36" hits="7" branch="true" condition-coverage="100% (2/2)" />
            <line number="37" hits="1" branch="false" />
            <line number="38" hits="6" branch="false" />
            <line number="39" hits="3" branch="false" />
            <line number="40" hits="2" branch="false" />
          </lines>
        </class>
        <class name="VintedExercise.Services.Rules.ThirdLShipmentFreeRule" filename="D:\Projektai\VintedAssignment\VintedAssignment\Services\Rules\ThirdLShipmentFreeRule.cs" line-rate="1" branch-rate="0.833333333333333" complexity="6">
          <methods>
            <method name="Apply" signature="(...)" line-rate="1" branch-rate="0.833333333333333" complexity="6">
              <lines>
                <line number="10" hits="3" branch="false" />
                <line number="12" hits="3" branch="false" />
                <line number="13" hits="11" branch="false" />
                <line number="15" hits="15" branch="true" condition-coverage="100% (2/2)" />
                <line number="16" hits="3" branch="false" />
                <line number="17" hits="3" branch="false" />
                <line number="18" hits="8" branch="true" condition-coverage="50% (1/2)" />
                <line number="19" hits="8" branch="false" />
                <line number="20" hits="3" branch="false" />
                <line number="22" hits="3" branch="true" condition-coverage="100% (2/2)" />
                <line number="23" hits="1" branch="false" />
                <line number="25" hits="2" branch="false" />
                <line number="30" hits="8" branch="false" />
                <line number="32" hits="2" branch="false" />
                <line number="33" hits="2" branch="false" />
                <line number="34" hits="3" branch="false" />
              </lines>
            </method>
          </methods>
          <lines>
            <line number="10" hits="3" branch="false" />
            <line number="12" hits="3" branch="false" />
            <line number="13" hits="11" branch="false" />
            <line number="15" hits="15" branch="true" condition-coverage="100% (2/2)" />
            <line number="16" hits="3" branch="false" />
            <line number="17" hits="3" branch="false" />
            <line number="18" hits="8" branch="true" condition-coverage="50% (1/2)" />
            <line number="19" hits="8" branch="false" />
            <line number="20" hits="3" branch="false" />
            <line number="22" hits="3" branch="true" condition-coverage="100% (2/2)" />
            <line number="23" hits="1" branch="false" />
            <line number="25" hits="2" branch="false" />
            <line number="30" hits="8" branch="false" />
            <line number="32" hits="2" branch="false" />
            <line number="33" hits="2" branch="false" />
            <line number="34" hits="3" branch="false" />
          </lines>
        </class>
      </classes>
    </package>
    <package name="VintedAssignment.UnitTests" line-rate="0.964968152866242" branch-rate="0.861111111111111" complexity="50">
      <classes>
        <class name="AutoGeneratedProgram" filename="C:\Users\User\.nuget\packages\microsoft.net.test.sdk\17.5.0\build\netcoreapp3.1\Microsoft.NET.Test.Sdk.Program.cs" line-rate="0" branch-rate="1" complexity="1">
          <methods>
            <method name="Main" signature="(...)" line-rate="0" branch-rate="1" complexity="1">
              <lines>
                <line number="4" hits="0" branch="false" />
              </lines>
            </method>
          </methods>
          <lines>
            <line number="4" hits="0" branch="false" />
          </lines>
        </class>
        <class name="VintedAssignment.Tests.VintedExercise.Tests.ThirdLShipmentFreeRuleTests" filename="D:\Projektai\VintedAssignment\VintedAssignment.UnitTests\Services\Rules\ThirdLShipmentFreeRuleTests.cs" line-rate="0.911764705882353" branch-rate="0.714285714285714" complexity="15">
          <methods>
            <method name="SetUp" signature="()" line-rate="1" branch-rate="1" complexity="1">
              <lines>
                <line number="15" hits="3" branch="false" />
                <line number="16" hits="3" branch="false" />
                <line number="17" hits="3" branch="false" />
              </lines>
            </method>
            <method name="Apply_ShouldApplyDiscountForThirdLShipment" signature="()" line-rate="0.884615384615385" branch-rate="0.666666666666667" complexity="6">
              <lines>
                <line number="21" hits="1" branch="false" />
                <line number="23" hits="1" branch="false" />
                <line number="24" hits="1" branch="false" />
                <line number="25" hits="1" branch="false" />
                <line number="26" hits="1" branch="false" />
                <line number="27" hits="1" branch="false" />
                <line number="28" hits="1" branch="false" />
                <line number="30" hits="1" branch="false" />
                <line number="31" hits="1" branch="false" />
                <line number="32" hits="1" branch="false" />
                <line number="33" hits="1" branch="false" />
                <line number="34" hits="1" branch="false" />
                <line number="35" hits="1" branch="false" />
                <line number="38" hits="1" branch="false" />
                <line number="41" hits="9" branch="true" condition-coverage="100% (2/2)" />
                <line number="42" hits="3" branch="false" />
                <line number="43" hits="3" branch="true" condition-coverage="50% (2/4)" />
                <line number="44" hits="3" branch="false" />
                <line number="45" hits="3" branch="false" />
                <line number="46" hits="3" branch="false" />
                <line number="47" hits="3" branch="false" />
                <line number="49" hits="0" branch="false" />
                <line number="50" hits="0" branch="false" />
                <line number="51" hits="0" branch="false" />
                <line number="52" hits="3" branch="false" />
                <line number="53" hits="1" branch="false" />
              </lines>
            </method>
            <method name="Apply_WhenLessThanThreeLShipments_ShouldNotApplyDiscount" signature="()" line-rate="1" branch-rate="1" complexity="2">
              <lines>
                <line number="57" hits="1" branch="false" />
                <line number="59" hits="1" branch="false" />
                <line number="60" hits="1" branch="false" />
                <line number="61" hits="1" branch="false" />
                <line number="62" hits="1" branch="false" />
                <line number="63" hits="1" branch="false" />
                <line number="66" hits="1" branch="false" />
                <line number="69" hits="7" branch="true" condition-coverage="100% (2/2)" />
                <line number="70" hits="2" branch="false" />
                <line number="71" hits="2" branch="false" />
                <line number="72" hits="2" branch="false" />
                <line number="73" hits="1" branch="false" />
              </lines>
            </method>
            <method name="Apply_WhenExceedsMonthlyDiscountLimit_ShouldBeLimitedByCap" signature="()" line-rate="0.888888888888889" branch-rate="0.666666666666667" complexity="6">
              <lines>
                <line number="77" hits="1" branch="false" />
                <line number="79" hits="1" branch="false" />
                <line number="80" hits="1" branch="false" />
                <line number="81" hits="1" branch="false" />
                <line number="82" hits="1" branch="false" />
                <line number="83" hits="1" branch="false" />
                <line number="84" hits="1" branch="false" />
                <line number="86" hits="1" branch="false" />
                <line number="87" hits="1" branch="false" />
                <line number="88" hits="1" branch="false" />
                <line number="89" hits="1" branch="false" />
                <line number="90" hits="1" branch="false" />
                <line number="91" hits="1" branch="false" />
                <line number="92" hits="1" branch="false" />
                <line number="95" hits="1" branch="false" />
                <line number="98" hits="9" branch="true" condition-coverage="100% (2/2)" />
                <line number="99" hits="3" branch="false" />
                <line number="100" hits="3" branch="true" condition-coverage="50% (2/4)" />
                <line number="101" hits="3" branch="false" />
                <line number="102" hits="3" branch="false" />
                <line number="103" hits="3" branch="false" />
                <line number="104" hits="3" branch="false" />
                <line number="106" hits="0" branch="false" />
                <line number="107" hits="0" branch="false" />
                <line number="108" hits="0" branch="false" />
                <line number="109" hits="3" branch="false" />
                <line number="110" hits="1" branch="false" />
              </lines>
            </method>
          </methods>
          <lines>
            <line number="15" hits="3" branch="false" />
            <line number="16" hits="3" branch="false" />
            <line number="17" hits="3" branch="false" />
            <line number="21" hits="1" branch="false" />
            <line number="23" hits="1" branch="false" />
            <line number="24" hits="1" branch="false" />
            <line number="25" hits="1" branch="false" />
            <line number="26" hits="1" branch="false" />
            <line number="27" hits="1" branch="false" />
            <line number="28" hits="1" branch="false" />
            <line number="30" hits="1" branch="false" />
            <line number="31" hits="1" branch="false" />
            <line number="32" hits="1" branch="false" />
            <line number="33" hits="1" branch="false" />
            <line number="34" hits="1" branch="false" />
            <line number="35" hits="1" branch="false" />
            <line number="38" hits="1" branch="false" />
            <line number="41" hits="9" branch="true" condition-coverage="100% (2/2)" />
            <line number="42" hits="3" branch="false" />
            <line number="43" hits="3" branch="true" condition-coverage="50% (2/4)" />
            <line number="44" hits="3" branch="false" />
            <line number="45" hits="3" branch="false" />
            <line number="46" hits="3" branch="false" />
            <line number="47" hits="3" branch="false" />
            <line number="49" hits="0" branch="false" />
            <line number="50" hits="0" branch="false" />
            <line number="51" hits="0" branch="false" />
            <line number="52" hits="3" branch="false" />
            <line number="53" hits="1" branch="false" />
            <line number="57" hits="1" branch="false" />
            <line number="59" hits="1" branch="false" />
            <line number="60" hits="1" branch="false" />
            <line number="61" hits="1" branch="false" />
            <line number="62" hits="1" branch="false" />
            <line number="63" hits="1" branch="false" />
            <line number="66" hits="1" branch="false" />
            <line number="69" hits="7" branch="true" condition-coverage="100% (2/2)" />
            <line number="70" hits="2" branch="false" />
            <line number="71" hits="2" branch="false" />
            <line number="72" hits="2" branch="false" />
            <line number="73" hits="1" branch="false" />
            <line number="77" hits="1" branch="false" />
            <line number="79" hits="1" branch="false" />
            <line number="80" hits="1" branch="false" />
            <line number="81" hits="1" branch="false" />
            <line number="82" hits="1" branch="false" />
            <line number="83" hits="1" branch="false" />
            <line number="84" hits="1" branch="false" />
            <line number="86" hits="1" branch="false" />
            <line number="87" hits="1" branch="false" />
            <line number="88" hits="1" branch="false" />
            <line number="89" hits="1" branch="false" />
            <line number="90" hits="1" branch="false" />
            <line number="91" hits="1" branch="false" />
            <line number="92" hits="1" branch="false" />
            <line number="95" hits="1" branch="false" />
            <line number="98" hits="9" branch="true" condition-coverage="100% (2/2)" />
            <line number="99" hits="3" branch="false" />
            <line number="100" hits="3" branch="true" condition-coverage="50% (2/4)" />
            <line number="101" hits="3" branch="false" />
            <line number="102" hits="3" branch="false" />
            <line number="103" hits="3" branch="false" />
            <line number="104" hits="3" branch="false" />
            <line number="106" hits="0" branch="false" />
            <line number="107" hits="0" branch="false" />
            <line number="108" hits="0" branch="false" />
            <line number="109" hits="3" branch="false" />
            <line number="110" hits="1" branch="false" />
          </lines>
        </class>
        <class name="VintedAssignment.UnitTests.Helpers.FileParserTests" filename="D:\Projektai\VintedAssignment\VintedAssignment.UnitTests\Helpers\FileParserTests.cs" line-rate="0.944444444444444" branch-rate="0.875" complexity="11">
          <methods>
            <method name="SetUp" signature="()" line-rate="1" branch-rate="1" complexity="1">
              <lines>
                <line number="19" hits="3" branch="false" />
                <line number="20" hits="3" branch="false" />
                <line number="21" hits="3" branch="false" />
                <line number="22" hits="3" branch="false" />
                <line number="23" hits="3" branch="false" />
              </lines>
            </method>
            <method name="ReadShipments_WhenValidLines_ShouldReturnValidShipments" signature="()" line-rate="0.918367346938776" branch-rate="0.875" complexity="8">
              <lines>
                <line number="27" hits="1" branch="false" />
                <line number="29" hits="1" branch="false" />
                <line number="30" hits="1" branch="false" />
                <line number="31" hits="1" branch="false" />
                <line number="32" hits="1" branch="false" />
                <line number="33" hits="1" branch="false" />
                <line number="35" hits="1" branch="false" />
                <line number="36" hits="1" branch="false" />
                <line number="37" hits="1" branch="false" />
                <line number="38" hits="1" branch="false" />
                <line number="39" hits="1" branch="false" />
                <line number="40" hits="1" branch="false" />
                <line number="41" hits="1" branch="false" />
                <line number="42" hits="1" branch="false" />
                <line number="43" hits="1" branch="false" />
                <line number="44" hits="2" branch="false" />
                <line number="45" hits="2" branch="true" condition-coverage="75% (3/4)" />
                <line number="46" hits="1" branch="false" />
                <line number="47" hits="1" branch="false" />
                <line number="48" hits="1" branch="false" />
                <line number="49" hits="1" branch="false" />
                <line number="50" hits="1" branch="false" />
                <line number="51" hits="1" branch="false" />
                <line number="52" hits="1" branch="false" />
                <line number="53" hits="1" branch="false" />
                <line number="54" hits="1" branch="false" />
                <line number="55" hits="1" branch="false" />
                <line number="56" hits="1" branch="false" />
                <line number="57" hits="1" branch="false" />
                <line number="58" hits="0" branch="false" />
                <line number="59" hits="0" branch="false" />
                <line number="60" hits="0" branch="false" />
                <line number="61" hits="0" branch="false" />
                <line number="62" hits="1" branch="false" />
                <line number="63" hits="3" branch="false" />
                <line number="66" hits="1" branch="false" />
                <line number="69" hits="1" branch="false" />
                <line number="70" hits="6" branch="true" condition-coverage="100% (2/2)" />
                <line number="71" hits="2" branch="false" />
                <line number="72" hits="2" branch="true" condition-coverage="100% (2/2)" />
                <line number="73" hits="2" branch="false" />
                <line number="74" hits="2" branch="false" />
                <line number="75" hits="2" branch="false" />
                <line number="76" hits="2" branch="false" />
                <line number="77" hits="2" branch="false" />
                <line number="78" hits="2" branch="false" />
                <line number="79" hits="2" branch="false" />
                <line number="80" hits="2" branch="false" />
                <line number="81" hits="1" branch="false" />
              </lines>
            </method>
            <method name="ReadShipments_WhenEmptyLine_ShouldReturnEmptyList" signature="()" line-rate="1" branch-rate="1" complexity="1">
              <lines>
                <line number="85" hits="1" branch="false" />
                <line number="87" hits="1" branch="false" />
                <line number="88" hits="1" branch="false" />
                <line number="89" hits="1" branch="false" />
                <line number="90" hits="1" branch="false" />
                <line number="93" hits="1" branch="false" />
                <line number="96" hits="1" branch="false" />
                <line number="97" hits="1" branch="false" />
              </lines>
            </method>
            <method name="ReadShipments_WhenInvalidLines_ShouldReturnsInvalidShipments" signature="()" line-rate="1" branch-rate="1" complexity="1">
              <lines>
                <line number="103" hits="1" branch="false" />
                <line number="105" hits="1" branch="false" />
                <line number="106" hits="1" branch="false" />
                <line number="108" hits="1" branch="false" />
                <line number="109" hits="1" branch="false" />
                <line number="110" hits="1" branch="false" />
                <line number="113" hits="1" branch="false" />
                <line number="116" hits="1" branch="false" />
                <line number="117" hits="1" branch="false" />
                <line number="118" hits="1" branch="false" />
              </lines>
            </method>
          </methods>
          <lines>
            <line number="19" hits="3" branch="false" />
            <line number="20" hits="3" branch="false" />
            <line number="21" hits="3" branch="false" />
            <line number="22" hits="3" branch="false" />
            <line number="23" hits="3" branch="false" />
            <line number="27" hits="1" branch="false" />
            <line number="29" hits="1" branch="false" />
            <line number="30" hits="1" branch="false" />
            <line number="31" hits="1" branch="false" />
            <line number="32" hits="1" branch="false" />
            <line number="33" hits="1" branch="false" />
            <line number="35" hits="1" branch="false" />
            <line number="36" hits="1" branch="false" />
            <line number="37" hits="1" branch="false" />
            <line number="38" hits="1" branch="false" />
            <line number="39" hits="1" branch="false" />
            <line number="40" hits="1" branch="false" />
            <line number="41" hits="1" branch="false" />
            <line number="42" hits="1" branch="false" />
            <line number="43" hits="1" branch="false" />
            <line number="44" hits="2" branch="false" />
            <line number="45" hits="2" branch="true" condition-coverage="75% (3/4)" />
            <line number="46" hits="1" branch="false" />
            <line number="47" hits="1" branch="false" />
            <line number="48" hits="1" branch="false" />
            <line number="49" hits="1" branch="false" />
            <line number="50" hits="1" branch="false" />
            <line number="51" hits="1" branch="false" />
            <line number="52" hits="1" branch="false" />
            <line number="53" hits="1" branch="false" />
            <line number="54" hits="1" branch="false" />
            <line number="55" hits="1" branch="false" />
            <line number="56" hits="1" branch="false" />
            <line number="57" hits="1" branch="false" />
            <line number="58" hits="0" branch="false" />
            <line number="59" hits="0" branch="false" />
            <line number="60" hits="0" branch="false" />
            <line number="61" hits="0" branch="false" />
            <line number="62" hits="1" branch="false" />
            <line number="63" hits="3" branch="false" />
            <line number="66" hits="1" branch="false" />
            <line number="69" hits="1" branch="false" />
            <line number="70" hits="6" branch="true" condition-coverage="100% (2/2)" />
            <line number="71" hits="2" branch="false" />
            <line number="72" hits="2" branch="true" condition-coverage="100% (2/2)" />
            <line number="73" hits="2" branch="false" />
            <line number="74" hits="2" branch="false" />
            <line number="75" hits="2" branch="false" />
            <line number="76" hits="2" branch="false" />
            <line number="77" hits="2" branch="false" />
            <line number="78" hits="2" branch="false" />
            <line number="79" hits="2" branch="false" />
            <line number="80" hits="2" branch="false" />
            <line number="81" hits="1" branch="false" />
            <line number="85" hits="1" branch="false" />
            <line number="87" hits="1" branch="false" />
            <line number="88" hits="1" branch="false" />
            <line number="89" hits="1" branch="false" />
            <line number="90" hits="1" branch="false" />
            <line number="93" hits="1" branch="false" />
            <line number="96" hits="1" branch="false" />
            <line number="97" hits="1" branch="false" />
            <line number="103" hits="1" branch="false" />
            <line number="105" hits="1" branch="false" />
            <line number="106" hits="1" branch="false" />
            <line number="108" hits="1" branch="false" />
            <line number="109" hits="1" branch="false" />
            <line number="110" hits="1" branch="false" />
            <line number="113" hits="1" branch="false" />
            <line number="116" hits="1" branch="false" />
            <line number="117" hits="1" branch="false" />
            <line number="118" hits="1" branch="false" />
          </lines>
        </class>
        <class name="VintedAssignment.UnitTests.Helpers.ShipmentOutputFormatterTests" filename="D:\Projektai\VintedAssignment\VintedAssignment.UnitTests\Helpers\ShipmentOutputFormatterTests.cs" line-rate="1" branch-rate="1" complexity="4">
          <methods>
            <method name="SetUp" signature="()" line-rate="1" branch-rate="1" complexity="1">
              <lines>
                <line number="16" hits="3" branch="false" />
                <line number="17" hits="3" branch="false" />
                <line number="18" hits="3" branch="false" />
                <line number="19" hits="3" branch="false" />
              </lines>
            </method>
            <method name="FormatShipmentOutput_WhenValidShipment_ShouldReturnFormattedString" signature="()" line-rate="1" branch-rate="1" complexity="1">
              <lines>
                <line number="23" hits="1" branch="false" />
                <line number="25" hits="1" branch="false" />
                <line number="26" hits="1" branch="false" />
                <line number="27" hits="1" branch="false" />
                <line number="28" hits="1" branch="false" />
                <line number="29" hits="1" branch="false" />
                <line number="30" hits="1" branch="false" />
                <line number="31" hits="1" branch="false" />
                <line number="32" hits="1" branch="false" />
                <line number="33" hits="1" branch="false" />
                <line number="34" hits="1" branch="false" />
                <line number="35" hits="1" branch="false" />
                <line number="36" hits="1" branch="false" />
                <line number="37" hits="1" branch="false" />
                <line number="40" hits="1" branch="false" />
                <line number="43" hits="1" branch="false" />
                <line number="44" hits="1" branch="false" />
              </lines>
            </method>
            <method name="FormatShipmentOutput_WhenValidShipmentAndNoDiscount_ShouldReturnFormattedString" signature="()" line-rate="1" branch-rate="1" complexity="1">
              <lines>
                <line number="48" hits="1" branch="false" />
                <line number="50" hits="1" branch="false" />
                <line number="51" hits="1" branch="false" />
                <line number="52" hits="1" branch="false" />
                <line number="53" hits="1" branch="false" />
                <line number="54" hits="1" branch="false" />
                <line number="55" hits="1" branch="false" />
                <line number="56" hits="1" branch="false" />
                <line number="57" hits="1" branch="false" />
                <line number="58" hits="1" branch="false" />
                <line number="59" hits="1" branch="false" />
                <line number="60" hits="1" branch="false" />
                <line number="63" hits="1" branch="false" />
                <line number="66" hits="1" branch="false" />
                <line number="67" hits="1" branch="false" />
              </lines>
            </method>
            <method name="FormatShipmentOutput_WhenInvalidShipment_ShouldReturnIgnoredString" signature="()" line-rate="1" branch-rate="1" complexity="1">
              <lines>
                <line number="71" hits="1" branch="false" />
                <line number="73" hits="1" branch="false" />
                <line number="74" hits="1" branch="false" />
                <line number="75" hits="1" branch="false" />
                <line number="76" hits="1" branch="false" />
                <line number="77" hits="1" branch="false" />
                <line number="78" hits="1" branch="false" />
                <line number="79" hits="1" branch="false" />
                <line number="80" hits="1" branch="false" />
                <line number="81" hits="1" branch="false" />
                <line number="82" hits="1" branch="false" />
                <line number="83" hits="1" branch="false" />
                <line number="86" hits="1" branch="false" />
                <line number="89" hits="1" branch="false" />
                <line number="90" hits="1" branch="false" />
              </lines>
            </method>
          </methods>
          <lines>
            <line number="16" hits="3" branch="false" />
            <line number="17" hits="3" branch="false" />
            <line number="18" hits="3" branch="false" />
            <line number="19" hits="3" branch="false" />
            <line number="23" hits="1" branch="false" />
            <line number="25" hits="1" branch="false" />
            <line number="26" hits="1" branch="false" />
            <line number="27" hits="1" branch="false" />
            <line number="28" hits="1" branch="false" />
            <line number="29" hits="1" branch="false" />
            <line number="30" hits="1" branch="false" />
            <line number="31" hits="1" branch="false" />
            <line number="32" hits="1" branch="false" />
            <line number="33" hits="1" branch="false" />
            <line number="34" hits="1" branch="false" />
            <line number="35" hits="1" branch="false" />
            <line number="36" hits="1" branch="false" />
            <line number="37" hits="1" branch="false" />
            <line number="40" hits="1" branch="false" />
            <line number="43" hits="1" branch="false" />
            <line number="44" hits="1" branch="false" />
            <line number="48" hits="1" branch="false" />
            <line number="50" hits="1" branch="false" />
            <line number="51" hits="1" branch="false" />
            <line number="52" hits="1" branch="false" />
            <line number="53" hits="1" branch="false" />
            <line number="54" hits="1" branch="false" />
            <line number="55" hits="1" branch="false" />
            <line number="56" hits="1" branch="false" />
            <line number="57" hits="1" branch="false" />
            <line number="58" hits="1" branch="false" />
            <line number="59" hits="1" branch="false" />
            <line number="60" hits="1" branch="false" />
            <line number="63" hits="1" branch="false" />
            <line number="66" hits="1" branch="false" />
            <line number="67" hits="1" branch="false" />
            <line number="71" hits="1" branch="false" />
            <line number="73" hits="1" branch="false" />
            <line number="74" hits="1" branch="false" />
            <line number="75" hits="1" branch="false" />
            <line number="76" hits="1" branch="false" />
            <line number="77" hits="1" branch="false" />
            <line number="78" hits="1" branch="false" />
            <line number="79" hits="1" branch="false" />
            <line number="80" hits="1" branch="false" />
            <line number="81" hits="1" branch="false" />
            <line number="82" hits="1" branch="false" />
            <line number="83" hits="1" branch="false" />
            <line number="86" hits="1" branch="false" />
            <line number="89" hits="1" branch="false" />
            <line number="90" hits="1" branch="false" />
          </lines>
        </class>
        <class name="VintedAssignment.UnitTests.Helpers.ValidatorTests" filename="D:\Projektai\VintedAssignment\VintedAssignment.UnitTests\Helpers\ValidatorTests.cs" line-rate="1" branch-rate="1" complexity="4">
          <methods>
            <method name="SetUp" signature="()" line-rate="1" branch-rate="1" complexity="1">
              <lines>
                <line number="14" hits="11" branch="false" />
                <line number="15" hits="11" branch="false" />
                <line number="16" hits="11" branch="false" />
              </lines>
            </method>
            <method name="IsValid_WHenValidLines_ShouldReturnTrue" signature="(...)" line-rate="1" branch-rate="1" complexity="2">
              <lines>
                <line number="23" hits="4" branch="false" />
                <line number="25" hits="4" branch="false" />
                <line number="28" hits="4" branch="false" />
                <line number="29" hits="4" branch="true" condition-coverage="100% (2/2)" />
                <line number="30" hits="4" branch="false" />
                <line number="31" hits="4" branch="false" />
                <line number="32" hits="4" branch="false" />
                <line number="33" hits="4" branch="false" />
                <line number="34" hits="4" branch="false" />
                <line number="35" hits="4" branch="false" />
                <line number="36" hits="4" branch="false" />
                <line number="37" hits="4" branch="false" />
              </lines>
            </method>
            <method name="IsValid_WHenInvalidLines_ShouldReturnFalse" signature="(...)" line-rate="1" branch-rate="1" complexity="1">
              <lines>
                <line number="47" hits="7" branch="false" />
                <line number="49" hits="7" branch="false" />
                <line number="52" hits="7" branch="false" />
                <line number="53" hits="7" branch="false" />
              </lines>
            </method>
          </methods>
          <lines>
            <line number="14" hits="11" branch="false" />
            <line number="15" hits="11" branch="false" />
            <line number="16" hits="11" branch="false" />
            <line number="23" hits="4" branch="false" />
            <line number="25" hits="4" branch="false" />
            <line number="28" hits="4" branch="false" />
            <line number="29" hits="4" branch="true" condition-coverage="100% (2/2)" />
            <line number="30" hits="4" branch="false" />
            <line number="31" hits="4" branch="false" />
            <line number="32" hits="4" branch="false" />
            <line number="33" hits="4" branch="false" />
            <line number="34" hits="4" branch="false" />
            <line number="35" hits="4" branch="false" />
            <line number="36" hits="4" branch="false" />
            <line number="37" hits="4" branch="false" />
            <line number="47" hits="7" branch="false" />
            <line number="49" hits="7" branch="false" />
            <line number="52" hits="7" branch="false" />
            <line number="53" hits="7" branch="false" />
          </lines>
        </class>
        <class name="VintedAssignment.UnitTests.Services.DiscountServiceTests" filename="D:\Projektai\VintedAssignment\VintedAssignment.UnitTests\Services\DiscountServiceTests.cs" line-rate="1" branch-rate="1" complexity="6">
          <methods>
            <method name="SetUp" signature="()" line-rate="1" branch-rate="1" complexity="1">
              <lines>
                <line number="16" hits="2" branch="false" />
                <line number="17" hits="2" branch="false" />
                <line number="18" hits="2" branch="false" />
                <line number="19" hits="2" branch="false" />
              </lines>
            </method>
            <method name="ApplyDiscounts_WhenValidShipments_ShouldApplyDiscount" signature="()" line-rate="1" branch-rate="1" complexity="4">
              <lines>
                <line number="23" hits="1" branch="false" />
                <line number="25" hits="1" branch="false" />
                <line number="26" hits="1" branch="false" />
                <line number="27" hits="1" branch="false" />
                <line number="28" hits="1" branch="false" />
                <line number="29" hits="1" branch="false" />
                <line number="31" hits="1" branch="false" />
                <line number="32" hits="1" branch="false" />
                <line number="33" hits="1" branch="false" />
                <line number="34" hits="7" branch="true" condition-coverage="100% (2/2)" />
                <line number="35" hits="2" branch="false" />
                <line number="36" hits="2" branch="false" />
                <line number="37" hits="2" branch="false" />
                <line number="38" hits="2" branch="false" />
                <line number="40" hits="1" branch="false" />
                <line number="41" hits="2" branch="false" />
                <line number="42" hits="2" branch="false" />
                <line number="43" hits="2" branch="false" />
                <line number="44" hits="3" branch="false" />
                <line number="47" hits="1" branch="false" />
                <line number="50" hits="1" branch="false" />
                <line number="51" hits="6" branch="true" condition-coverage="100% (2/2)" />
                <line number="52" hits="2" branch="false" />
                <line number="53" hits="2" branch="false" />
                <line number="54" hits="2" branch="false" />
                <line number="56" hits="1" branch="false" />
                <line number="57" hits="1" branch="false" />
              </lines>
            </method>
            <method name="ApplyDiscounts_WhenInvalidShipment_ShouldNotApplyDiscount" signature="()" line-rate="1" branch-rate="1" complexity="1">
              <lines>
                <line number="61" hits="1" branch="false" />
                <line number="63" hits="1" branch="false" />
                <line number="64" hits="1" branch="false" />
                <line number="65" hits="1" branch="false" />
                <line number="66" hits="1" branch="false" />
                <line number="67" hits="1" branch="false" />
                <line number="69" hits="1" branch="false" />
                <line number="71" hits="1" branch="false" />
                <line number="72" hits="1" branch="false" />
                <line number="75" hits="1" branch="false" />
                <line number="78" hits="1" branch="false" />
                <line number="79" hits="1" branch="false" />
                <line number="80" hits="1" branch="false" />
                <line number="82" hits="1" branch="false" />
                <line number="83" hits="1" branch="false" />
              </lines>
            </method>
          </methods>
          <lines>
            <line number="16" hits="2" branch="false" />
            <line number="17" hits="2" branch="false" />
            <line number="18" hits="2" branch="false" />
            <line number="19" hits="2" branch="false" />
            <line number="23" hits="1" branch="false" />
            <line number="25" hits="1" branch="false" />
            <line number="26" hits="1" branch="false" />
            <line number="27" hits="1" branch="false" />
            <line number="28" hits="1" branch="false" />
            <line number="29" hits="1" branch="false" />
            <line number="31" hits="1" branch="false" />
            <line number="32" hits="1" branch="false" />
            <line number="33" hits="1" branch="false" />
            <line number="34" hits="7" branch="true" condition-coverage="100% (2/2)" />
            <line number="35" hits="2" branch="false" />
            <line number="36" hits="2" branch="false" />
            <line number="37" hits="2" branch="false" />
            <line number="38" hits="2" branch="false" />
            <line number="40" hits="1" branch="false" />
            <line number="41" hits="2" branch="false" />
            <line number="42" hits="2" branch="false" />
            <line number="43" hits="2" branch="false" />
            <line number="44" hits="3" branch="false" />
            <line number="47" hits="1" branch="false" />
            <line number="50" hits="1" branch="false" />
            <line number="51" hits="6" branch="true" condition-coverage="100% (2/2)" />
            <line number="52" hits="2" branch="false" />
            <line number="53" hits="2" branch="false" />
            <line number="54" hits="2" branch="false" />
            <line number="56" hits="1" branch="false" />
            <line number="57" hits="1" branch="false" />
            <line number="61" hits="1" branch="false" />
            <line number="63" hits="1" branch="false" />
            <line number="64" hits="1" branch="false" />
            <line number="65" hits="1" branch="false" />
            <line number="66" hits="1" branch="false" />
            <line number="67" hits="1" branch="false" />
            <line number="69" hits="1" branch="false" />
            <line number="71" hits="1" branch="false" />
            <line number="72" hits="1" branch="false" />
            <line number="75" hits="1" branch="false" />
            <line number="78" hits="1" branch="false" />
            <line number="79" hits="1" branch="false" />
            <line number="80" hits="1" branch="false" />
            <line number="82" hits="1" branch="false" />
            <line number="83" hits="1" branch="false" />
          </lines>
        </class>
        <class name="VintedAssignment.UnitTests.Services.Rules.LowestSPackagePriceRuleTests" filename="D:\Projektai\VintedAssignment\VintedAssignment.UnitTests\Services\Rules\LowestSPackagePriceRuleTests.cs" line-rate="1" branch-rate="1" complexity="9">
          <methods>
            <method name="SetUp" signature="()" line-rate="1" branch-rate="1" complexity="1">
              <lines>
                <line number="13" hits="2" branch="false" />
                <line number="14" hits="2" branch="false" />
                <line number="15" hits="2" branch="false" />
              </lines>
            </method>
            <method name="Apply_WhenValidShipments_ShouldApplyDiscountCorrectlyForMultipleMonths" signature="()" line-rate="1" branch-rate="1" complexity="6">
              <lines>
                <line number="19" hits="1" branch="false" />
                <line number="21" hits="1" branch="false" />
                <line number="22" hits="1" branch="false" />
                <line number="23" hits="1" branch="false" />
                <line number="24" hits="1" branch="false" />
                <line number="25" hits="1" branch="false" />
                <line number="26" hits="1" branch="false" />
                <line number="27" hits="1" branch="false" />
                <line number="28" hits="1" branch="false" />
                <line number="30" hits="1" branch="false" />
                <line number="31" hits="1" branch="false" />
                <line number="32" hits="1" branch="false" />
                <line number="33" hits="1" branch="false" />
                <line number="34" hits="1" branch="false" />
                <line number="36" hits="1" branch="false" />
                <line number="37" hits="1" branch="false" />
                <line number="38" hits="1" branch="false" />
                <line number="39" hits="1" branch="false" />
                <line number="40" hits="1" branch="false" />
                <line number="43" hits="1" branch="false" />
                <line number="46" hits="13" branch="true" condition-coverage="100% (2/2)" />
                <line number="47" hits="5" branch="false" />
                <line number="48" hits="5" branch="true" condition-coverage="100% (2/2)" />
                <line number="49" hits="4" branch="false" />
                <line number="50" hits="4" branch="true" condition-coverage="100% (2/2)" />
                <line number="51" hits="4" branch="false" />
                <line number="52" hits="4" branch="false" />
                <line number="54" hits="4" branch="false" />
                <line number="55" hits="4" branch="false" />
                <line number="57" hits="1" branch="false" />
                <line number="58" hits="1" branch="false" />
                <line number="59" hits="1" branch="false" />
                <line number="60" hits="5" branch="false" />
                <line number="61" hits="1" branch="false" />
              </lines>
            </method>
            <method name="Apply_WhenExceedsMonthlyDiscountLimit_SouldLimitDiscountByCap" signature="()" line-rate="1" branch-rate="1" complexity="2">
              <lines>
                <line number="65" hits="1" branch="false" />
                <line number="67" hits="1" branch="false" />
                <line number="68" hits="1" branch="false" />
                <line number="69" hits="1" branch="false" />
                <line number="70" hits="1" branch="false" />
                <line number="71" hits="1" branch="false" />
                <line number="72" hits="1" branch="false" />
                <line number="74" hits="1" branch="false" />
                <line number="75" hits="1" branch="false" />
                <line number="76" hits="1" branch="false" />
                <line number="77" hits="1" branch="false" />
                <line number="78" hits="1" branch="false" />
                <line number="79" hits="1" branch="false" />
                <line number="82" hits="1" branch="false" />
                <line number="85" hits="9" branch="true" condition-coverage="100% (2/2)" />
                <line number="86" hits="3" branch="false" />
                <line number="87" hits="3" branch="false" />
                <line number="88" hits="3" branch="false" />
                <line number="89" hits="3" branch="false" />
                <line number="90" hits="1" branch="false" />
              </lines>
            </method>
          </methods>
          <lines>
            <line number="13" hits="2" branch="false" />
            <line number="14" hits="2" branch="false" />
            <line number="15" hits="2" branch="false" />
            <line number="19" hits="1" branch="false" />
            <line number="21" hits="1" branch="false" />
            <line number="22" hits="1" branch="false" />
            <line number="23" hits="1" branch="false" />
            <line number="24" hits="1" branch="false" />
            <line number="25" hits="1" branch="false" />
            <line number="26" hits="1" branch="false" />
            <line number="27" hits="1" branch="false" />
            <line number="28" hits="1" branch="false" />
            <line number="30" hits="1" branch="false" />
            <line number="31" hits="1" branch="false" />
            <line number="32" hits="1" branch="false" />
            <line number="33" hits="1" branch="false" />
            <line number="34" hits="1" branch="false" />
            <line number="36" hits="1" branch="false" />
            <line number="37" hits="1" branch="false" />
            <line number="38" hits="1" branch="false" />
            <line number="39" hits="1" branch="false" />
            <line number="40" hits="1" branch="false" />
            <line number="43" hits="1" branch="false" />
            <line number="46" hits="13" branch="true" condition-coverage="100% (2/2)" />
            <line number="47" hits="5" branch="false" />
            <line number="48" hits="5" branch="true" condition-coverage="100% (2/2)" />
            <line number="49" hits="4" branch="false" />
            <line number="50" hits="4" branch="true" condition-coverage="100% (2/2)" />
            <line number="51" hits="4" branch="false" />
            <line number="52" hits="4" branch="false" />
            <line number="54" hits="4" branch="false" />
            <line number="55" hits="4" branch="false" />
            <line number="57" hits="1" branch="false" />
            <line number="58" hits="1" branch="false" />
            <line number="59" hits="1" branch="false" />
            <line number="60" hits="5" branch="false" />
            <line number="61" hits="1" branch="false" />
            <line number="65" hits="1" branch="false" />
            <line number="67" hits="1" branch="false" />
            <line number="68" hits="1" branch="false" />
            <line number="69" hits="1" branch="false" />
            <line number="70" hits="1" branch="false" />
            <line number="71" hits="1" branch="false" />
            <line number="72" hits="1" branch="false" />
            <line number="74" hits="1" branch="false" />
            <line number="75" hits="1" branch="false" />
            <line number="76" hits="1" branch="false" />
            <line number="77" hits="1" branch="false" />
            <line number="78" hits="1" branch="false" />
            <line number="79" hits="1" branch="false" />
            <line number="82" hits="1" branch="false" />
            <line number="85" hits="9" branch="true" condition-coverage="100% (2/2)" />
            <line number="86" hits="3" branch="false" />
            <line number="87" hits="3" branch="false" />
            <line number="88" hits="3" branch="false" />
            <line number="89" hits="3" branch="false" />
            <line number="90" hits="1" branch="false" />
          </lines>
        </class>
      </classes>
    </package>
  </packages>
</coverage>