TpTrace Verbose: 0 : 9808, 1, 2024/08/05, 21:59:34.477, 4811806850, vstest.console.dll, Version: 17.8.0-release-23523-03 Current process architecture: X64
TpTrace Verbose: 0 : 9808, 1, 2024/08/05, 21:59:34.480, 4811836284, vstest.console.dll, Runtime location: C:\Program Files\dotnet\shared\Microsoft.NETCore.App\8.0.0
TpTrace Verbose: 0 : 9808, 1, 2024/08/05, 21:59:34.485, 4811882667, vstest.console.dll, ArtifactProcessingPostProcessModeProcessorExecutor.Initialize: ArtifactProcessingMode.Collect
TpTrace Verbose: 0 : 9808, 1, 2024/08/05, 21:59:34.485, 4811883770, vstest.console.dll, TestSessionCorrelationIdProcessorModeProcessorExecutor.Initialize: TestSessionCorrelationId '14980_3bcc92ad-f013-4987-ad2e-4ba8392074c9'
TpTrace Information: 0 : 9808, 1, 2024/08/05, 21:59:34.494, 4811973490, vstest.console.dll, FilePatternParser: The given file D:\Projektai\VintedAssignment\VintedAssignment.UnitTests\bin\Debug\net6.0\fine-code-coverage\build-output\VintedAssignment.UnitTests.dll is a full path.
TpTrace Verbose: 0 : 9808, 1, 2024/08/05, 21:59:34.504, 4812071212, vstest.console.dll, TestPluginCache.DiscoverTestExtensions: finding test extensions in assemblies ends with: RuntimeProvider.dll TPluginInfo: Microsoft.VisualStudio.TestPlatform.Common.ExtensionFramework.Utilities.TestRuntimePluginInformation TExtension: Microsoft.VisualStudio.TestPlatform.ObjectModel.Host.ITestRuntimeProvider
TpTrace Verbose: 0 : 9808, 1, 2024/08/05, 21:59:34.504, 4812074165, vstest.console.dll, TestPluginCache.GetExtensionPaths: Filtered extension paths: 
TpTrace Verbose: 0 : 9808, 1, 2024/08/05, 21:59:34.504, 4812074862, vstest.console.dll, TestPluginCache.GetExtensionPaths: Added default extension paths: C:\Program Files\dotnet\sdk\8.0.100\Extensions\Microsoft.Diagnostics.NETCore.Client.dll
C:\Program Files\dotnet\sdk\8.0.100\Extensions\Microsoft.TestPlatform.Extensions.BlameDataCollector.dll
C:\Program Files\dotnet\sdk\8.0.100\Extensions\Microsoft.TestPlatform.Extensions.EventLogCollector.dll
C:\Program Files\dotnet\sdk\8.0.100\Extensions\Microsoft.TestPlatform.TestHostRuntimeProvider.dll
C:\Program Files\dotnet\sdk\8.0.100\Extensions\Microsoft.VisualStudio.TestPlatform.Extensions.Html.TestLogger.dll
C:\Program Files\dotnet\sdk\8.0.100\Extensions\Microsoft.VisualStudio.TestPlatform.Extensions.Trx.TestLogger.dll
TpTrace Verbose: 0 : 9808, 1, 2024/08/05, 21:59:34.504, 4812075213, vstest.console.dll, TestPluginCache.GetExtensionPaths: Added unfilterableExtensionPaths: 
TpTrace Information: 0 : 9808, 1, 2024/08/05, 21:59:34.505, 4812081442, vstest.console.dll, AssemblyResolver.ctor: Creating AssemblyResolver with searchDirectories C:\Program Files\dotnet\sdk\8.0.100\Extensions,C:\Program Files\dotnet\sdk\8.0.100
TpTrace Verbose: 0 : 9808, 1, 2024/08/05, 21:59:34.506, 4812096890, vstest.console.dll, TestPluginCache.DiscoverTestExtensions: Discovering the extensions using extension path.
TpTrace Verbose: 0 : 9808, 1, 2024/08/05, 21:59:34.506, 4812097812, vstest.console.dll, TestPluginCache.GetExtensionPaths: Filtered extension paths: 
TpTrace Verbose: 0 : 9808, 1, 2024/08/05, 21:59:34.506, 4812098057, vstest.console.dll, TestPluginCache.GetExtensionPaths: Added default extension paths: C:\Program Files\dotnet\sdk\8.0.100\Extensions\Microsoft.Diagnostics.NETCore.Client.dll
C:\Program Files\dotnet\sdk\8.0.100\Extensions\Microsoft.TestPlatform.Extensions.BlameDataCollector.dll
C:\Program Files\dotnet\sdk\8.0.100\Extensions\Microsoft.TestPlatform.Extensions.EventLogCollector.dll
C:\Program Files\dotnet\sdk\8.0.100\Extensions\Microsoft.TestPlatform.TestHostRuntimeProvider.dll
C:\Program Files\dotnet\sdk\8.0.100\Extensions\Microsoft.VisualStudio.TestPlatform.Extensions.Html.TestLogger.dll
C:\Program Files\dotnet\sdk\8.0.100\Extensions\Microsoft.VisualStudio.TestPlatform.Extensions.Trx.TestLogger.dll
TpTrace Verbose: 0 : 9808, 1, 2024/08/05, 21:59:34.506, 4812098210, vstest.console.dll, TestPluginCache.GetExtensionPaths: Added unfilterableExtensionPaths: 
TpTrace Verbose: 0 : 9808, 1, 2024/08/05, 21:59:34.506, 4812098609, vstest.console.dll, TestPluginCache.DiscoverTestExtensions: Discovering the extensions using allExtensionPaths: C:\Program Files\dotnet\sdk\8.0.100\Extensions\Microsoft.Diagnostics.NETCore.Client.dll
C:\Program Files\dotnet\sdk\8.0.100\Extensions\Microsoft.TestPlatform.Extensions.BlameDataCollector.dll
C:\Program Files\dotnet\sdk\8.0.100\Extensions\Microsoft.TestPlatform.Extensions.EventLogCollector.dll
C:\Program Files\dotnet\sdk\8.0.100\Extensions\Microsoft.TestPlatform.TestHostRuntimeProvider.dll
C:\Program Files\dotnet\sdk\8.0.100\Extensions\Microsoft.VisualStudio.TestPlatform.Extensions.Html.TestLogger.dll
C:\Program Files\dotnet\sdk\8.0.100\Extensions\Microsoft.VisualStudio.TestPlatform.Extensions.Trx.TestLogger.dll
TpTrace Information: 0 : 9808, 1, 2024/08/05, 21:59:34.507, 4812099568, vstest.console.dll, AssemblyResolver.AddSearchDirectories: Adding more searchDirectories C:\Program Files\dotnet\sdk\8.0.100\Extensions,C:\Program Files\dotnet\sdk\8.0.100
TpTrace Information: 0 : 9808, 1, 2024/08/05, 21:59:34.507, 4812099926, vstest.console.dll, AssemblyResolver.AddSearchDirectories: Adding more searchDirectories C:\Program Files\dotnet\sdk\8.0.100\Extensions,C:\Program Files\dotnet\sdk\8.0.100
TpTrace Information: 0 : 9808, 1, 2024/08/05, 21:59:34.507, 4812100113, vstest.console.dll, AssemblyResolver.AddSearchDirectories: Adding more searchDirectories C:\Program Files\dotnet\sdk\8.0.100\Extensions,C:\Program Files\dotnet\sdk\8.0.100
TpTrace Information: 0 : 9808, 1, 2024/08/05, 21:59:34.507, 4812100257, vstest.console.dll, AssemblyResolver.AddSearchDirectories: Adding more searchDirectories C:\Program Files\dotnet\sdk\8.0.100\Extensions,C:\Program Files\dotnet\sdk\8.0.100
TpTrace Information: 0 : 9808, 1, 2024/08/05, 21:59:34.507, 4812100399, vstest.console.dll, AssemblyResolver.AddSearchDirectories: Adding more searchDirectories C:\Program Files\dotnet\sdk\8.0.100\Extensions,C:\Program Files\dotnet\sdk\8.0.100
TpTrace Information: 0 : 9808, 1, 2024/08/05, 21:59:34.507, 4812100562, vstest.console.dll, AssemblyResolver.AddSearchDirectories: Adding more searchDirectories C:\Program Files\dotnet\sdk\8.0.100\Extensions,C:\Program Files\dotnet\sdk\8.0.100
TpTrace Information: 0 : 9808, 1, 2024/08/05, 21:59:34.507, 4812105973, vstest.console.dll, AssemblyResolver.OnResolve: Microsoft.Diagnostics.NETCore.Client: Resolving assembly.
TpTrace Information: 0 : 9808, 1, 2024/08/05, 21:59:34.507, 4812106618, vstest.console.dll, AssemblyResolver.OnResolve: Microsoft.Diagnostics.NETCore.Client: Searching in: 'C:\Program Files\dotnet\sdk\8.0.100\Extensions'.
TpTrace Information: 0 : 9808, 1, 2024/08/05, 21:59:34.516, 4812195751, vstest.console.dll, AssemblyResolver.OnResolve: Microsoft.Diagnostics.NETCore.Client: Loading assembly 'C:\Program Files\dotnet\sdk\8.0.100\Extensions\Microsoft.Diagnostics.NETCore.Client.dll'.
TpTrace Information: 0 : 9808, 1, 2024/08/05, 21:59:34.518, 4812213066, vstest.console.dll, AssemblyResolver.OnResolve: Resolved assembly: Microsoft.Diagnostics.NETCore.Client, from path: C:\Program Files\dotnet\sdk\8.0.100\Extensions\Microsoft.Diagnostics.NETCore.Client.dll
TpTrace Verbose: 0 : 9808, 1, 2024/08/05, 21:59:34.521, 4812245540, vstest.console.dll, MetadataReaderExtensionsHelper: Discovering extensions inside assembly 'Microsoft.Diagnostics.NETCore.Client, Version=0.2.8.21101, Culture=neutral, PublicKeyToken=31bf3856ad364e35' file path 'C:\Program Files\dotnet\sdk\8.0.100\Extensions\Microsoft.Diagnostics.NETCore.Client.dll'
TpTrace Information: 0 : 9808, 1, 2024/08/05, 21:59:34.525, 4812289137, vstest.console.dll, AssemblyResolver.OnResolve: Microsoft.Bcl.AsyncInterfaces: Resolving assembly.
TpTrace Information: 0 : 9808, 1, 2024/08/05, 21:59:34.526, 4812290078, vstest.console.dll, AssemblyResolver.OnResolve: Microsoft.Bcl.AsyncInterfaces: Searching in: 'C:\Program Files\dotnet\sdk\8.0.100\Extensions'.
TpTrace Information: 0 : 9808, 1, 2024/08/05, 21:59:34.526, 4812290535, vstest.console.dll, AssemblyResolver.OnResolve: Microsoft.Bcl.AsyncInterfaces: Assembly path does not exist: 'C:\Program Files\dotnet\sdk\8.0.100\Extensions\Microsoft.Bcl.AsyncInterfaces.dll', returning.
TpTrace Information: 0 : 9808, 1, 2024/08/05, 21:59:34.526, 4812291122, vstest.console.dll, AssemblyResolver.OnResolve: Microsoft.Bcl.AsyncInterfaces: Assembly path does not exist: 'C:\Program Files\dotnet\sdk\8.0.100\Extensions\Microsoft.Bcl.AsyncInterfaces.exe', returning.
TpTrace Information: 0 : 9808, 1, 2024/08/05, 21:59:34.526, 4812291328, vstest.console.dll, AssemblyResolver.OnResolve: Microsoft.Bcl.AsyncInterfaces: Searching in: 'C:\Program Files\dotnet\sdk\8.0.100'.
TpTrace Information: 0 : 9808, 1, 2024/08/05, 21:59:34.526, 4812291599, vstest.console.dll, AssemblyResolver.OnResolve: Microsoft.Bcl.AsyncInterfaces: Assembly path does not exist: 'C:\Program Files\dotnet\sdk\8.0.100\Microsoft.Bcl.AsyncInterfaces.dll', returning.
TpTrace Information: 0 : 9808, 1, 2024/08/05, 21:59:34.526, 4812291837, vstest.console.dll, AssemblyResolver.OnResolve: Microsoft.Bcl.AsyncInterfaces: Assembly path does not exist: 'C:\Program Files\dotnet\sdk\8.0.100\Microsoft.Bcl.AsyncInterfaces.exe', returning.
TpTrace Information: 0 : 9808, 1, 2024/08/05, 21:59:34.526, 4812291970, vstest.console.dll, AssemblyResolver.OnResolve: Microsoft.Bcl.AsyncInterfaces: Failed to load assembly.
TpTrace Verbose: 0 : 9808, 1, 2024/08/05, 21:59:34.526, 4812292191, vstest.console.dll, CurrentDomainAssemblyResolve: Resolving assembly 'Microsoft.Bcl.AsyncInterfaces'.
TpTrace Information: 0 : 9808, 1, 2024/08/05, 21:59:34.526, 4812292657, vstest.console.dll, AssemblyResolver.OnResolve: Microsoft.Bcl.AsyncInterfaces: Resolving assembly.
TpTrace Information: 0 : 9808, 1, 2024/08/05, 21:59:34.526, 4812292877, vstest.console.dll, AssemblyResolver.OnResolve: Microsoft.Bcl.AsyncInterfaces: Resolved from cache.
TpTrace Verbose: 0 : 9808, 1, 2024/08/05, 21:59:34.526, 4812293012, vstest.console.dll, CurrentDomainAssemblyResolve: Resolving assembly 'Microsoft.Bcl.AsyncInterfaces'.
TpTrace Verbose: 0 : 9808, 1, 2024/08/05, 21:59:34.526, 4812293194, vstest.console.dll, CurrentDomainAssemblyResolve: Failed to resolve assembly 'Microsoft.Bcl.AsyncInterfaces'.
TpTrace Verbose: 0 : 9808, 1, 2024/08/05, 21:59:34.530, 4812335406, vstest.console.dll, CurrentDomainAssemblyResolve: Failed to resolve assembly 'Microsoft.Bcl.AsyncInterfaces'.
TpTrace Warning: 0 : 9808, 1, 2024/08/05, 21:59:34.545, 4812480998, vstest.console.dll, TestPluginDiscoverer: Failed to get types from assembly 'Microsoft.Diagnostics.NETCore.Client, Version=0.2.8.21101, Culture=neutral, PublicKeyToken=31bf3856ad364e35'. Error: System.Reflection.ReflectionTypeLoadException: Unable to load one or more of the requested types.
Could not load file or assembly 'Microsoft.Bcl.AsyncInterfaces, Version=1.0.0.0, Culture=neutral, PublicKeyToken=cc7b13ffcd2ddd51'. The system cannot find the file specified.
   at System.Reflection.RuntimeModule.GetTypes(RuntimeModule module)
   at System.Reflection.RuntimeModule.GetTypes()
   at Microsoft.VisualStudio.TestPlatform.Common.ExtensionFramework.TestPluginDiscoverer.GetTestExtensionsFromAssembly[TPluginInfo,TExtension](Assembly assembly, Dictionary`2 pluginInfos, String filePath) in /_/src/Microsoft.TestPlatform.Common/ExtensionFramework/TestPluginDiscoverer.cs:line 158
System.IO.FileNotFoundException: Could not load file or assembly 'Microsoft.Bcl.AsyncInterfaces, Version=1.0.0.0, Culture=neutral, PublicKeyToken=cc7b13ffcd2ddd51'. The system cannot find the file specified.
File name: 'Microsoft.Bcl.AsyncInterfaces, Version=1.0.0.0, Culture=neutral, PublicKeyToken=cc7b13ffcd2ddd51'
 ---> System.IO.FileNotFoundException: Could not load file or assembly 'Microsoft.Bcl.AsyncInterfaces, Culture=neutral, PublicKeyToken=null'. The system cannot find the file specified.
File name: 'Microsoft.Bcl.AsyncInterfaces, Culture=neutral, PublicKeyToken=null'
   at System.Reflection.RuntimeAssembly.InternalLoad(AssemblyName assemblyName, StackCrawlMark& stackMark, AssemblyLoadContext assemblyLoadContext, RuntimeAssembly requestingAssembly, Boolean throwOnFileNotFound)
   at System.Reflection.Assembly.Load(AssemblyName assemblyRef)
   at Microsoft.VisualStudio.TestPlatform.Common.ExtensionFramework.TestPluginCache.CurrentDomainAssemblyResolve(Object sender, AssemblyResolveEventArgs args) in /_/src/Microsoft.TestPlatform.Common/ExtensionFramework/TestPluginCache.cs:line 513
   at System.Runtime.Loader.AssemblyLoadContext.GetFirstResolvedAssemblyFromResolvingEvent(AssemblyName assemblyName)
   at System.Runtime.Loader.AssemblyLoadContext.ResolveUsingEvent(AssemblyName assemblyName)
   at System.Runtime.Loader.AssemblyLoadContext.ResolveUsingResolvingEvent(IntPtr gchManagedAssemblyLoadContext, AssemblyName assemblyName)
TpTrace Warning: 0 : 9808, 1, 2024/08/05, 21:59:34.545, 4812484416, vstest.console.dll, LoaderExceptions: System.IO.FileNotFoundException: Could not load file or assembly 'Microsoft.Bcl.AsyncInterfaces, Version=1.0.0.0, Culture=neutral, PublicKeyToken=cc7b13ffcd2ddd51'. The system cannot find the file specified.
File name: 'Microsoft.Bcl.AsyncInterfaces, Version=1.0.0.0, Culture=neutral, PublicKeyToken=cc7b13ffcd2ddd51'
 ---> System.IO.FileNotFoundException: Could not load file or assembly 'Microsoft.Bcl.AsyncInterfaces, Culture=neutral, PublicKeyToken=null'. The system cannot find the file specified.
File name: 'Microsoft.Bcl.AsyncInterfaces, Culture=neutral, PublicKeyToken=null'
   at System.Reflection.RuntimeAssembly.InternalLoad(AssemblyName assemblyName, StackCrawlMark& stackMark, AssemblyLoadContext assemblyLoadContext, RuntimeAssembly requestingAssembly, Boolean throwOnFileNotFound)
   at System.Reflection.Assembly.Load(AssemblyName assemblyRef)
   at Microsoft.VisualStudio.TestPlatform.Common.ExtensionFramework.TestPluginCache.CurrentDomainAssemblyResolve(Object sender, AssemblyResolveEventArgs args) in /_/src/Microsoft.TestPlatform.Common/ExtensionFramework/TestPluginCache.cs:line 513
   at System.Runtime.Loader.AssemblyLoadContext.GetFirstResolvedAssemblyFromResolvingEvent(AssemblyName assemblyName)
   at System.Runtime.Loader.AssemblyLoadContext.ResolveUsingEvent(AssemblyName assemblyName)
   at System.Runtime.Loader.AssemblyLoadContext.ResolveUsingResolvingEvent(IntPtr gchManagedAssemblyLoadContext, AssemblyName assemblyName)
TpTrace Information: 0 : 9808, 1, 2024/08/05, 21:59:34.545, 4812485681, vstest.console.dll, AssemblyResolver.OnResolve: Microsoft.TestPlatform.Extensions.BlameDataCollector: Resolving assembly.
TpTrace Information: 0 : 9808, 1, 2024/08/05, 21:59:34.545, 4812486121, vstest.console.dll, AssemblyResolver.OnResolve: Microsoft.TestPlatform.Extensions.BlameDataCollector: Searching in: 'C:\Program Files\dotnet\sdk\8.0.100\Extensions'.
TpTrace Information: 0 : 9808, 1, 2024/08/05, 21:59:34.547, 4812501695, vstest.console.dll, AssemblyResolver.OnResolve: Microsoft.TestPlatform.Extensions.BlameDataCollector: Loading assembly 'C:\Program Files\dotnet\sdk\8.0.100\Extensions\Microsoft.TestPlatform.Extensions.BlameDataCollector.dll'.
TpTrace Information: 0 : 9808, 1, 2024/08/05, 21:59:34.548, 4812511483, vstest.console.dll, AssemblyResolver.OnResolve: Resolved assembly: Microsoft.TestPlatform.Extensions.BlameDataCollector, from path: C:\Program Files\dotnet\sdk\8.0.100\Extensions\Microsoft.TestPlatform.Extensions.BlameDataCollector.dll
TpTrace Verbose: 0 : 9808, 1, 2024/08/05, 21:59:34.548, 4812512096, vstest.console.dll, MetadataReaderExtensionsHelper: Discovering extensions inside assembly 'Microsoft.TestPlatform.Extensions.BlameDataCollector, Version=15.0.0.0, Culture=neutral, PublicKeyToken=b03f5f7f11d50a3a' file path 'C:\Program Files\dotnet\sdk\8.0.100\Extensions\Microsoft.TestPlatform.Extensions.BlameDataCollector.dll'
TpTrace Information: 0 : 9808, 1, 2024/08/05, 21:59:34.549, 4812528579, vstest.console.dll, AssemblyResolver.OnResolve: Microsoft.TestPlatform.Extensions.EventLogCollector: Resolving assembly.
TpTrace Information: 0 : 9808, 1, 2024/08/05, 21:59:34.550, 4812529188, vstest.console.dll, AssemblyResolver.OnResolve: Microsoft.TestPlatform.Extensions.EventLogCollector: Searching in: 'C:\Program Files\dotnet\sdk\8.0.100\Extensions'.
TpTrace Information: 0 : 9808, 1, 2024/08/05, 21:59:34.550, 4812536269, vstest.console.dll, AssemblyResolver.OnResolve: Microsoft.TestPlatform.Extensions.EventLogCollector: Loading assembly 'C:\Program Files\dotnet\sdk\8.0.100\Extensions\Microsoft.TestPlatform.Extensions.EventLogCollector.dll'.
TpTrace Information: 0 : 9808, 1, 2024/08/05, 21:59:34.551, 4812540310, vstest.console.dll, AssemblyResolver.OnResolve: Resolved assembly: Microsoft.TestPlatform.Extensions.EventLogCollector, from path: C:\Program Files\dotnet\sdk\8.0.100\Extensions\Microsoft.TestPlatform.Extensions.EventLogCollector.dll
TpTrace Verbose: 0 : 9808, 1, 2024/08/05, 21:59:34.551, 4812540784, vstest.console.dll, MetadataReaderExtensionsHelper: Discovering extensions inside assembly 'Microsoft.TestPlatform.Extensions.EventLogCollector, Version=15.0.0.0, Culture=neutral, PublicKeyToken=b03f5f7f11d50a3a' file path 'C:\Program Files\dotnet\sdk\8.0.100\Extensions\Microsoft.TestPlatform.Extensions.EventLogCollector.dll'
TpTrace Information: 0 : 9808, 1, 2024/08/05, 21:59:34.553, 4812565722, vstest.console.dll, AssemblyResolver.OnResolve: Microsoft.TestPlatform.TestHostRuntimeProvider: Resolving assembly.
TpTrace Information: 0 : 9808, 1, 2024/08/05, 21:59:34.553, 4812566341, vstest.console.dll, AssemblyResolver.OnResolve: Microsoft.TestPlatform.TestHostRuntimeProvider: Searching in: 'C:\Program Files\dotnet\sdk\8.0.100\Extensions'.
TpTrace Information: 0 : 9808, 1, 2024/08/05, 21:59:34.554, 4812572007, vstest.console.dll, AssemblyResolver.OnResolve: Microsoft.TestPlatform.TestHostRuntimeProvider: Loading assembly 'C:\Program Files\dotnet\sdk\8.0.100\Extensions\Microsoft.TestPlatform.TestHostRuntimeProvider.dll'.
TpTrace Information: 0 : 9808, 1, 2024/08/05, 21:59:34.555, 4812579578, vstest.console.dll, AssemblyResolver.OnResolve: Resolved assembly: Microsoft.TestPlatform.TestHostRuntimeProvider, from path: C:\Program Files\dotnet\sdk\8.0.100\Extensions\Microsoft.TestPlatform.TestHostRuntimeProvider.dll
TpTrace Verbose: 0 : 9808, 1, 2024/08/05, 21:59:34.555, 4812580133, vstest.console.dll, MetadataReaderExtensionsHelper: Discovering extensions inside assembly 'Microsoft.TestPlatform.TestHostRuntimeProvider, Version=15.0.0.0, Culture=neutral, PublicKeyToken=b03f5f7f11d50a3a' file path 'C:\Program Files\dotnet\sdk\8.0.100\Extensions\Microsoft.TestPlatform.TestHostRuntimeProvider.dll'
TpTrace Information: 0 : 9808, 1, 2024/08/05, 21:59:34.556, 4812597490, vstest.console.dll, GetTestExtensionFromType: Register extension with identifier data 'HostProvider://DefaultTestHost' and type 'Microsoft.VisualStudio.TestPlatform.CrossPlatEngine.Hosting.DefaultTestHostManager, Microsoft.TestPlatform.TestHostRuntimeProvider, Version=15.0.0.0, Culture=neutral, PublicKeyToken=b03f5f7f11d50a3a' inside file 'C:\Program Files\dotnet\sdk\8.0.100\Extensions\Microsoft.TestPlatform.TestHostRuntimeProvider.dll'
TpTrace Information: 0 : 9808, 1, 2024/08/05, 21:59:34.557, 4812599807, vstest.console.dll, GetTestExtensionFromType: Register extension with identifier data 'HostProvider://DotnetTestHost' and type 'Microsoft.VisualStudio.TestPlatform.CrossPlatEngine.Hosting.DotnetTestHostManager, Microsoft.TestPlatform.TestHostRuntimeProvider, Version=15.0.0.0, Culture=neutral, PublicKeyToken=b03f5f7f11d50a3a' inside file 'C:\Program Files\dotnet\sdk\8.0.100\Extensions\Microsoft.TestPlatform.TestHostRuntimeProvider.dll'
TpTrace Information: 0 : 9808, 1, 2024/08/05, 21:59:34.557, 4812600417, vstest.console.dll, AssemblyResolver.OnResolve: Microsoft.VisualStudio.TestPlatform.Extensions.Html.TestLogger: Resolving assembly.
TpTrace Information: 0 : 9808, 1, 2024/08/05, 21:59:34.557, 4812600730, vstest.console.dll, AssemblyResolver.OnResolve: Microsoft.VisualStudio.TestPlatform.Extensions.Html.TestLogger: Searching in: 'C:\Program Files\dotnet\sdk\8.0.100\Extensions'.
TpTrace Information: 0 : 9808, 1, 2024/08/05, 21:59:34.557, 4812609057, vstest.console.dll, AssemblyResolver.OnResolve: Microsoft.VisualStudio.TestPlatform.Extensions.Html.TestLogger: Loading assembly 'C:\Program Files\dotnet\sdk\8.0.100\Extensions\Microsoft.VisualStudio.TestPlatform.Extensions.Html.TestLogger.dll'.
TpTrace Information: 0 : 9808, 1, 2024/08/05, 21:59:34.558, 4812615767, vstest.console.dll, AssemblyResolver.OnResolve: Resolved assembly: Microsoft.VisualStudio.TestPlatform.Extensions.Html.TestLogger, from path: C:\Program Files\dotnet\sdk\8.0.100\Extensions\Microsoft.VisualStudio.TestPlatform.Extensions.Html.TestLogger.dll
TpTrace Verbose: 0 : 9808, 1, 2024/08/05, 21:59:34.558, 4812616385, vstest.console.dll, MetadataReaderExtensionsHelper: Discovering extensions inside assembly 'Microsoft.VisualStudio.TestPlatform.Extensions.Html.TestLogger, Version=15.0.0.0, Culture=neutral, PublicKeyToken=b03f5f7f11d50a3a' file path 'C:\Program Files\dotnet\sdk\8.0.100\Extensions\Microsoft.VisualStudio.TestPlatform.Extensions.Html.TestLogger.dll'
TpTrace Information: 0 : 9808, 1, 2024/08/05, 21:59:34.559, 4812624648, vstest.console.dll, AssemblyResolver.OnResolve: Microsoft.VisualStudio.TestPlatform.Extensions.Trx.TestLogger: Resolving assembly.
TpTrace Information: 0 : 9808, 1, 2024/08/05, 21:59:34.559, 4812625172, vstest.console.dll, AssemblyResolver.OnResolve: Microsoft.VisualStudio.TestPlatform.Extensions.Trx.TestLogger: Searching in: 'C:\Program Files\dotnet\sdk\8.0.100\Extensions'.
TpTrace Information: 0 : 9808, 1, 2024/08/05, 21:59:34.560, 4812633030, vstest.console.dll, AssemblyResolver.OnResolve: Microsoft.VisualStudio.TestPlatform.Extensions.Trx.TestLogger: Loading assembly 'C:\Program Files\dotnet\sdk\8.0.100\Extensions\Microsoft.VisualStudio.TestPlatform.Extensions.Trx.TestLogger.dll'.
TpTrace Information: 0 : 9808, 1, 2024/08/05, 21:59:34.561, 4812644099, vstest.console.dll, AssemblyResolver.OnResolve: Resolved assembly: Microsoft.VisualStudio.TestPlatform.Extensions.Trx.TestLogger, from path: C:\Program Files\dotnet\sdk\8.0.100\Extensions\Microsoft.VisualStudio.TestPlatform.Extensions.Trx.TestLogger.dll
TpTrace Verbose: 0 : 9808, 1, 2024/08/05, 21:59:34.561, 4812644668, vstest.console.dll, MetadataReaderExtensionsHelper: Discovering extensions inside assembly 'Microsoft.VisualStudio.TestPlatform.Extensions.Trx.TestLogger, Version=15.0.0.0, Culture=neutral, PublicKeyToken=b03f5f7f11d50a3a' file path 'C:\Program Files\dotnet\sdk\8.0.100\Extensions\Microsoft.VisualStudio.TestPlatform.Extensions.Trx.TestLogger.dll'
TpTrace Verbose: 0 : 9808, 1, 2024/08/05, 21:59:34.562, 4812656522, vstest.console.dll, TestPluginCache: Discovered the extensions using extension path ''.
TpTrace Verbose: 0 : 9808, 1, 2024/08/05, 21:59:34.562, 4812657095, vstest.console.dll, TestPluginCache: Discoverers are ''.
TpTrace Verbose: 0 : 9808, 1, 2024/08/05, 21:59:34.562, 4812657265, vstest.console.dll, TestPluginCache: Executors are ''.
TpTrace Verbose: 0 : 9808, 1, 2024/08/05, 21:59:34.562, 4812657399, vstest.console.dll, TestPluginCache: Executors2 are ''.
TpTrace Verbose: 0 : 9808, 1, 2024/08/05, 21:59:34.562, 4812657528, vstest.console.dll, TestPluginCache: Setting providers are ''.
TpTrace Verbose: 0 : 9808, 1, 2024/08/05, 21:59:34.562, 4812657655, vstest.console.dll, TestPluginCache: Loggers are ''.
TpTrace Verbose: 0 : 9808, 1, 2024/08/05, 21:59:34.562, 4812658914, vstest.console.dll, TestPluginCache: TestHosts are 'HostProvider://DefaultTestHost,HostProvider://DotnetTestHost'.
TpTrace Verbose: 0 : 9808, 1, 2024/08/05, 21:59:34.562, 4812659130, vstest.console.dll, TestPluginCache: DataCollectors are ''.
TpTrace Information: 0 : 9808, 1, 2024/08/05, 21:59:34.582, 4812850312, vstest.console.dll, RunTestsArgumentProcessor:Execute: Test run is starting.
TpTrace Verbose: 0 : 9808, 1, 2024/08/05, 21:59:34.582, 4812851091, vstest.console.dll, RunTestsArgumentProcessor:Execute: Queuing Test run.
TpTrace Information: 0 : 9808, 1, 2024/08/05, 21:59:34.582, 4812852934, vstest.console.dll, TestRequestManager.RunTests: run tests started.
TpTrace Information: 0 : 9808, 1, 2024/08/05, 21:59:34.583, 4812861509, vstest.console.dll, AssemblyMetadataProvider.GetFrameworkName: Determined framework:'.NETCoreApp,Version=v6.0' for source: 'D:\Projektai\VintedAssignment\VintedAssignment.UnitTests\bin\Debug\net6.0\fine-code-coverage\build-output\VintedAssignment.UnitTests.dll'
TpTrace Information: 0 : 9808, 1, 2024/08/05, 21:59:34.583, 4812862806, vstest.console.dll, Determined framework for all sources: .NETCoreApp,Version=v6.0
TpTrace Verbose: 0 : 9808, 1, 2024/08/05, 21:59:34.583, 4812865228, vstest.console.dll, TestRequestManager.UpdateRunSettingsIfRequired: Default architecture: X64 IsDefaultTargetArchitecture: True, Current process architecture: X64 OperatingSystem: Windows.
TpTrace Information: 0 : 9808, 1, 2024/08/05, 21:59:34.584, 4812876147, vstest.console.dll, AssemblyMetadataProvider.GetArchitecture: Determined architecture:AnyCPU info for assembly: D:\Projektai\VintedAssignment\VintedAssignment.UnitTests\bin\Debug\net6.0\fine-code-coverage\build-output\VintedAssignment.UnitTests.dll
TpTrace Information: 0 : 9808, 1, 2024/08/05, 21:59:34.584, 4812876533, vstest.console.dll, Determined platform for source 'D:\Projektai\VintedAssignment\VintedAssignment.UnitTests\bin\Debug\net6.0\fine-code-coverage\build-output\VintedAssignment.UnitTests.dll' was AnyCPU and it will use the default plaform X64.
TpTrace Information: 0 : 9808, 1, 2024/08/05, 21:59:34.584, 4812876669, vstest.console.dll, None of the sources provided any runnable platform, using the default platform: X64
TpTrace Information: 0 : 9808, 1, 2024/08/05, 21:59:34.584, 4812877313, vstest.console.dll, Platform was updated to 'X64'.
TpTrace Information: 0 : 9808, 1, 2024/08/05, 21:59:34.588, 4812915664, vstest.console.dll, InferRunSettingsHelper.IsTestSettingsEnabled: Unable to navigate to RunSettings/MSTest. Current node: RunSettings
TpTrace Information: 0 : 9808, 1, 2024/08/05, 21:59:34.589, 4812920716, vstest.console.dll, AssemblyResolver.OnResolve: Microsoft.VisualStudio.TestPlatform.Fakes: Resolving assembly.
TpTrace Information: 0 : 9808, 1, 2024/08/05, 21:59:34.589, 4812921296, vstest.console.dll, AssemblyResolver.OnResolve: Microsoft.VisualStudio.TestPlatform.Fakes: Searching in: 'C:\Program Files\dotnet\sdk\8.0.100\Extensions'.
TpTrace Information: 0 : 9808, 1, 2024/08/05, 21:59:34.589, 4812921988, vstest.console.dll, AssemblyResolver.OnResolve: Microsoft.VisualStudio.TestPlatform.Fakes: Assembly path does not exist: 'C:\Program Files\dotnet\sdk\8.0.100\Extensions\Microsoft.VisualStudio.TestPlatform.Fakes.dll', returning.
TpTrace Information: 0 : 9808, 1, 2024/08/05, 21:59:34.589, 4812922303, vstest.console.dll, AssemblyResolver.OnResolve: Microsoft.VisualStudio.TestPlatform.Fakes: Assembly path does not exist: 'C:\Program Files\dotnet\sdk\8.0.100\Extensions\Microsoft.VisualStudio.TestPlatform.Fakes.exe', returning.
TpTrace Information: 0 : 9808, 1, 2024/08/05, 21:59:34.589, 4812922456, vstest.console.dll, AssemblyResolver.OnResolve: Microsoft.VisualStudio.TestPlatform.Fakes: Searching in: 'C:\Program Files\dotnet\sdk\8.0.100'.
TpTrace Information: 0 : 9808, 1, 2024/08/05, 21:59:34.589, 4812922792, vstest.console.dll, AssemblyResolver.OnResolve: Microsoft.VisualStudio.TestPlatform.Fakes: Assembly path does not exist: 'C:\Program Files\dotnet\sdk\8.0.100\Microsoft.VisualStudio.TestPlatform.Fakes.dll', returning.
TpTrace Information: 0 : 9808, 1, 2024/08/05, 21:59:34.589, 4812923080, vstest.console.dll, AssemblyResolver.OnResolve: Microsoft.VisualStudio.TestPlatform.Fakes: Assembly path does not exist: 'C:\Program Files\dotnet\sdk\8.0.100\Microsoft.VisualStudio.TestPlatform.Fakes.exe', returning.
TpTrace Information: 0 : 9808, 1, 2024/08/05, 21:59:34.589, 4812923273, vstest.console.dll, AssemblyResolver.OnResolve: Microsoft.VisualStudio.TestPlatform.Fakes: Failed to load assembly.
TpTrace Information: 0 : 9808, 1, 2024/08/05, 21:59:34.589, 4812925509, vstest.console.dll, Failed to load assembly Microsoft.VisualStudio.TestPlatform.Fakes, Version=17.0.0.0, Culture=neutral. Reason:System.IO.FileNotFoundException: Could not load file or assembly 'Microsoft.VisualStudio.TestPlatform.Fakes, Version=17.0.0.0, Culture=neutral, PublicKeyToken=null'. The system cannot find the file specified.
File name: 'Microsoft.VisualStudio.TestPlatform.Fakes, Version=17.0.0.0, Culture=neutral, PublicKeyToken=null'
   at System.Reflection.RuntimeAssembly.InternalLoad(AssemblyName assemblyName, StackCrawlMark& stackMark, AssemblyLoadContext assemblyLoadContext, RuntimeAssembly requestingAssembly, Boolean throwOnFileNotFound)
   at System.Reflection.Assembly.Load(AssemblyName assemblyRef)
   at Microsoft.VisualStudio.TestPlatform.Common.Utilities.FakesUtilities.LoadTestPlatformAssembly() in /_/src/Microsoft.TestPlatform.Common/Utilities/FakesUtilities.cs:line 272
TpTrace Verbose: 0 : 9808, 1, 2024/08/05, 21:59:34.592, 4812952456, vstest.console.dll, TestPluginCache.DiscoverTestExtensions: finding test extensions in assemblies ends with: TestLogger.dll TPluginInfo: Microsoft.VisualStudio.TestPlatform.Common.ExtensionFramework.Utilities.TestLoggerPluginInformation TExtension: Microsoft.VisualStudio.TestPlatform.ObjectModel.Client.ITestLogger
TpTrace Verbose: 0 : 9808, 1, 2024/08/05, 21:59:34.592, 4812953105, vstest.console.dll, TestPluginCache.GetExtensionPaths: Filtered extension paths: 
TpTrace Verbose: 0 : 9808, 1, 2024/08/05, 21:59:34.592, 4812953304, vstest.console.dll, TestPluginCache.GetExtensionPaths: Added default extension paths: C:\Program Files\dotnet\sdk\8.0.100\Extensions\Microsoft.Diagnostics.NETCore.Client.dll
C:\Program Files\dotnet\sdk\8.0.100\Extensions\Microsoft.TestPlatform.Extensions.BlameDataCollector.dll
C:\Program Files\dotnet\sdk\8.0.100\Extensions\Microsoft.TestPlatform.Extensions.EventLogCollector.dll
C:\Program Files\dotnet\sdk\8.0.100\Extensions\Microsoft.TestPlatform.TestHostRuntimeProvider.dll
C:\Program Files\dotnet\sdk\8.0.100\Extensions\Microsoft.VisualStudio.TestPlatform.Extensions.Html.TestLogger.dll
C:\Program Files\dotnet\sdk\8.0.100\Extensions\Microsoft.VisualStudio.TestPlatform.Extensions.Trx.TestLogger.dll
TpTrace Verbose: 0 : 9808, 1, 2024/08/05, 21:59:34.592, 4812953456, vstest.console.dll, TestPluginCache.GetExtensionPaths: Added unfilterableExtensionPaths: 
TpTrace Information: 0 : 9808, 1, 2024/08/05, 21:59:34.592, 4812954248, vstest.console.dll, AssemblyResolver.AddSearchDirectories: Adding more searchDirectories C:\Program Files\dotnet\sdk\8.0.100\Extensions,C:\Program Files\dotnet\sdk\8.0.100
TpTrace Verbose: 0 : 9808, 1, 2024/08/05, 21:59:34.592, 4812954500, vstest.console.dll, TestPluginCache.DiscoverTestExtensions: Discovering the extensions using extension path.
TpTrace Verbose: 0 : 9808, 1, 2024/08/05, 21:59:34.592, 4812954670, vstest.console.dll, TestPluginCache.GetExtensionPaths: Filtered extension paths: 
TpTrace Verbose: 0 : 9808, 1, 2024/08/05, 21:59:34.592, 4812954832, vstest.console.dll, TestPluginCache.GetExtensionPaths: Added default extension paths: C:\Program Files\dotnet\sdk\8.0.100\Extensions\Microsoft.Diagnostics.NETCore.Client.dll
C:\Program Files\dotnet\sdk\8.0.100\Extensions\Microsoft.TestPlatform.Extensions.BlameDataCollector.dll
C:\Program Files\dotnet\sdk\8.0.100\Extensions\Microsoft.TestPlatform.Extensions.EventLogCollector.dll
C:\Program Files\dotnet\sdk\8.0.100\Extensions\Microsoft.TestPlatform.TestHostRuntimeProvider.dll
C:\Program Files\dotnet\sdk\8.0.100\Extensions\Microsoft.VisualStudio.TestPlatform.Extensions.Html.TestLogger.dll
C:\Program Files\dotnet\sdk\8.0.100\Extensions\Microsoft.VisualStudio.TestPlatform.Extensions.Trx.TestLogger.dll
TpTrace Verbose: 0 : 9808, 1, 2024/08/05, 21:59:34.592, 4812954975, vstest.console.dll, TestPluginCache.GetExtensionPaths: Added unfilterableExtensionPaths: 
TpTrace Verbose: 0 : 9808, 1, 2024/08/05, 21:59:34.592, 4812955136, vstest.console.dll, TestPluginCache.DiscoverTestExtensions: Discovering the extensions using allExtensionPaths: C:\Program Files\dotnet\sdk\8.0.100\Extensions\Microsoft.Diagnostics.NETCore.Client.dll
C:\Program Files\dotnet\sdk\8.0.100\Extensions\Microsoft.TestPlatform.Extensions.BlameDataCollector.dll
C:\Program Files\dotnet\sdk\8.0.100\Extensions\Microsoft.TestPlatform.Extensions.EventLogCollector.dll
C:\Program Files\dotnet\sdk\8.0.100\Extensions\Microsoft.TestPlatform.TestHostRuntimeProvider.dll
C:\Program Files\dotnet\sdk\8.0.100\Extensions\Microsoft.VisualStudio.TestPlatform.Extensions.Html.TestLogger.dll
C:\Program Files\dotnet\sdk\8.0.100\Extensions\Microsoft.VisualStudio.TestPlatform.Extensions.Trx.TestLogger.dll
TpTrace Information: 0 : 9808, 1, 2024/08/05, 21:59:34.592, 4812955690, vstest.console.dll, AssemblyResolver.AddSearchDirectories: Adding more searchDirectories C:\Program Files\dotnet\sdk\8.0.100\Extensions,C:\Program Files\dotnet\sdk\8.0.100
TpTrace Information: 0 : 9808, 1, 2024/08/05, 21:59:34.592, 4812955885, vstest.console.dll, AssemblyResolver.AddSearchDirectories: Adding more searchDirectories C:\Program Files\dotnet\sdk\8.0.100\Extensions,C:\Program Files\dotnet\sdk\8.0.100
TpTrace Information: 0 : 9808, 1, 2024/08/05, 21:59:34.592, 4812956073, vstest.console.dll, AssemblyResolver.AddSearchDirectories: Adding more searchDirectories C:\Program Files\dotnet\sdk\8.0.100\Extensions,C:\Program Files\dotnet\sdk\8.0.100
TpTrace Information: 0 : 9808, 1, 2024/08/05, 21:59:34.592, 4812956213, vstest.console.dll, AssemblyResolver.AddSearchDirectories: Adding more searchDirectories C:\Program Files\dotnet\sdk\8.0.100\Extensions,C:\Program Files\dotnet\sdk\8.0.100
TpTrace Information: 0 : 9808, 1, 2024/08/05, 21:59:34.592, 4812956354, vstest.console.dll, AssemblyResolver.AddSearchDirectories: Adding more searchDirectories C:\Program Files\dotnet\sdk\8.0.100\Extensions,C:\Program Files\dotnet\sdk\8.0.100
TpTrace Information: 0 : 9808, 1, 2024/08/05, 21:59:34.592, 4812956514, vstest.console.dll, AssemblyResolver.AddSearchDirectories: Adding more searchDirectories C:\Program Files\dotnet\sdk\8.0.100\Extensions,C:\Program Files\dotnet\sdk\8.0.100
TpTrace Verbose: 0 : 9808, 1, 2024/08/05, 21:59:34.592, 4812957159, vstest.console.dll, MetadataReaderExtensionsHelper: Discovering extensions inside assembly 'Microsoft.Diagnostics.NETCore.Client, Version=0.2.8.21101, Culture=neutral, PublicKeyToken=31bf3856ad364e35' file path 'C:\Program Files\dotnet\sdk\8.0.100\Extensions\Microsoft.Diagnostics.NETCore.Client.dll'
TpTrace Information: 0 : 9808, 1, 2024/08/05, 21:59:34.593, 4812965676, vstest.console.dll, AssemblyResolver.OnResolve: Microsoft.Bcl.AsyncInterfaces: Resolving assembly.
TpTrace Information: 0 : 9808, 1, 2024/08/05, 21:59:34.593, 4812966213, vstest.console.dll, AssemblyResolver.OnResolve: Microsoft.Bcl.AsyncInterfaces: Resolved from cache.
TpTrace Verbose: 0 : 9808, 1, 2024/08/05, 21:59:34.593, 4812966363, vstest.console.dll, CurrentDomainAssemblyResolve: Resolving assembly 'Microsoft.Bcl.AsyncInterfaces'.
TpTrace Information: 0 : 9808, 1, 2024/08/05, 21:59:34.593, 4812966623, vstest.console.dll, AssemblyResolver.OnResolve: Microsoft.Bcl.AsyncInterfaces: Resolving assembly.
TpTrace Information: 0 : 9808, 1, 2024/08/05, 21:59:34.593, 4812966797, vstest.console.dll, AssemblyResolver.OnResolve: Microsoft.Bcl.AsyncInterfaces: Resolved from cache.
TpTrace Verbose: 0 : 9808, 1, 2024/08/05, 21:59:34.593, 4812966925, vstest.console.dll, CurrentDomainAssemblyResolve: Resolving assembly 'Microsoft.Bcl.AsyncInterfaces'.
TpTrace Verbose: 0 : 9808, 1, 2024/08/05, 21:59:34.593, 4812967051, vstest.console.dll, CurrentDomainAssemblyResolve: Failed to resolve assembly 'Microsoft.Bcl.AsyncInterfaces'.
TpTrace Verbose: 0 : 9808, 1, 2024/08/05, 21:59:34.593, 4812968007, vstest.console.dll, CurrentDomainAssemblyResolve: Failed to resolve assembly 'Microsoft.Bcl.AsyncInterfaces'.
TpTrace Warning: 0 : 9808, 1, 2024/08/05, 21:59:34.594, 4812970169, vstest.console.dll, TestPluginDiscoverer: Failed to get types from assembly 'Microsoft.Diagnostics.NETCore.Client, Version=0.2.8.21101, Culture=neutral, PublicKeyToken=31bf3856ad364e35'. Error: System.Reflection.ReflectionTypeLoadException: Unable to load one or more of the requested types.
Could not load file or assembly 'Microsoft.Bcl.AsyncInterfaces, Version=1.0.0.0, Culture=neutral, PublicKeyToken=cc7b13ffcd2ddd51'. The system cannot find the file specified.
   at System.Reflection.RuntimeModule.GetTypes(RuntimeModule module)
   at System.Reflection.RuntimeModule.GetTypes()
   at Microsoft.VisualStudio.TestPlatform.Common.ExtensionFramework.TestPluginDiscoverer.GetTestExtensionsFromAssembly[TPluginInfo,TExtension](Assembly assembly, Dictionary`2 pluginInfos, String filePath) in /_/src/Microsoft.TestPlatform.Common/ExtensionFramework/TestPluginDiscoverer.cs:line 158
System.IO.FileNotFoundException: Could not load file or assembly 'Microsoft.Bcl.AsyncInterfaces, Version=1.0.0.0, Culture=neutral, PublicKeyToken=cc7b13ffcd2ddd51'. The system cannot find the file specified.
File name: 'Microsoft.Bcl.AsyncInterfaces, Version=1.0.0.0, Culture=neutral, PublicKeyToken=cc7b13ffcd2ddd51'
 ---> System.IO.FileNotFoundException: Could not load file or assembly 'Microsoft.Bcl.AsyncInterfaces, Culture=neutral, PublicKeyToken=null'. The system cannot find the file specified.
File name: 'Microsoft.Bcl.AsyncInterfaces, Culture=neutral, PublicKeyToken=null'
   at System.Reflection.RuntimeAssembly.InternalLoad(AssemblyName assemblyName, StackCrawlMark& stackMark, AssemblyLoadContext assemblyLoadContext, RuntimeAssembly requestingAssembly, Boolean throwOnFileNotFound)
   at System.Reflection.Assembly.Load(AssemblyName assemblyRef)
   at Microsoft.VisualStudio.TestPlatform.Common.ExtensionFramework.TestPluginCache.CurrentDomainAssemblyResolve(Object sender, AssemblyResolveEventArgs args) in /_/src/Microsoft.TestPlatform.Common/ExtensionFramework/TestPluginCache.cs:line 513
   at System.Runtime.Loader.AssemblyLoadContext.GetFirstResolvedAssemblyFromResolvingEvent(AssemblyName assemblyName)
   at System.Runtime.Loader.AssemblyLoadContext.ResolveUsingEvent(AssemblyName assemblyName)
   at System.Runtime.Loader.AssemblyLoadContext.ResolveUsingResolvingEvent(IntPtr gchManagedAssemblyLoadContext, AssemblyName assemblyName)
TpTrace Warning: 0 : 9808, 1, 2024/08/05, 21:59:34.594, 4812971449, vstest.console.dll, LoaderExceptions: System.IO.FileNotFoundException: Could not load file or assembly 'Microsoft.Bcl.AsyncInterfaces, Version=1.0.0.0, Culture=neutral, PublicKeyToken=cc7b13ffcd2ddd51'. The system cannot find the file specified.
File name: 'Microsoft.Bcl.AsyncInterfaces, Version=1.0.0.0, Culture=neutral, PublicKeyToken=cc7b13ffcd2ddd51'
 ---> System.IO.FileNotFoundException: Could not load file or assembly 'Microsoft.Bcl.AsyncInterfaces, Culture=neutral, PublicKeyToken=null'. The system cannot find the file specified.
File name: 'Microsoft.Bcl.AsyncInterfaces, Culture=neutral, PublicKeyToken=null'
   at System.Reflection.RuntimeAssembly.InternalLoad(AssemblyName assemblyName, StackCrawlMark& stackMark, AssemblyLoadContext assemblyLoadContext, RuntimeAssembly requestingAssembly, Boolean throwOnFileNotFound)
   at System.Reflection.Assembly.Load(AssemblyName assemblyRef)
   at Microsoft.VisualStudio.TestPlatform.Common.ExtensionFramework.TestPluginCache.CurrentDomainAssemblyResolve(Object sender, AssemblyResolveEventArgs args) in /_/src/Microsoft.TestPlatform.Common/ExtensionFramework/TestPluginCache.cs:line 513
   at System.Runtime.Loader.AssemblyLoadContext.GetFirstResolvedAssemblyFromResolvingEvent(AssemblyName assemblyName)
   at System.Runtime.Loader.AssemblyLoadContext.ResolveUsingEvent(AssemblyName assemblyName)
   at System.Runtime.Loader.AssemblyLoadContext.ResolveUsingResolvingEvent(IntPtr gchManagedAssemblyLoadContext, AssemblyName assemblyName)
TpTrace Verbose: 0 : 9808, 1, 2024/08/05, 21:59:34.594, 4812972123, vstest.console.dll, MetadataReaderExtensionsHelper: Discovering extensions inside assembly 'Microsoft.TestPlatform.Extensions.BlameDataCollector, Version=15.0.0.0, Culture=neutral, PublicKeyToken=b03f5f7f11d50a3a' file path 'C:\Program Files\dotnet\sdk\8.0.100\Extensions\Microsoft.TestPlatform.Extensions.BlameDataCollector.dll'
TpTrace Information: 0 : 9808, 1, 2024/08/05, 21:59:34.594, 4812978023, vstest.console.dll, GetTestExtensionFromType: Register extension with identifier data 'logger://Microsoft/TestPlatform/Extensions/Blame/v1' and type 'Microsoft.TestPlatform.Extensions.BlameDataCollector.BlameLogger, Microsoft.TestPlatform.Extensions.BlameDataCollector, Version=15.0.0.0, Culture=neutral, PublicKeyToken=b03f5f7f11d50a3a' inside file 'C:\Program Files\dotnet\sdk\8.0.100\Extensions\Microsoft.TestPlatform.Extensions.BlameDataCollector.dll'
TpTrace Verbose: 0 : 9808, 1, 2024/08/05, 21:59:34.594, 4812978672, vstest.console.dll, MetadataReaderExtensionsHelper: Discovering extensions inside assembly 'Microsoft.TestPlatform.Extensions.EventLogCollector, Version=15.0.0.0, Culture=neutral, PublicKeyToken=b03f5f7f11d50a3a' file path 'C:\Program Files\dotnet\sdk\8.0.100\Extensions\Microsoft.TestPlatform.Extensions.EventLogCollector.dll'
TpTrace Verbose: 0 : 9808, 1, 2024/08/05, 21:59:34.595, 4812982841, vstest.console.dll, MetadataReaderExtensionsHelper: Discovering extensions inside assembly 'Microsoft.TestPlatform.TestHostRuntimeProvider, Version=15.0.0.0, Culture=neutral, PublicKeyToken=b03f5f7f11d50a3a' file path 'C:\Program Files\dotnet\sdk\8.0.100\Extensions\Microsoft.TestPlatform.TestHostRuntimeProvider.dll'
TpTrace Verbose: 0 : 9808, 1, 2024/08/05, 21:59:34.595, 4812986404, vstest.console.dll, MetadataReaderExtensionsHelper: Discovering extensions inside assembly 'Microsoft.VisualStudio.TestPlatform.Extensions.Html.TestLogger, Version=15.0.0.0, Culture=neutral, PublicKeyToken=b03f5f7f11d50a3a' file path 'C:\Program Files\dotnet\sdk\8.0.100\Extensions\Microsoft.VisualStudio.TestPlatform.Extensions.Html.TestLogger.dll'
TpTrace Information: 0 : 9808, 1, 2024/08/05, 21:59:34.596, 4812991506, vstest.console.dll, GetTestExtensionFromType: Register extension with identifier data 'logger://Microsoft/TestPlatform/HtmlLogger/v1' and type 'Microsoft.VisualStudio.TestPlatform.Extensions.HtmlLogger.HtmlLogger, Microsoft.VisualStudio.TestPlatform.Extensions.Html.TestLogger, Version=15.0.0.0, Culture=neutral, PublicKeyToken=b03f5f7f11d50a3a' inside file 'C:\Program Files\dotnet\sdk\8.0.100\Extensions\Microsoft.VisualStudio.TestPlatform.Extensions.Html.TestLogger.dll'
TpTrace Verbose: 0 : 9808, 1, 2024/08/05, 21:59:34.596, 4812992006, vstest.console.dll, MetadataReaderExtensionsHelper: Discovering extensions inside assembly 'Microsoft.VisualStudio.TestPlatform.Extensions.Trx.TestLogger, Version=15.0.0.0, Culture=neutral, PublicKeyToken=b03f5f7f11d50a3a' file path 'C:\Program Files\dotnet\sdk\8.0.100\Extensions\Microsoft.VisualStudio.TestPlatform.Extensions.Trx.TestLogger.dll'
TpTrace Information: 0 : 9808, 1, 2024/08/05, 21:59:34.596, 4812996390, vstest.console.dll, GetTestExtensionFromType: Register extension with identifier data 'logger://Microsoft/TestPlatform/TrxLogger/v1' and type 'Microsoft.VisualStudio.TestPlatform.Extensions.TrxLogger.TrxLogger, Microsoft.VisualStudio.TestPlatform.Extensions.Trx.TestLogger, Version=15.0.0.0, Culture=neutral, PublicKeyToken=b03f5f7f11d50a3a' inside file 'C:\Program Files\dotnet\sdk\8.0.100\Extensions\Microsoft.VisualStudio.TestPlatform.Extensions.Trx.TestLogger.dll'
TpTrace Verbose: 0 : 9808, 1, 2024/08/05, 21:59:34.596, 4812997152, vstest.console.dll, TestPluginCache: Discovered the extensions using extension path ''.
TpTrace Verbose: 0 : 9808, 1, 2024/08/05, 21:59:34.596, 4812997358, vstest.console.dll, TestPluginCache: Discoverers are ''.
TpTrace Verbose: 0 : 9808, 1, 2024/08/05, 21:59:34.596, 4812997485, vstest.console.dll, TestPluginCache: Executors are ''.
TpTrace Verbose: 0 : 9808, 1, 2024/08/05, 21:59:34.596, 4812997610, vstest.console.dll, TestPluginCache: Executors2 are ''.
TpTrace Verbose: 0 : 9808, 1, 2024/08/05, 21:59:34.596, 4812997730, vstest.console.dll, TestPluginCache: Setting providers are ''.
TpTrace Verbose: 0 : 9808, 1, 2024/08/05, 21:59:34.597, 4813000011, vstest.console.dll, TestPluginCache: Loggers are 'logger://Microsoft/TestPlatform/Extensions/Blame/v1,logger://Microsoft/TestPlatform/HtmlLogger/v1,logger://Microsoft/TestPlatform/TrxLogger/v1'.
TpTrace Verbose: 0 : 9808, 1, 2024/08/05, 21:59:34.597, 4813000364, vstest.console.dll, TestPluginCache: TestHosts are 'HostProvider://DefaultTestHost,HostProvider://DotnetTestHost'.
TpTrace Verbose: 0 : 9808, 1, 2024/08/05, 21:59:34.597, 4813000522, vstest.console.dll, TestPluginCache: DataCollectors are ''.
TpTrace Information: 0 : 9808, 1, 2024/08/05, 21:59:34.597, 4813007016, vstest.console.dll, TestPluginManager.CreateTestExtension: Attempting to load test extension: Microsoft.TestPlatform.Extensions.BlameDataCollector.BlameLogger
TpTrace Verbose: 0 : 9808, 1, 2024/08/05, 21:59:34.606, 4813091337, vstest.console.dll, TestEngine: Initializing Parallel Execution as MaxCpuCount is set to: 1
TpTrace Information: 0 : 9808, 1, 2024/08/05, 21:59:34.607, 4813103129, vstest.console.dll, TestPluginManager.CreateTestExtension: Attempting to load test extension: Microsoft.VisualStudio.TestPlatform.CrossPlatEngine.Hosting.DefaultTestHostManager
TpTrace Information: 0 : 9808, 1, 2024/08/05, 21:59:34.608, 4813113713, vstest.console.dll, TestPluginManager.CreateTestExtension: Attempting to load test extension: Microsoft.VisualStudio.TestPlatform.CrossPlatEngine.Hosting.DotnetTestHostManager
TpTrace Information: 0 : 9808, 1, 2024/08/05, 21:59:34.608, 4813117744, vstest.console.dll, InferRunSettingsHelper.IsTestSettingsEnabled: Unable to navigate to RunSettings/MSTest. Current node: RunSettings
TpTrace Verbose: 0 : 9808, 1, 2024/08/05, 21:59:34.609, 4813122687, vstest.console.dll, ParallelOperationManager.ClearSlots: Clearing all slots. Slots should accept more work: True
TpTrace Verbose: 0 : 9808, 1, 2024/08/05, 21:59:34.609, 4813127277, vstest.console.dll, ParallelOperationManager.SetOccupiedSlotCount: Setting slot counts AvailableSlotCount = 1, OccupiedSlotCount = 0.
TpTrace Verbose: 0 : 9808, 1, 2024/08/05, 21:59:34.610, 4813129246, vstest.console.dll, Occupied slots:

TpTrace Verbose: 0 : 9808, 1, 2024/08/05, 21:59:34.612, 4813151733, vstest.console.dll, TestEngine.GetExecutionManager: Chosen execution manager 'Microsoft.VisualStudio.TestPlatform.CrossPlatEngine.Client.Parallel.ParallelProxyExecutionManager, Microsoft.TestPlatform.CrossPlatEngine, Version=15.0.0.0, Culture=neutral, PublicKeyToken=b03f5f7f11d50a3a' ParallelLevel '1'.
TpTrace Verbose: 0 : 9808, 1, 2024/08/05, 21:59:34.612, 4813152621, vstest.console.dll, TestRunRequest.ExecuteAsync: Creating test run request.
TpTrace Verbose: 0 : 9808, 1, 2024/08/05, 21:59:34.612, 4813154195, vstest.console.dll, TestRunRequest.ExecuteAsync: Starting.
TpTrace Information: 0 : 9808, 1, 2024/08/05, 21:59:34.613, 4813162409, vstest.console.dll, TestRunRequest.ExecuteAsync: Starting run with settings:TestRunCriteria:
   KeepAlive=False,FrequencyOfRunStatsChangeEvent=10,RunStatsChangeEventTimeout=00:00:01.5000000,TestCaseFilter=,TestExecutorLauncher=
   Settingsxml=<RunSettings>
  <RunConfiguration>
    <ResultsDirectory>D:\Projektai\VintedAssignment\VintedAssignment.UnitTests\bin\Debug\net6.0\fine-code-coverage\coverage-tool-output</ResultsDirectory>
    <TargetPlatform>X64</TargetPlatform>
    <TargetFrameworkVersion>.NETCoreApp,Version=v6.0</TargetFrameworkVersion>
    <DesignMode>False</DesignMode>
    <CollectSourceInformation>False</CollectSourceInformation>
  </RunConfiguration>
  <LoggerRunSettings>
    <Loggers>
      <Logger friendlyName="blame" enabled="True" />
      <Logger friendlyName="Console" uri="logger://microsoft/TestPlatform/ConsoleLogger/v1" assemblyQualifiedName="Microsoft.VisualStudio.TestPlatform.CommandLine.Internal.ConsoleLogger, vstest.console, Version=15.0.0.0, Culture=neutral, PublicKeyToken=b03f5f7f11d50a3a" codeBase="C:\Program Files\dotnet\sdk\8.0.100\vstest.console.dll" enabled="True" />
    </Loggers>
  </LoggerRunSettings>
  <DataCollectionRunSettings>
    <DataCollectors>
      <DataCollector friendlyName="blame" enabled="True">
        <Configuration>
          <ResultsDirectory>D:\Projektai\VintedAssignment\VintedAssignment.UnitTests\bin\Debug\net6.0\fine-code-coverage\coverage-tool-output</ResultsDirectory>
        </Configuration>
      </DataCollector>
    </DataCollectors>
  </DataCollectionRunSettings>
</RunSettings>

TpTrace Verbose: 0 : 9808, 1, 2024/08/05, 21:59:34.613, 4813162777, vstest.console.dll, TestRunRequest.ExecuteAsync: Wait for the first run request is over.
TpTrace Verbose: 0 : 9808, 1, 2024/08/05, 21:59:34.613, 4813165133, vstest.console.dll, MulticastDelegateUtilities.SafeInvoke: TestRun.TestRunStart: Invoking callbacks was skipped because there are no subscribers.
TpTrace Verbose: 0 : 9808, 4, 2024/08/05, 21:59:34.613, 4813167598, vstest.console.dll, MulticastDelegateUtilities.SafeInvoke: InternalTestLoggerEvents.SendTestRunStart: Invoking callback 1/1 for Microsoft.VisualStudio.TestPlatform.CommandLine.Internal.ConsoleLogger., took 0 ms.
TpTrace Verbose: 0 : 9808, 1, 2024/08/05, 21:59:34.614, 4813172343, vstest.console.dll, ParallelProxyExecutionManager: Start execution. Total sources: 1
TpTrace Verbose: 0 : 9808, 1, 2024/08/05, 21:59:34.614, 4813174950, vstest.console.dll, ParallelOperationManager.StartWork: Starting adding 1 workloads.
TpTrace Verbose: 0 : 9808, 1, 2024/08/05, 21:59:34.614, 4813175414, vstest.console.dll, ParallelOperationManager.ClearSlots: Clearing all slots. Slots should accept more work: True
TpTrace Verbose: 0 : 9808, 1, 2024/08/05, 21:59:34.614, 4813175810, vstest.console.dll, ParallelOperationManager.SetOccupiedSlotCount: Setting slot counts AvailableSlotCount = 1, OccupiedSlotCount = 0.
TpTrace Verbose: 0 : 9808, 1, 2024/08/05, 21:59:34.614, 4813176017, vstest.console.dll, Occupied slots:

TpTrace Verbose: 0 : 9808, 1, 2024/08/05, 21:59:34.615, 4813184976, vstest.console.dll, TestRequestSender is acting as server.
TpTrace Verbose: 0 : 9808, 1, 2024/08/05, 21:59:34.616, 4813194666, vstest.console.dll, ParallelOperationManager.RunWorkInParallel: Adding 1 workload to slot, remaining workloads 0.
TpTrace Verbose: 0 : 9808, 1, 2024/08/05, 21:59:34.616, 4813195063, vstest.console.dll, ParallelOperationManager.SetOccupiedSlotCount: Setting slot counts AvailableSlotCount = 0, OccupiedSlotCount = 1.
TpTrace Verbose: 0 : 9808, 1, 2024/08/05, 21:59:34.616, 4813195743, vstest.console.dll, Occupied slots:
0: D:\Projektai\VintedAssignment\VintedAssignment.UnitTests\bin\Debug\net6.0\fine-code-coverage\build-output\VintedAssignment.UnitTests.dll
TpTrace Verbose: 0 : 9808, 1, 2024/08/05, 21:59:34.617, 4813204996, vstest.console.dll, ParallelOperationManager.RunWorkInParallel: Started host in slot number 0 for work (source): D:\Projektai\VintedAssignment\VintedAssignment.UnitTests\bin\Debug\net6.0\fine-code-coverage\build-output\VintedAssignment.UnitTests.dll.
TpTrace Verbose: 0 : 9808, 1, 2024/08/05, 21:59:34.618, 4813215512, vstest.console.dll, ParallelOperationManager.RunWorkInParallel: We started 1 work items, which is the max parallel level. Won't start more work.
TpTrace Verbose: 0 : 9808, 1, 2024/08/05, 21:59:34.618, 4813215887, vstest.console.dll, ParallelOperationManager.RunWorkInParallel: We started 1 work items in here, returning True.
TpTrace Information: 0 : 9808, 1, 2024/08/05, 21:59:34.618, 4813216084, vstest.console.dll, TestRunRequest.ExecuteAsync: Started.
TpTrace Verbose: 0 : 9808, 5, 2024/08/05, 21:59:34.618, 4813216293, vstest.console.dll, ParallelProxyExecutionManager.StartTestRunOnConcurrentManager: Initializing uninitialized client. Started clients: 0
TpTrace Verbose: 0 : 9808, 5, 2024/08/05, 21:59:34.618, 4813217422, vstest.console.dll, DataCollectionRequestSender.InitializeCommunication : Initialize communication. 
TpTrace Verbose: 0 : 9808, 1, 2024/08/05, 21:59:34.619, 4813220035, vstest.console.dll, TestRunRequest.WaitForCompletion: Waiting with timeout -1.
TpTrace Information: 0 : 9808, 5, 2024/08/05, 21:59:34.624, 4813269488, vstest.console.dll, Listening on Endpoint : 127.0.0.1:49893
TpTrace Verbose: 0 : 9808, 5, 2024/08/05, 21:59:34.629, 4813324973, vstest.console.dll, DotnetDataCollectionLauncher: Adding  --runtimeconfig "C:\Program Files\dotnet\sdk\8.0.100\datacollector.runtimeconfig.json" in args
TpTrace Verbose: 0 : 9808, 5, 2024/08/05, 21:59:34.629, 4813327440, vstest.console.dll, DotnetDataCollectionLauncher: Adding  --depsfile "C:\Program Files\dotnet\sdk\8.0.100\datacollector.deps.json" in args
TpTrace Verbose: 0 : 9808, 5, 2024/08/05, 21:59:34.629, 4813328673, vstest.console.dll, DotnetDataCollectionLauncher: Full path of dotnet.exe is C:\Program Files\dotnet\dotnet.exe
TpTrace Information: 0 : 9808, 5, 2024/08/05, 21:59:34.635, 4813379472, vstest.console.dll, ProxyDataCollectionManager.Initialize: Launched datacollector processId: 17448 port: 49893
TpTrace Information: 0 : 9808, 5, 2024/08/05, 21:59:34.635, 4813380797, vstest.console.dll, ProxyDataCollectionManager.Initialize: waiting for connection with timeout: 90 seconds
TpTrace Verbose: 0 : 9808, 5, 2024/08/05, 21:59:34.635, 4813381131, vstest.console.dll, DataCollectionRequestSender.WaitForRequestHandlerConnection : Waiting for connection with timeout: 90000
TpTrace Information: 0 : 9808, 7, 2024/08/05, 21:59:34.755, 4814588283, vstest.console.dll, Using the buffer size of 16384 bytes
TpTrace Information: 0 : 9808, 7, 2024/08/05, 21:59:34.756, 4814589240, vstest.console.dll, Accepted Client request and set the flag
TpTrace Verbose: 0 : 9808, 5, 2024/08/05, 21:59:34.755, 4814588407, vstest.console.dll, SocketCommunicationManager.WaitForClientConnection took: 120 ms, with 90000 ms timeout, and finished with True.
TpTrace Verbose: 0 : 9808, 5, 2024/08/05, 21:59:34.756, 4814590332, vstest.console.dll, ProxyDataCollectionManager.InvokeDataCollectionServiceAction: Starting.
TpTrace Information: 0 : 9808, 5, 2024/08/05, 21:59:34.756, 4814590864, vstest.console.dll, ProxyDataCollectionManager.BeforeTestRunStart: Get environment variable and port for datacollector processId: 17448 port: 49893
TpTrace Verbose: 0 : 9808, 5, 2024/08/05, 21:59:34.756, 4814591516, vstest.console.dll, DataCollectionRequestSender.SendBeforeTestRunStartAndGetResult: Send BeforeTestRunStart message with settingsXml <RunSettings><RunConfiguration><ResultsDirectory>D:\Projektai\VintedAssignment\VintedAssignment.UnitTests\bin\Debug\net6.0\fine-code-coverage\coverage-tool-output</ResultsDirectory><TargetPlatform>X64</TargetPlatform><TargetFrameworkVersion>.NETCoreApp,Version=v6.0</TargetFrameworkVersion><DesignMode>False</DesignMode><CollectSourceInformation>False</CollectSourceInformation><TestAdaptersPaths>C:\Program Files\dotnet\sdk\8.0.100\Extensions</TestAdaptersPaths></RunConfiguration><LoggerRunSettings><Loggers><Logger friendlyName="blame" enabled="True" /><Logger friendlyName="Console" uri="logger://microsoft/TestPlatform/ConsoleLogger/v1" assemblyQualifiedName="Microsoft.VisualStudio.TestPlatform.CommandLine.Internal.ConsoleLogger, vstest.console, Version=15.0.0.0, Culture=neutral, PublicKeyToken=b03f5f7f11d50a3a" codeBase="C:\Program Files\dotnet\sdk\8.0.100\vstest.console.dll" enabled="True" /></Loggers></LoggerRunSettings><DataCollectionRunSettings><DataCollectors><DataCollector friendlyName="blame" enabled="True"><Configuration><ResultsDirectory>D:\Projektai\VintedAssignment\VintedAssignment.UnitTests\bin\Debug\net6.0\fine-code-coverage\coverage-tool-output</ResultsDirectory></Configuration></DataCollector></DataCollectors></DataCollectionRunSettings></RunSettings> and sources System.Collections.Generic.List`1[System.String]: 
TpTrace Verbose: 0 : 9808, 5, 2024/08/05, 21:59:34.815, 4815181938, vstest.console.dll, DataCollectionRequestSender.SendBeforeTestRunStartAndGetResult: Received message: (DataCollection.SendMessage) -> {"MessageType":"DataCollection.SendMessage","Payload":{"FriendlyName":null,"Uri":null,"TestCaseId":"00000000-0000-0000-0000-000000000000","Message":"Logging DataCollector Diagnostics in file: D:\\Projektai\\VintedAssignment\\VintedAssignment.UnitTests\\bin\\Debug\\net6.0\\fine-code-coverage\\coverage-tool-output\\diagnostics.datacollector.24-08-05_21-59-34_62917_5.log","Level":0}}
TpTrace Verbose: 0 : 9808, 5, 2024/08/05, 21:59:34.886, 4815892382, vstest.console.dll, DataCollectionRequestSender.SendBeforeTestRunStartAndGetResult: Received message: (DataCollection.BeforeTestRunStartResult) -> {"MessageType":"DataCollection.BeforeTestRunStartResult","Payload":{"EnvironmentVariables":{},"DataCollectionEventsPort":49897}}
TpTrace Information: 0 : 9808, 5, 2024/08/05, 21:59:34.890, 4815938664, vstest.console.dll, ProxyDataCollectionManager.BeforeTestRunStart: SendBeforeTestRunStartAndGetResult successful, env variable from datacollector:   and testhost port: 49897
TpTrace Information: 0 : 9808, 5, 2024/08/05, 21:59:34.891, 4815939323, vstest.console.dll, ProxyDataCollectionManager.InvokeDataCollectionServiceAction: Completed.
TpTrace Verbose: 0 : 9808, 5, 2024/08/05, 21:59:34.891, 4815939514, vstest.console.dll, ParallelProxyExecutionManager.StartTestRunOnConcurrentManager: Initializing test run. Started clients: 0
TpTrace Verbose: 0 : 9808, 5, 2024/08/05, 21:59:34.891, 4815940103, vstest.console.dll, ProxyExecutionManager: Test host is always Lazy initialize.
TpTrace Verbose: 0 : 9808, 5, 2024/08/05, 21:59:34.891, 4815941435, vstest.console.dll, TestRequestSender.InitializeCommunication: initialize communication. 
TpTrace Information: 0 : 9808, 5, 2024/08/05, 21:59:34.891, 4815944865, vstest.console.dll, SocketServer.Start: Listening on endpoint : 127.0.0.1:49898
TpTrace Verbose: 0 : 9808, 5, 2024/08/05, 21:59:34.892, 4815949696, vstest.console.dll, DotnetTestHostmanager.GetTestHostProcessStartInfo: Platform environment 'X64' target architecture 'X64' framework '.NETCoreApp,Version=v6.0' OS 'Windows'
TpTrace Verbose: 0 : 9808, 5, 2024/08/05, 21:59:34.892, 4815951222, vstest.console.dll, DotnetTestHostmanager: Adding  --runtimeconfig "D:\Projektai\VintedAssignment\VintedAssignment.UnitTests\bin\Debug\net6.0\fine-code-coverage\build-output\VintedAssignment.UnitTests.runtimeconfig.json" in args
TpTrace Verbose: 0 : 9808, 5, 2024/08/05, 21:59:34.892, 4815951779, vstest.console.dll, DotnetTestHostmanager: Adding  --depsfile "D:\Projektai\VintedAssignment\VintedAssignment.UnitTests\bin\Debug\net6.0\fine-code-coverage\build-output\VintedAssignment.UnitTests.deps.json" in args
TpTrace Verbose: 0 : 9808, 5, 2024/08/05, 21:59:34.892, 4815952870, vstest.console.dll, DotnetTestHostmanager.IsWinOnArm: Current PROCESSOR_ARCHITECTURE from environment variable 'AMD64'
TpTrace Verbose: 0 : 9808, 5, 2024/08/05, 21:59:34.892, 4815953204, vstest.console.dll, DotnetTestHostmanager.IsWinOnArm: Is Windows on ARM 'False'
TpTrace Verbose: 0 : 9808, 5, 2024/08/05, 21:59:34.892, 4815953624, vstest.console.dll, DotnetTestHostManager: testhost.exe found at path: D:\Projektai\VintedAssignment\VintedAssignment.UnitTests\bin\Debug\net6.0\fine-code-coverage\build-output\testhost.exe
TpTrace Verbose: 0 : 9808, 5, 2024/08/05, 21:59:34.892, 4815953831, vstest.console.dll, DotnetTestHostmanager: Full path of host exe is D:\Projektai\VintedAssignment\VintedAssignment.UnitTests\bin\Debug\net6.0\fine-code-coverage\build-output\testhost.exe
TpTrace Verbose: 0 : 9808, 5, 2024/08/05, 21:59:34.892, 4815954591, vstest.console.dll, DotnetTestHostmanager.LaunchTestHostAsync: Found 'VSTEST_WINAPPHOST_DOTNET_ROOT' in env variables, value 'C:\Program Files\dotnet', forwarding to 'DOTNET_ROOT'
TpTrace Verbose: 0 : 9808, 5, 2024/08/05, 21:59:34.892, 4815955446, vstest.console.dll, DotnetTestHostManager: Starting process 'D:\Projektai\VintedAssignment\VintedAssignment.UnitTests\bin\Debug\net6.0\fine-code-coverage\build-output\testhost.exe' with command line ' --runtimeconfig "D:\Projektai\VintedAssignment\VintedAssignment.UnitTests\bin\Debug\net6.0\fine-code-coverage\build-output\VintedAssignment.UnitTests.runtimeconfig.json" --depsfile "D:\Projektai\VintedAssignment\VintedAssignment.UnitTests\bin\Debug\net6.0\fine-code-coverage\build-output\VintedAssignment.UnitTests.deps.json" --port 49898 --endpoint 127.0.0.1:049898 --role client --parentprocessid 9808 --diag "D:\Projektai\VintedAssignment\VintedAssignment.UnitTests\bin\Debug\net6.0\fine-code-coverage\coverage-tool-output\diagnostics.host.24-08-05_21-59-34_89181_5.log" --tracelevel 4 --datacollectionport 49897 --telemetryoptedin false'
TpTrace Verbose: 0 : 9808, 5, 2024/08/05, 21:59:34.921, 4816240278, vstest.console.dll, MulticastDelegateUtilities.SafeInvoke: HostProviderEvents.OnHostLaunched: Invoking callback 1/2 for Microsoft.VisualStudio.TestPlatform.CrossPlatEngine.Client.ProxyExecutionManagerWithDataCollection., took 1 ms.
TpTrace Verbose: 0 : 9808, 5, 2024/08/05, 21:59:34.921, 4816243651, vstest.console.dll, Test Runtime launched
TpTrace Verbose: 0 : 9808, 5, 2024/08/05, 21:59:34.921, 4816244283, vstest.console.dll, MulticastDelegateUtilities.SafeInvoke: HostProviderEvents.OnHostLaunched: Invoking callback 2/2 for Microsoft.VisualStudio.TestPlatform.CrossPlatEngine.Client.ProxyOperationManager., took 0 ms.
TpTrace Verbose: 0 : 9808, 5, 2024/08/05, 21:59:34.921, 4816248952, vstest.console.dll, TestRequestSender.WaitForRequestHandlerConnection: waiting for connection with timeout: 90000.
TpTrace Verbose: 0 : 9808, 5, 2024/08/05, 21:59:35.073, 4817759504, vstest.console.dll, TestRequestSender.WaitForRequestHandlerConnection: waiting took 151 ms, with timeout 90000 ms, and result 0, which is success.
TpTrace Verbose: 0 : 9808, 12, 2024/08/05, 21:59:35.073, 4817760042, vstest.console.dll, MulticastDelegateUtilities.SafeInvoke: SocketServer: ClientConnected: Invoking callback 1/1 for Microsoft.VisualStudio.TestPlatform.CommunicationUtilities.TestRequestSender., took 0 ms.
TpTrace Verbose: 0 : 9808, 12, 2024/08/05, 21:59:35.073, 4817761085, vstest.console.dll, SocketServer.OnClientConnected: Client connected for endPoint: 127.0.0.1:49898, starting MessageLoopAsync:
TpTrace Verbose: 0 : 9808, 13, 2024/08/05, 21:59:35.073, 4817765788, vstest.console.dll, TcpClientExtensions.MessageLoopAsync: Polling on remoteEndPoint: 127.0.0.1:49899 localEndPoint: 127.0.0.1:49898
TpTrace Verbose: 0 : 9808, 5, 2024/08/05, 21:59:35.073, 4817767682, vstest.console.dll, TestRequestSender.CheckVersionWithTestHost: Sending check version message: {"MessageType":"ProtocolVersion","Payload":7}
TpTrace Verbose: 0 : 9808, 13, 2024/08/05, 21:59:35.194, 4818978580, vstest.console.dll, TcpClientExtensions.MessageLoopAsync: NotifyDataAvailable remoteEndPoint: 127.0.0.1:49899 localEndPoint: 127.0.0.1:49898
TpTrace Verbose: 0 : 9808, 13, 2024/08/05, 21:59:35.195, 4818980503, vstest.console.dll, TestRequestSender.CheckVersionWithTestHost: onMessageReceived received message: (ProtocolVersion) -> {"MessageType":"ProtocolVersion","Payload":7}
TpTrace Verbose: 0 : 9808, 13, 2024/08/05, 21:59:35.195, 4818988337, vstest.console.dll, MulticastDelegateUtilities.SafeInvoke: LengthPrefixCommunicationChannel: MessageReceived: Invoking callback 1/1 for Microsoft.VisualStudio.TestPlatform.CommunicationUtilities.TestRequestSender+<>c__DisplayClass29_0., took 0 ms.
TpTrace Verbose: 0 : 9808, 5, 2024/08/05, 21:59:35.195, 4818989046, vstest.console.dll, TestPluginCache.GetExtensionPaths: Filtered extension paths: 
TpTrace Verbose: 0 : 9808, 13, 2024/08/05, 21:59:35.196, 4818989213, vstest.console.dll, TcpClientExtensions.MessageLoopAsync: Polling on remoteEndPoint: 127.0.0.1:49899 localEndPoint: 127.0.0.1:49898
TpTrace Verbose: 0 : 9808, 5, 2024/08/05, 21:59:35.196, 4818989646, vstest.console.dll, TestPluginCache.GetExtensionPaths: Added default extension paths: C:\Program Files\dotnet\sdk\8.0.100\Extensions\Microsoft.Diagnostics.NETCore.Client.dll
C:\Program Files\dotnet\sdk\8.0.100\Extensions\Microsoft.TestPlatform.Extensions.BlameDataCollector.dll
C:\Program Files\dotnet\sdk\8.0.100\Extensions\Microsoft.TestPlatform.Extensions.EventLogCollector.dll
C:\Program Files\dotnet\sdk\8.0.100\Extensions\Microsoft.TestPlatform.TestHostRuntimeProvider.dll
C:\Program Files\dotnet\sdk\8.0.100\Extensions\Microsoft.VisualStudio.TestPlatform.Extensions.Html.TestLogger.dll
C:\Program Files\dotnet\sdk\8.0.100\Extensions\Microsoft.VisualStudio.TestPlatform.Extensions.Trx.TestLogger.dll
TpTrace Verbose: 0 : 9808, 5, 2024/08/05, 21:59:35.196, 4818989943, vstest.console.dll, TestPluginCache.GetExtensionPaths: Added unfilterableExtensionPaths: 
TpTrace Verbose: 0 : 9808, 5, 2024/08/05, 21:59:35.197, 4819006842, vstest.console.dll, TestRequestSender.InitializeExecution: Sending initialize execution with message: {"Version":7,"MessageType":"TestExecution.Initialize","Payload":["D:\\Projektai\\VintedAssignment\\VintedAssignment.UnitTests\\bin\\Debug\\net6.0\\fine-code-coverage\\build-output\\NUnit3.TestAdapter.dll"]}
TpTrace Verbose: 0 : 9808, 5, 2024/08/05, 21:59:35.197, 4819008713, vstest.console.dll, ParallelProxyExecutionManager.StartTestRunOnConcurrentManager: Execution starting. Started clients: 1
TpTrace Verbose: 0 : 9808, 5, 2024/08/05, 21:59:35.198, 4819010870, vstest.console.dll, TestRunRequest:SendTestRunMessage: Starting.
TpTrace Verbose: 0 : 9808, 5, 2024/08/05, 21:59:35.198, 4819011973, vstest.console.dll, MulticastDelegateUtilities.SafeInvoke: TestRun.LogMessages: Invoking callback 1/1 for Microsoft.VisualStudio.TestPlatform.CommandLine.TestRunResultAggregator., took 0 ms.
TpTrace Information: 0 : 9808, 5, 2024/08/05, 21:59:35.198, 4819012189, vstest.console.dll, TestRunRequest:SendTestRunMessage: Completed.
TpTrace Verbose: 0 : 9808, 4, 2024/08/05, 21:59:35.198, 4819014789, vstest.console.dll, MulticastDelegateUtilities.SafeInvoke: InternalTestLoggerEvents.SendTestRunMessage: Invoking callback 1/1 for Microsoft.VisualStudio.TestPlatform.CommandLine.Internal.ConsoleLogger., took 0 ms.
TpTrace Warning: 0 : 9808, 5, 2024/08/05, 21:59:35.198, 4819015034, vstest.console.dll, InferRunSettingsHelper.MakeRunsettingsCompatible: Removing the following settings: TargetPlatform from RunSettings file. To use those settings please move to latest version of Microsoft.NET.Test.Sdk
TpTrace Verbose: 0 : 9808, 13, 2024/08/05, 21:59:35.199, 4819023179, vstest.console.dll, TcpClientExtensions.MessageLoopAsync: NotifyDataAvailable remoteEndPoint: 127.0.0.1:49899 localEndPoint: 127.0.0.1:49898
TpTrace Verbose: 0 : 9808, 13, 2024/08/05, 21:59:35.199, 4819027942, vstest.console.dll, TestRequestSender.OnExecutionMessageReceived: Received message: {"Version":7,"MessageType":"TestSession.Message","Payload":{"MessageLevel":0,"Message":"Logging TestHost Diagnostics in file: D:\\Projektai\\VintedAssignment\\VintedAssignment.UnitTests\\bin\\Debug\\net6.0\\fine-code-coverage\\coverage-tool-output\\diagnostics.host.24-08-05_21-59-34_89181_5.log"}}
TpTrace Verbose: 0 : 9808, 13, 2024/08/05, 21:59:35.201, 4819048420, vstest.console.dll, TestRunRequest:SendTestRunMessage: Starting.
TpTrace Verbose: 0 : 9808, 13, 2024/08/05, 21:59:35.202, 4819049634, vstest.console.dll, MulticastDelegateUtilities.SafeInvoke: TestRun.LogMessages: Invoking callback 1/1 for Microsoft.VisualStudio.TestPlatform.CommandLine.TestRunResultAggregator., took 0 ms.
TpTrace Information: 0 : 9808, 13, 2024/08/05, 21:59:35.202, 4819049882, vstest.console.dll, TestRunRequest:SendTestRunMessage: Completed.
TpTrace Verbose: 0 : 9808, 13, 2024/08/05, 21:59:35.202, 4819050089, vstest.console.dll, MulticastDelegateUtilities.SafeInvoke: LengthPrefixCommunicationChannel: MessageReceived: Invoking callback 1/1 for Microsoft.VisualStudio.TestPlatform.CommunicationUtilities.TestRequestSender+<>c__DisplayClass34_0., took 2 ms.
TpTrace Verbose: 0 : 9808, 4, 2024/08/05, 21:59:35.202, 4819050210, vstest.console.dll, MulticastDelegateUtilities.SafeInvoke: InternalTestLoggerEvents.SendTestRunMessage: Invoking callback 1/1 for Microsoft.VisualStudio.TestPlatform.CommandLine.Internal.ConsoleLogger., took 0 ms.
TpTrace Verbose: 0 : 9808, 13, 2024/08/05, 21:59:35.202, 4819050298, vstest.console.dll, TcpClientExtensions.MessageLoopAsync: Polling on remoteEndPoint: 127.0.0.1:49899 localEndPoint: 127.0.0.1:49898
TpTrace Verbose: 0 : 9808, 5, 2024/08/05, 21:59:35.209, 4819124317, vstest.console.dll, TestRequestSender.StartTestRun: Sending test run with message: {"Version":7,"MessageType":"TestExecution.StartWithSources","Payload":{"AdapterSourceMap":{"_none_":["D:\\Projektai\\VintedAssignment\\VintedAssignment.UnitTests\\bin\\Debug\\net6.0\\fine-code-coverage\\build-output\\VintedAssignment.UnitTests.dll"]},"RunSettings":"<RunSettings>\r\n  <RunConfiguration>\r\n    <ResultsDirectory>D:\\Projektai\\VintedAssignment\\VintedAssignment.UnitTests\\bin\\Debug\\net6.0\\fine-code-coverage\\coverage-tool-output</ResultsDirectory>\r\n    <TargetFrameworkVersion>.NETCoreApp,Version=v6.0</TargetFrameworkVersion>\r\n    <DesignMode>False</DesignMode>\r\n    <CollectSourceInformation>False</CollectSourceInformation>\r\n  </RunConfiguration>\r\n  <LoggerRunSettings>\r\n    <Loggers>\r\n      <Logger friendlyName=\"blame\" enabled=\"True\" />\r\n      <Logger friendlyName=\"Console\" uri=\"logger://microsoft/TestPlatform/ConsoleLogger/v1\" assemblyQualifiedName=\"Microsoft.VisualStudio.TestPlatform.CommandLine.Internal.ConsoleLogger, vstest.console, Version=15.0.0.0, Culture=neutral, PublicKeyToken=b03f5f7f11d50a3a\" codeBase=\"C:\\Program Files\\dotnet\\sdk\\8.0.100\\vstest.console.dll\" enabled=\"True\" />\r\n    </Loggers>\r\n  </LoggerRunSettings>\r\n  <DataCollectionRunSettings>\r\n    <DataCollectors>\r\n      <DataCollector friendlyName=\"blame\" enabled=\"True\">\r\n        <Configuration>\r\n          <ResultsDirectory>D:\\Projektai\\VintedAssignment\\VintedAssignment.UnitTests\\bin\\Debug\\net6.0\\fine-code-coverage\\coverage-tool-output</ResultsDirectory>\r\n        </Configuration>\r\n      </DataCollector>\r\n    </DataCollectors>\r\n  </DataCollectionRunSettings>\r\n</RunSettings>","TestExecutionContext":{"FrequencyOfRunStatsChangeEvent":10,"RunStatsChangeEventTimeout":"00:00:01.5000000","InIsolation":false,"KeepAlive":false,"AreTestCaseLevelEventsRequired":false,"IsDebug":false,"TestCaseFilter":null,"FilterOptions":null},"Package":null}}
TpTrace Verbose: 0 : 9808, 5, 2024/08/05, 21:59:35.209, 4819126020, vstest.console.dll, ParallelProxyExecutionManager.StartTestRunOnConcurrentManager: Execution started. Started clients: 1
TpTrace Verbose: 0 : 9808, 13, 2024/08/05, 21:59:35.350, 4820538683, vstest.console.dll, TcpClientExtensions.MessageLoopAsync: NotifyDataAvailable remoteEndPoint: 127.0.0.1:49899 localEndPoint: 127.0.0.1:49898
TpTrace Verbose: 0 : 9808, 13, 2024/08/05, 21:59:35.351, 4820540761, vstest.console.dll, TestRequestSender.OnExecutionMessageReceived: Received message: {"Version":7,"MessageType":"TestSession.Message","Payload":{"MessageLevel":0,"Message":"NUnit Adapter 4.4.0.0: Test execution started"}}
TpTrace Verbose: 0 : 9808, 13, 2024/08/05, 21:59:35.351, 4820542387, vstest.console.dll, TestRunRequest:SendTestRunMessage: Starting.
TpTrace Verbose: 0 : 9808, 13, 2024/08/05, 21:59:35.351, 4820542927, vstest.console.dll, MulticastDelegateUtilities.SafeInvoke: TestRun.LogMessages: Invoking callback 1/1 for Microsoft.VisualStudio.TestPlatform.CommandLine.TestRunResultAggregator., took 0 ms.
TpTrace Information: 0 : 9808, 13, 2024/08/05, 21:59:35.351, 4820543111, vstest.console.dll, TestRunRequest:SendTestRunMessage: Completed.
TpTrace Verbose: 0 : 9808, 13, 2024/08/05, 21:59:35.351, 4820543347, vstest.console.dll, MulticastDelegateUtilities.SafeInvoke: LengthPrefixCommunicationChannel: MessageReceived: Invoking callback 1/1 for Microsoft.VisualStudio.TestPlatform.CommunicationUtilities.TestRequestSender+<>c__DisplayClass34_0., took 0 ms.
TpTrace Verbose: 0 : 9808, 13, 2024/08/05, 21:59:35.351, 4820543539, vstest.console.dll, TcpClientExtensions.MessageLoopAsync: Polling on remoteEndPoint: 127.0.0.1:49899 localEndPoint: 127.0.0.1:49898
TpTrace Verbose: 0 : 9808, 4, 2024/08/05, 21:59:35.351, 4820544187, vstest.console.dll, MulticastDelegateUtilities.SafeInvoke: InternalTestLoggerEvents.SendTestRunMessage: Invoking callback 1/1 for Microsoft.VisualStudio.TestPlatform.CommandLine.Internal.ConsoleLogger., took 0 ms.
TpTrace Verbose: 0 : 9808, 13, 2024/08/05, 21:59:35.374, 4820773172, vstest.console.dll, TcpClientExtensions.MessageLoopAsync: NotifyDataAvailable remoteEndPoint: 127.0.0.1:49899 localEndPoint: 127.0.0.1:49898
TpTrace Verbose: 0 : 9808, 13, 2024/08/05, 21:59:35.374, 4820774920, vstest.console.dll, TestRequestSender.OnExecutionMessageReceived: Received message: {"Version":7,"MessageType":"TestSession.Message","Payload":{"MessageLevel":0,"Message":"Running all tests in D:\\Projektai\\VintedAssignment\\VintedAssignment.UnitTests\\bin\\Debug\\net6.0\\fine-code-coverage\\build-output\\VintedAssignment.UnitTests.dll"}}
TpTrace Verbose: 0 : 9808, 13, 2024/08/05, 21:59:35.374, 4820776155, vstest.console.dll, TestRunRequest:SendTestRunMessage: Starting.
TpTrace Verbose: 0 : 9808, 13, 2024/08/05, 21:59:35.374, 4820776777, vstest.console.dll, MulticastDelegateUtilities.SafeInvoke: TestRun.LogMessages: Invoking callback 1/1 for Microsoft.VisualStudio.TestPlatform.CommandLine.TestRunResultAggregator., took 0 ms.
TpTrace Information: 0 : 9808, 13, 2024/08/05, 21:59:35.374, 4820777103, vstest.console.dll, TestRunRequest:SendTestRunMessage: Completed.
TpTrace Verbose: 0 : 9808, 4, 2024/08/05, 21:59:35.374, 4820777238, vstest.console.dll, MulticastDelegateUtilities.SafeInvoke: InternalTestLoggerEvents.SendTestRunMessage: Invoking callback 1/1 for Microsoft.VisualStudio.TestPlatform.CommandLine.Internal.ConsoleLogger., took 0 ms.
TpTrace Verbose: 0 : 9808, 13, 2024/08/05, 21:59:35.374, 4820778081, vstest.console.dll, MulticastDelegateUtilities.SafeInvoke: LengthPrefixCommunicationChannel: MessageReceived: Invoking callback 1/1 for Microsoft.VisualStudio.TestPlatform.CommunicationUtilities.TestRequestSender+<>c__DisplayClass34_0., took 0 ms.
TpTrace Verbose: 0 : 9808, 13, 2024/08/05, 21:59:35.374, 4820778544, vstest.console.dll, TcpClientExtensions.MessageLoopAsync: Polling on remoteEndPoint: 127.0.0.1:49899 localEndPoint: 127.0.0.1:49898
TpTrace Verbose: 0 : 9808, 13, 2024/08/05, 21:59:35.496, 4821995388, vstest.console.dll, TcpClientExtensions.MessageLoopAsync: NotifyDataAvailable remoteEndPoint: 127.0.0.1:49899 localEndPoint: 127.0.0.1:49898
TpTrace Verbose: 0 : 9808, 13, 2024/08/05, 21:59:35.496, 4821997196, vstest.console.dll, TestRequestSender.OnExecutionMessageReceived: Received message: {"Version":7,"MessageType":"TestSession.Message","Payload":{"MessageLevel":0,"Message":"   NUnit3TestExecutor discovered 24 of 24 NUnit test cases using Current Discovery mode, Non-Explicit run"}}
TpTrace Verbose: 0 : 9808, 13, 2024/08/05, 21:59:35.496, 4821998396, vstest.console.dll, TestRunRequest:SendTestRunMessage: Starting.
TpTrace Verbose: 0 : 9808, 13, 2024/08/05, 21:59:35.496, 4821998930, vstest.console.dll, MulticastDelegateUtilities.SafeInvoke: TestRun.LogMessages: Invoking callback 1/1 for Microsoft.VisualStudio.TestPlatform.CommandLine.TestRunResultAggregator., took 0 ms.
TpTrace Information: 0 : 9808, 13, 2024/08/05, 21:59:35.497, 4821999159, vstest.console.dll, TestRunRequest:SendTestRunMessage: Completed.
TpTrace Verbose: 0 : 9808, 13, 2024/08/05, 21:59:35.497, 4821999362, vstest.console.dll, MulticastDelegateUtilities.SafeInvoke: LengthPrefixCommunicationChannel: MessageReceived: Invoking callback 1/1 for Microsoft.VisualStudio.TestPlatform.CommunicationUtilities.TestRequestSender+<>c__DisplayClass34_0., took 0 ms.
TpTrace Verbose: 0 : 9808, 13, 2024/08/05, 21:59:35.497, 4821999572, vstest.console.dll, TcpClientExtensions.MessageLoopAsync: Polling on remoteEndPoint: 127.0.0.1:49899 localEndPoint: 127.0.0.1:49898
TpTrace Verbose: 0 : 9808, 4, 2024/08/05, 21:59:35.497, 4822000495, vstest.console.dll, MulticastDelegateUtilities.SafeInvoke: InternalTestLoggerEvents.SendTestRunMessage: Invoking callback 1/1 for Microsoft.VisualStudio.TestPlatform.CommandLine.Internal.ConsoleLogger., took 0 ms.
TpTrace Verbose: 0 : 9808, 13, 2024/08/05, 21:59:35.658, 4823616723, vstest.console.dll, TcpClientExtensions.MessageLoopAsync: NotifyDataAvailable remoteEndPoint: 127.0.0.1:49899 localEndPoint: 127.0.0.1:49898
TpTrace Verbose: 0 : 9808, 13, 2024/08/05, 21:59:35.659, 4823619782, vstest.console.dll, TestRequestSender.OnExecutionMessageReceived: Received message: {"Version":7,"MessageType":"TestExecution.StatsChange","Payload":{"NewTestResults":[{"TestCase":{"Id":"71f1bc36-3b46-682b-9277-aeeb9e14f9a8","FullyQualifiedName":"VintedAssignment.Tests.VintedExercise.Tests.ThirdLShipmentFreeRuleTests.Apply_ShouldApplyDiscountForThirdLShipment","DisplayName":"Apply_ShouldApplyDiscountForThirdLShipment","ExecutorUri":"executor://NUnit3TestExecutor","Source":"D:\\Projektai\\VintedAssignment\\VintedAssignment.UnitTests\\bin\\Debug\\net6.0\\fine-code-coverage\\build-output\\VintedAssignment.UnitTests.dll","CodeFilePath":null,"LineNumber":0,"Properties":[{"Key":{"Id":"NUnit.Seed","Label":"Seed","Category":"","Description":"","Attributes":0,"ValueType":"System.String"},"Value":"1443610752"}]},"Attachments":[],"Outcome":1,"ErrorMessage":null,"ErrorStackTrace":null,"DisplayName":"Apply_ShouldApplyDiscountForThirdLShipment","Messages":[],"ComputerName":"DESKTOP-4Q7MK15","Duration":"00:00:00.0158070","StartTime":"2024-08-05T18:59:35.5172581+00:00","EndTime":"2024-08-05T18:59:35.5330021+00:00","Properties":[{"Key":{"Id":"NUnit.Seed","Label":"Seed","Category":"","Description":"","Attributes":0,"ValueType":"System.String"},"Value":"1443610752"}]},{"TestCase":{"Id":"56b938fa-e0dc-9c53-e1f6-3033744dcedc","FullyQualifiedName":"VintedAssignment.Tests.VintedExercise.Tests.ThirdLShipmentFreeRuleTests.Apply_WhenExceedsMonthlyDiscountLimit_ShouldBeLimitedByCap","DisplayName":"Apply_WhenExceedsMonthlyDiscountLimit_ShouldBeLimitedByCap","ExecutorUri":"executor://NUnit3TestExecutor","Source":"D:\\Projektai\\VintedAssignment\\VintedAssignment.UnitTests\\bin\\Debug\\net6.0\\fine-code-coverage\\build-output\\VintedAssignment.UnitTests.dll","CodeFilePath":null,"LineNumber":0,"Properties":[{"Key":{"Id":"NUnit.Seed","Label":"Seed","Category":"","Description":"","Attributes":0,"ValueType":"System.String"},"Value":"1670687347"}]},"Attachments":[],"Outcome":1,"ErrorMessage":null,"ErrorStackTrace":null,"DisplayName":"Apply_WhenExceedsMonthlyDiscountLimit_ShouldBeLimitedByCap","Messages":[],"ComputerName":"DESKTOP-4Q7MK15","Duration":"00:00:00.0004520","StartTime":"2024-08-05T18:59:35.5340426+00:00","EndTime":"2024-08-05T18:59:35.5344947+00:00","Properties":[{"Key":{"Id":"NUnit.Seed","Label":"Seed","Category":"","Description":"","Attributes":0,"ValueType":"System.String"},"Value":"1670687347"}]},{"TestCase":{"Id":"e55c44ea-c396-687f-45ce-0f6ea87a0c4a","FullyQualifiedName":"VintedAssignment.Tests.VintedExercise.Tests.ThirdLShipmentFreeRuleTests.Apply_WhenLessThanThreeLShipments_ShouldNotApplyDiscount","DisplayName":"Apply_WhenLessThanThreeLShipments_ShouldNotApplyDiscount","ExecutorUri":"executor://NUnit3TestExecutor","Source":"D:\\Projektai\\VintedAssignment\\VintedAssignment.UnitTests\\bin\\Debug\\net6.0\\fine-code-coverage\\build-output\\VintedAssignment.UnitTests.dll","CodeFilePath":null,"LineNumber":0,"Properties":[{"Key":{"Id":"NUnit.Seed","Label":"Seed","Category":"","Description":"","Attributes":0,"ValueType":"System.String"},"Value":"1802532612"}]},"Attachments":[],"Outcome":1,"ErrorMessage":null,"ErrorStackTrace":null,"DisplayName":"Apply_WhenLessThanThreeLShipments_ShouldNotApplyDiscount","Messages":[],"ComputerName":"DESKTOP-4Q7MK15","Duration":"00:00:00.0002390","StartTime":"2024-08-05T18:59:35.5345122+00:00","EndTime":"2024-08-05T18:59:35.5347512+00:00","Properties":[{"Key":{"Id":"NUnit.Seed","Label":"Seed","Category":"","Description":"","Attributes":0,"ValueType":"System.String"},"Value":"1802532612"}]},{"TestCase":{"Id":"121feb9f-2cc2-159d-3a42-b5f59abe65fa","FullyQualifiedName":"VintedAssignment.UnitTests.Helpers.FileParserTests.ReadShipments_WhenEmptyLine_ShouldReturnEmptyList","DisplayName":"ReadShipments_WhenEmptyLine_ShouldReturnEmptyList","ExecutorUri":"executor://NUnit3TestExecutor","Source":"D:\\Projektai\\VintedAssignment\\VintedAssignment.UnitTests\\bin\\Debug\\net6.0\\fine-code-coverage\\build-output\\VintedAssignment.UnitTests.dll","CodeFilePath":null,"LineNumber":0,"Properties":[{"Key":{"Id":"NUnit.Seed","Label":"Seed","Category":"","Description":"","Attributes":0,"ValueType":"System.String"},"Value":"1115568146"}]},"Attachments":[],"Outcome":1,"ErrorMessage":null,"ErrorStackTrace":null,"DisplayName":"ReadShipments_WhenEmptyLine_ShouldReturnEmptyList","Messages":[],"ComputerName":"DESKTOP-4Q7MK15","Duration":"00:00:00.0807760","StartTime":"2024-08-05T18:59:35.5362565+00:00","EndTime":"2024-08-05T18:59:35.6170322+00:00","Properties":[{"Key":{"Id":"NUnit.Seed","Label":"Seed","Category":"","Description":"","Attributes":0,"ValueType":"System.String"},"Value":"1115568146"}]},{"TestCase":{"Id":"ed15cced-5de4-7b8a-c5f7-bfdaf6fb88b4","FullyQualifiedName":"VintedAssignment.UnitTests.Helpers.FileParserTests.ReadShipments_WhenInvalidLines_ShouldReturnsInvalidShipments","DisplayName":"ReadShipments_WhenInvalidLines_ShouldReturnsInvalidShipments","ExecutorUri":"executor://NUnit3TestExecutor","Source":"D:\\Projektai\\VintedAssignment\\VintedAssignment.UnitTests\\bin\\Debug\\net6.0\\fine-code-coverage\\build-output\\VintedAssignment.UnitTests.dll","CodeFilePath":null,"LineNumber":0,"Properties":[{"Key":{"Id":"NUnit.Seed","Label":"Seed","Category":"","Description":"","Attributes":0,"ValueType":"System.String"},"Value":"211005415"}]},"Attachments":[],"Outcome":1,"ErrorMessage":null,"ErrorStackTrace":null,"DisplayName":"ReadShipments_WhenInvalidLines_ShouldReturnsInvalidShipments","Messages":[],"ComputerName":"DESKTOP-4Q7MK15","Duration":"00:00:00.0065480","StartTime":"2024-08-05T18:59:35.617064+00:00","EndTime":"2024-08-05T18:59:35.6236122+00:00","Properties":[{"Key":{"Id":"NUnit.Seed","Label":"Seed","Category":"","Description":"","Attributes":0,"ValueType":"System.String"},"Value":"211005415"}]},{"TestCase":{"Id":"175ebad6-0f52-808e-3319-e72b92675d74","FullyQualifiedName":"VintedAssignment.UnitTests.Helpers.FileParserTests.ReadShipments_WhenValidLines_ShouldReturnValidShipments","DisplayName":"ReadShipments_WhenValidLines_ShouldReturnValidShipments","ExecutorUri":"executor://NUnit3TestExecutor","Source":"D:\\Projektai\\VintedAssignment\\VintedAssignment.UnitTests\\bin\\Debug\\net6.0\\fine-code-coverage\\build-output\\VintedAssignment.UnitTests.dll","CodeFilePath":null,"LineNumber":0,"Properties":[{"Key":{"Id":"NUnit.Seed","Label":"Seed","Category":"","Description":"","Attributes":0,"ValueType":"System.String"},"Value":"1061380451"}]},"Attachments":[],"Outcome":1,"ErrorMessage":null,"ErrorStackTrace":null,"DisplayName":"ReadShipments_WhenValidLines_ShouldReturnValidShipments","Messages":[],"ComputerName":"DESKTOP-4Q7MK15","Duration":"00:00:00.0071640","StartTime":"2024-08-05T18:59:35.6236444+00:00","EndTime":"2024-08-05T18:59:35.6308084+00:00","Properties":[{"Key":{"Id":"NUnit.Seed","Label":"Seed","Category":"","Description":"","Attributes":0,"ValueType":"System.String"},"Value":"1061380451"}]},{"TestCase":{"Id":"733b8129-2b40-0a5f-e772-30536ec76b46","FullyQualifiedName":"VintedAssignment.UnitTests.Helpers.ShipmentOutputFormatterTests.FormatShipmentOutput_WhenInvalidShipment_ShouldReturnIgnoredString","DisplayName":"FormatShipmentOutput_WhenInvalidShipment_ShouldReturnIgnoredString","ExecutorUri":"executor://NUnit3TestExecutor","Source":"D:\\Projektai\\VintedAssignment\\VintedAssignment.UnitTests\\bin\\Debug\\net6.0\\fine-code-coverage\\build-output\\VintedAssignment.UnitTests.dll","CodeFilePath":null,"LineNumber":0,"Properties":[{"Key":{"Id":"NUnit.Seed","Label":"Seed","Category":"","Description":"","Attributes":0,"ValueType":"System.String"},"Value":"435144040"}]},"Attachments":[],"Outcome":1,"ErrorMessage":null,"ErrorStackTrace":null,"DisplayName":"FormatShipmentOutput_WhenInvalidShipment_ShouldReturnIgnoredString","Messages":[],"ComputerName":"DESKTOP-4Q7MK15","Duration":"00:00:00.0006640","StartTime":"2024-08-05T18:59:35.6309292+00:00","EndTime":"2024-08-05T18:59:35.631593+00:00","Properties":[{"Key":{"Id":"NUnit.Seed","Label":"Seed","Category":"","Description":"","Attributes":0,"ValueType":"System.String"},"Value":"435144040"}]},{"TestCase":{"Id":"bbd1f31a-8b2d-f8e7-6380-7c95a42aef92","FullyQualifiedName":"VintedAssignment.UnitTests.Helpers.ShipmentOutputFormatterTests.FormatShipmentOutput_WhenValidShipment_ShouldReturnFormattedString","DisplayName":"FormatShipmentOutput_WhenValidShipment_ShouldReturnFormattedString","ExecutorUri":"executor://NUnit3TestExecutor","Source":"D:\\Projektai\\VintedAssignment\\VintedAssignment.UnitTests\\bin\\Debug\\net6.0\\fine-code-coverage\\build-output\\VintedAssignment.UnitTests.dll","CodeFilePath":null,"LineNumber":0,"Properties":[{"Key":{"Id":"NUnit.Seed","Label":"Seed","Category":"","Description":"","Attributes":0,"ValueType":"System.String"},"Value":"1169960665"}]},"Attachments":[],"Outcome":1,"ErrorMessage":null,"ErrorStackTrace":null,"DisplayName":"FormatShipmentOutput_WhenValidShipment_ShouldReturnFormattedString","Messages":[],"ComputerName":"DESKTOP-4Q7MK15","Duration":"00:00:00.0003330","StartTime":"2024-08-05T18:59:35.6316049+00:00","EndTime":"2024-08-05T18:59:35.6319381+00:00","Properties":[{"Key":{"Id":"NUnit.Seed","Label":"Seed","Category":"","Description":"","Attributes":0,"ValueType":"System.String"},"Value":"1169960665"}]},{"TestCase":{"Id":"2f6925be-dfb9-18c5-6cfc-8645bb9b40b6","FullyQualifiedName":"VintedAssignment.UnitTests.Helpers.ShipmentOutputFormatterTests.FormatShipmentOutput_WhenValidShipmentAndNoDiscount_ShouldReturnFormattedString","DisplayName":"FormatShipmentOutput_WhenValidShipmentAndNoDiscount_ShouldReturnFormattedString","ExecutorUri":"executor://NUnit3TestExecutor","Source":"D:\\Projektai\\VintedAssignment\\VintedAssignment.UnitTests\\bin\\Debug\\net6.0\\fine-code-coverage\\build-output\\VintedAssignment.UnitTests.dll","CodeFilePath":null,"LineNumber":0,"Properties":[{"Key":{"Id":"NUnit.Seed","Label":"Seed","Category":"","Description":"","Attributes":0,"ValueType":"System.String"},"Value":"120400963"}]},"Attachments":[],"Outcome":1,"ErrorMessage":null,"ErrorStackTrace":null,"DisplayName":"FormatShipmentOutput_WhenValidShipmentAndNoDiscount_ShouldReturnFormattedString","Messages":[],"ComputerName":"DESKTOP-4Q7MK15","Duration":"00:00:00.0002020","StartTime":"2024-08-05T18:59:35.6319477+00:00","EndTime":"2024-08-05T18:59:35.6321497+00:00","Properties":[{"Key":{"Id":"NUnit.Seed","Label":"Seed","Category":"","Description":"","Attributes":0,"ValueType":"System.String"},"Value":"120400963"}]}],"TestRunStatistics":{"ExecutedTests":9,"Stats":{"Passed":9}},"ActiveTests":[{"Id":"1c74979d-beb4-2033-a488-af33679461e3","FullyQualifiedName":"VintedAssignment.UnitTests.Helpers.ValidatorTests.IsValid_WHenInvalidLines_ShouldReturnFalse(\"2024-08-01\",False)","DisplayName":"IsValid_WHenInvalidLines_ShouldReturnFalse(\"2024-08-01\",False)","ExecutorUri":"executor://NUnit3TestExecutor","Source":"D:\\Projektai\\VintedAssignment\\VintedAssignment.UnitTests\\bin\\Debug\\net6.0\\fine-code-coverage\\build-output\\VintedAssignment.UnitTests.dll","CodeFilePath":null,"LineNumber":0,"Properties":[{"Key":{"Id":"NUnit.Seed","Label":"Seed","Category":"","Description":"","Attributes":0,"ValueType":"System.String"},"Value":"53178749"}]}]}}
TpTrace Verbose: 0 : 9808, 13, 2024/08/05, 21:59:35.679, 4823819262, vstest.console.dll, TestRunRequest:SendTestRunStatsChange: Starting.
TpTrace Verbose: 0 : 9808, 13, 2024/08/05, 21:59:35.679, 4823820604, vstest.console.dll, InProgress is IsValid_WHenInvalidLines_ShouldReturnFalse("2024-08-01",False)
TpTrace Verbose: 0 : 9808, 13, 2024/08/05, 21:59:35.679, 4823822116, vstest.console.dll, MulticastDelegateUtilities.SafeInvoke: TestRun.RunStatsChanged: Invoking callbacks was skipped because there are no subscribers.
TpTrace Information: 0 : 9808, 13, 2024/08/05, 21:59:35.679, 4823822487, vstest.console.dll, TestRunRequest:SendTestRunStatsChange: Completed.
TpTrace Verbose: 0 : 9808, 13, 2024/08/05, 21:59:35.679, 4823822852, vstest.console.dll, MulticastDelegateUtilities.SafeInvoke: LengthPrefixCommunicationChannel: MessageReceived: Invoking callback 1/1 for Microsoft.VisualStudio.TestPlatform.CommunicationUtilities.TestRequestSender+<>c__DisplayClass34_0., took 20 ms.
TpTrace Verbose: 0 : 9808, 13, 2024/08/05, 21:59:35.679, 4823823097, vstest.console.dll, TcpClientExtensions.MessageLoopAsync: Polling on remoteEndPoint: 127.0.0.1:49899 localEndPoint: 127.0.0.1:49898
TpTrace Verbose: 0 : 9808, 4, 2024/08/05, 21:59:35.680, 4823837025, vstest.console.dll, MulticastDelegateUtilities.SafeInvoke: InternalTestLoggerEvents.SendTestResult: Invoking callback 1/1 for Microsoft.VisualStudio.TestPlatform.CommandLine.Internal.ConsoleLogger., took 1 ms.
TpTrace Verbose: 0 : 9808, 4, 2024/08/05, 21:59:35.681, 4823840026, vstest.console.dll, MulticastDelegateUtilities.SafeInvoke: InternalTestLoggerEvents.SendTestResult: Invoking callback 1/1 for Microsoft.VisualStudio.TestPlatform.CommandLine.Internal.ConsoleLogger., took 0 ms.
TpTrace Verbose: 0 : 9808, 4, 2024/08/05, 21:59:35.681, 4823840603, vstest.console.dll, MulticastDelegateUtilities.SafeInvoke: InternalTestLoggerEvents.SendTestResult: Invoking callback 1/1 for Microsoft.VisualStudio.TestPlatform.CommandLine.Internal.ConsoleLogger., took 0 ms.
TpTrace Verbose: 0 : 9808, 4, 2024/08/05, 21:59:35.681, 4823840913, vstest.console.dll, MulticastDelegateUtilities.SafeInvoke: InternalTestLoggerEvents.SendTestResult: Invoking callback 1/1 for Microsoft.VisualStudio.TestPlatform.CommandLine.Internal.ConsoleLogger., took 0 ms.
TpTrace Verbose: 0 : 9808, 4, 2024/08/05, 21:59:35.681, 4823841227, vstest.console.dll, MulticastDelegateUtilities.SafeInvoke: InternalTestLoggerEvents.SendTestResult: Invoking callback 1/1 for Microsoft.VisualStudio.TestPlatform.CommandLine.Internal.ConsoleLogger., took 0 ms.
TpTrace Verbose: 0 : 9808, 4, 2024/08/05, 21:59:35.681, 4823841457, vstest.console.dll, MulticastDelegateUtilities.SafeInvoke: InternalTestLoggerEvents.SendTestResult: Invoking callback 1/1 for Microsoft.VisualStudio.TestPlatform.CommandLine.Internal.ConsoleLogger., took 0 ms.
TpTrace Verbose: 0 : 9808, 4, 2024/08/05, 21:59:35.681, 4823841701, vstest.console.dll, MulticastDelegateUtilities.SafeInvoke: InternalTestLoggerEvents.SendTestResult: Invoking callback 1/1 for Microsoft.VisualStudio.TestPlatform.CommandLine.Internal.ConsoleLogger., took 0 ms.
TpTrace Verbose: 0 : 9808, 4, 2024/08/05, 21:59:35.681, 4823842014, vstest.console.dll, MulticastDelegateUtilities.SafeInvoke: InternalTestLoggerEvents.SendTestResult: Invoking callback 1/1 for Microsoft.VisualStudio.TestPlatform.CommandLine.Internal.ConsoleLogger., took 0 ms.
TpTrace Verbose: 0 : 9808, 4, 2024/08/05, 21:59:35.681, 4823842230, vstest.console.dll, MulticastDelegateUtilities.SafeInvoke: InternalTestLoggerEvents.SendTestResult: Invoking callback 1/1 for Microsoft.VisualStudio.TestPlatform.CommandLine.Internal.ConsoleLogger., took 0 ms.
TpTrace Verbose: 0 : 9808, 13, 2024/08/05, 21:59:35.696, 4823994690, vstest.console.dll, TcpClientExtensions.MessageLoopAsync: NotifyDataAvailable remoteEndPoint: 127.0.0.1:49899 localEndPoint: 127.0.0.1:49898
TpTrace Verbose: 0 : 9808, 13, 2024/08/05, 21:59:35.696, 4823996905, vstest.console.dll, TestRequestSender.OnExecutionMessageReceived: Received message: {"Version":7,"MessageType":"TestExecution.StatsChange","Payload":{"NewTestResults":[{"TestCase":{"Id":"1c74979d-beb4-2033-a488-af33679461e3","FullyQualifiedName":"VintedAssignment.UnitTests.Helpers.ValidatorTests.IsValid_WHenInvalidLines_ShouldReturnFalse(\"2024-08-01\",False)","DisplayName":"IsValid_WHenInvalidLines_ShouldReturnFalse(\"2024-08-01\",False)","ExecutorUri":"executor://NUnit3TestExecutor","Source":"D:\\Projektai\\VintedAssignment\\VintedAssignment.UnitTests\\bin\\Debug\\net6.0\\fine-code-coverage\\build-output\\VintedAssignment.UnitTests.dll","CodeFilePath":null,"LineNumber":0,"Properties":[{"Key":{"Id":"NUnit.Seed","Label":"Seed","Category":"","Description":"","Attributes":0,"ValueType":"System.String"},"Value":"53178749"}]},"Attachments":[],"Outcome":1,"ErrorMessage":null,"ErrorStackTrace":null,"DisplayName":"IsValid_WHenInvalidLines_ShouldReturnFalse(\"2024-08-01\",False)","Messages":[],"ComputerName":"DESKTOP-4Q7MK15","Duration":"00:00:00.0003810","StartTime":"2024-08-05T18:59:35.6322539+00:00","EndTime":"2024-08-05T18:59:35.6326344+00:00","Properties":[{"Key":{"Id":"NUnit.Seed","Label":"Seed","Category":"","Description":"","Attributes":0,"ValueType":"System.String"},"Value":"53178749"}]},{"TestCase":{"Id":"991c81e7-2c7b-7a2f-ba32-90aedf833e5a","FullyQualifiedName":"VintedAssignment.UnitTests.Helpers.ValidatorTests.IsValid_WHenInvalidLines_ShouldReturnFalse(\"2024-08-01 S\",False)","DisplayName":"IsValid_WHenInvalidLines_ShouldReturnFalse(\"2024-08-01 S\",False)","ExecutorUri":"executor://NUnit3TestExecutor","Source":"D:\\Projektai\\VintedAssignment\\VintedAssignment.UnitTests\\bin\\Debug\\net6.0\\fine-code-coverage\\build-output\\VintedAssignment.UnitTests.dll","CodeFilePath":null,"LineNumber":0,"Properties":[{"Key":{"Id":"NUnit.Seed","Label":"Seed","Category":"","Description":"","Attributes":0,"ValueType":"System.String"},"Value":"1724643200"}]},"Attachments":[],"Outcome":1,"ErrorMessage":null,"ErrorStackTrace":null,"DisplayName":"IsValid_WHenInvalidLines_ShouldReturnFalse(\"2024-08-01 S\",False)","Messages":[],"ComputerName":"DESKTOP-4Q7MK15","Duration":"00:00:00.0000300","StartTime":"2024-08-05T18:59:35.6326424+00:00","EndTime":"2024-08-05T18:59:35.6326722+00:00","Properties":[{"Key":{"Id":"NUnit.Seed","Label":"Seed","Category":"","Description":"","Attributes":0,"ValueType":"System.String"},"Value":"1724643200"}]},{"TestCase":{"Id":"56557457-7b6e-358d-6f9f-2aaacd791bfa","FullyQualifiedName":"VintedAssignment.UnitTests.Helpers.ValidatorTests.IsValid_WHenInvalidLines_ShouldReturnFalse(\"2024-08-01 XX LP\",False)","DisplayName":"IsValid_WHenInvalidLines_ShouldReturnFalse(\"2024-08-01 XX LP\",False)","ExecutorUri":"executor://NUnit3TestExecutor","Source":"D:\\Projektai\\VintedAssignment\\VintedAssignment.UnitTests\\bin\\Debug\\net6.0\\fine-code-coverage\\build-output\\VintedAssignment.UnitTests.dll","CodeFilePath":null,"LineNumber":0,"Properties":[{"Key":{"Id":"NUnit.Seed","Label":"Seed","Category":"","Description":"","Attributes":0,"ValueType":"System.String"},"Value":"257210111"}]},"Attachments":[],"Outcome":1,"ErrorMessage":null,"ErrorStackTrace":null,"DisplayName":"IsValid_WHenInvalidLines_ShouldReturnFalse(\"2024-08-01 XX LP\",False)","Messages":[],"ComputerName":"DESKTOP-4Q7MK15","Duration":"00:00:00.0005980","StartTime":"2024-08-05T18:59:35.6326763+00:00","EndTime":"2024-08-05T18:59:35.6332745+00:00","Properties":[{"Key":{"Id":"NUnit.Seed","Label":"Seed","Category":"","Description":"","Attributes":0,"ValueType":"System.String"},"Value":"257210111"}]},{"TestCase":{"Id":"847670e5-80e5-4f0a-8b4f-d24e0767f2ec","FullyQualifiedName":"VintedAssignment.UnitTests.Helpers.ValidatorTests.IsValid_WHenInvalidLines_ShouldReturnFalse(\"2024-08-01 S XX\",False)","DisplayName":"IsValid_WHenInvalidLines_ShouldReturnFalse(\"2024-08-01 S XX\",False)","ExecutorUri":"executor://NUnit3TestExecutor","Source":"D:\\Projektai\\VintedAssignment\\VintedAssignment.UnitTests\\bin\\Debug\\net6.0\\fine-code-coverage\\build-output\\VintedAssignment.UnitTests.dll","CodeFilePath":null,"LineNumber":0,"Properties":[{"Key":{"Id":"NUnit.Seed","Label":"Seed","Category":"","Description":"","Attributes":0,"ValueType":"System.String"},"Value":"1984100751"}]},"Attachments":[],"Outcome":1,"ErrorMessage":null,"ErrorStackTrace":null,"DisplayName":"IsValid_WHenInvalidLines_ShouldReturnFalse(\"2024-08-01 S XX\",False)","Messages":[],"ComputerName":"DESKTOP-4Q7MK15","Duration":"00:00:00.0004370","StartTime":"2024-08-05T18:59:35.6332843+00:00","EndTime":"2024-08-05T18:59:35.6337212+00:00","Properties":[{"Key":{"Id":"NUnit.Seed","Label":"Seed","Category":"","Description":"","Attributes":0,"ValueType":"System.String"},"Value":"1984100751"}]},{"TestCase":{"Id":"743ea4e8-0bec-7eb0-a53e-9e50be83624e","FullyQualifiedName":"VintedAssignment.UnitTests.Helpers.ValidatorTests.IsValid_WHenInvalidLines_ShouldReturnFalse(\"2024-08-32 S LP\",False)","DisplayName":"IsValid_WHenInvalidLines_ShouldReturnFalse(\"2024-08-32 S LP\",False)","ExecutorUri":"executor://NUnit3TestExecutor","Source":"D:\\Projektai\\VintedAssignment\\VintedAssignment.UnitTests\\bin\\Debug\\net6.0\\fine-code-coverage\\build-output\\VintedAssignment.UnitTests.dll","CodeFilePath":null,"LineNumber":0,"Properties":[{"Key":{"Id":"NUnit.Seed","Label":"Seed","Category":"","Description":"","Attributes":0,"ValueType":"System.String"},"Value":"1419278493"}]},"Attachments":[],"Outcome":1,"ErrorMessage":null,"ErrorStackTrace":null,"DisplayName":"IsValid_WHenInvalidLines_ShouldReturnFalse(\"2024-08-32 S LP\",False)","Messages":[],"ComputerName":"DESKTOP-4Q7MK15","Duration":"00:00:00.0000250","StartTime":"2024-08-05T18:59:35.6337299+00:00","EndTime":"2024-08-05T18:59:35.6337547+00:00","Properties":[{"Key":{"Id":"NUnit.Seed","Label":"Seed","Category":"","Description":"","Attributes":0,"ValueType":"System.String"},"Value":"1419278493"}]},{"TestCase":{"Id":"991c81e7-2c7b-7a2f-ba32-90aedf833e5a","FullyQualifiedName":"VintedAssignment.UnitTests.Helpers.ValidatorTests.IsValid_WHenInvalidLines_ShouldReturnFalse(\"2024-08-01 S\",False)","DisplayName":"IsValid_WHenInvalidLines_ShouldReturnFalse(\"2024-08-01 S\",False)","ExecutorUri":"executor://NUnit3TestExecutor","Source":"D:\\Projektai\\VintedAssignment\\VintedAssignment.UnitTests\\bin\\Debug\\net6.0\\fine-code-coverage\\build-output\\VintedAssignment.UnitTests.dll","CodeFilePath":null,"LineNumber":0,"Properties":[{"Key":{"Id":"NUnit.Seed","Label":"Seed","Category":"","Description":"","Attributes":0,"ValueType":"System.String"},"Value":"2104734219"}]},"Attachments":[],"Outcome":1,"ErrorMessage":null,"ErrorStackTrace":null,"DisplayName":"IsValid_WHenInvalidLines_ShouldReturnFalse(\"2024-08-01 S\",False)","Messages":[],"ComputerName":"DESKTOP-4Q7MK15","Duration":"00:00:00.0000160","StartTime":"2024-08-05T18:59:35.633759+00:00","EndTime":"2024-08-05T18:59:35.6337753+00:00","Properties":[{"Key":{"Id":"NUnit.Seed","Label":"Seed","Category":"","Description":"","Attributes":0,"ValueType":"System.String"},"Value":"2104734219"}]},{"TestCase":{"Id":"df5a5c66-ef9a-7b82-9520-229b4df978ae","FullyQualifiedName":"VintedAssignment.UnitTests.Helpers.ValidatorTests.IsValid_WHenInvalidLines_ShouldReturnFalse(\"\",False)","DisplayName":"IsValid_WHenInvalidLines_ShouldReturnFalse(\"\",False)","ExecutorUri":"executor://NUnit3TestExecutor","Source":"D:\\Projektai\\VintedAssignment\\VintedAssignment.UnitTests\\bin\\Debug\\net6.0\\fine-code-coverage\\build-output\\VintedAssignment.UnitTests.dll","CodeFilePath":null,"LineNumber":0,"Properties":[{"Key":{"Id":"NUnit.Seed","Label":"Seed","Category":"","Description":"","Attributes":0,"ValueType":"System.String"},"Value":"394911613"}]},"Attachments":[],"Outcome":1,"ErrorMessage":null,"ErrorStackTrace":null,"DisplayName":"IsValid_WHenInvalidLines_ShouldReturnFalse(\"\",False)","Messages":[],"ComputerName":"DESKTOP-4Q7MK15","Duration":"00:00:00.0000130","StartTime":"2024-08-05T18:59:35.633779+00:00","EndTime":"2024-08-05T18:59:35.6337914+00:00","Properties":[{"Key":{"Id":"NUnit.Seed","Label":"Seed","Category":"","Description":"","Attributes":0,"ValueType":"System.String"},"Value":"394911613"}]},{"TestCase":{"Id":"2d0672e8-eb1b-5e79-e773-a54e9f06f679","FullyQualifiedName":"VintedAssignment.UnitTests.Helpers.ValidatorTests.IsValid_WHenValidLines_ShouldReturnTrue(\"2024-08-01 S LP\",True,2024,8,1,S,LP)","DisplayName":"IsValid_WHenValidLines_ShouldReturnTrue(\"2024-08-01 S LP\",True,2024,8,1,S,LP)","ExecutorUri":"executor://NUnit3TestExecutor","Source":"D:\\Projektai\\VintedAssignment\\VintedAssignment.UnitTests\\bin\\Debug\\net6.0\\fine-code-coverage\\build-output\\VintedAssignment.UnitTests.dll","CodeFilePath":null,"LineNumber":0,"Properties":[{"Key":{"Id":"NUnit.Seed","Label":"Seed","Category":"","Description":"","Attributes":0,"ValueType":"System.String"},"Value":"593263666"}]},"Attachments":[],"Outcome":1,"ErrorMessage":null,"ErrorStackTrace":null,"DisplayName":"IsValid_WHenValidLines_ShouldReturnTrue(\"2024-08-01 S LP\",True,2024,8,1,S,LP)","Messages":[],"ComputerName":"DESKTOP-4Q7MK15","Duration":"00:00:00.0002650","StartTime":"2024-08-05T18:59:35.6338137+00:00","EndTime":"2024-08-05T18:59:35.6340788+00:00","Properties":[{"Key":{"Id":"NUnit.Seed","Label":"Seed","Category":"","Description":"","Attributes":0,"ValueType":"System.String"},"Value":"593263666"}]},{"TestCase":{"Id":"acec50ee-2783-afee-01ef-9c6de1588264","FullyQualifiedName":"VintedAssignment.UnitTests.Helpers.ValidatorTests.IsValid_WHenValidLines_ShouldReturnTrue(\"2024-08-02 M MR\",True,2024,8,2,M,MR)","DisplayName":"IsValid_WHenValidLines_ShouldReturnTrue(\"2024-08-02 M MR\",True,2024,8,2,M,MR)","ExecutorUri":"executor://NUnit3TestExecutor","Source":"D:\\Projektai\\VintedAssignment\\VintedAssignment.UnitTests\\bin\\Debug\\net6.0\\fine-code-coverage\\build-output\\VintedAssignment.UnitTests.dll","CodeFilePath":null,"LineNumber":0,"Properties":[{"Key":{"Id":"NUnit.Seed","Label":"Seed","Category":"","Description":"","Attributes":0,"ValueType":"System.String"},"Value":"1208558990"}]},"Attachments":[],"Outcome":1,"ErrorMessage":null,"ErrorStackTrace":null,"DisplayName":"IsValid_WHenValidLines_ShouldReturnTrue(\"2024-08-02 M MR\",True,2024,8,2,M,MR)","Messages":[],"ComputerName":"DESKTOP-4Q7MK15","Duration":"00:00:00.0000330","StartTime":"2024-08-05T18:59:35.6340858+00:00","EndTime":"2024-08-05T18:59:35.6341182+00:00","Properties":[{"Key":{"Id":"NUnit.Seed","Label":"Seed","Category":"","Description":"","Attributes":0,"ValueType":"System.String"},"Value":"1208558990"}]}],"TestRunStatistics":{"ExecutedTests":18,"Stats":{"Passed":18}},"ActiveTests":[{"Id":"d7af5337-0f69-25a8-b21d-f22a2845755d","FullyQualifiedName":"VintedAssignment.UnitTests.Helpers.ValidatorTests.IsValid_WHenValidLines_ShouldReturnTrue(\"2024-08-03 L LP\",True,2024,8,3,L,LP)","DisplayName":"IsValid_WHenValidLines_ShouldReturnTrue(\"2024-08-03 L LP\",True,2024,8,3,L,LP)","ExecutorUri":"executor://NUnit3TestExecutor","Source":"D:\\Projektai\\VintedAssignment\\VintedAssignment.UnitTests\\bin\\Debug\\net6.0\\fine-code-coverage\\build-output\\VintedAssignment.UnitTests.dll","CodeFilePath":null,"LineNumber":0,"Properties":[{"Key":{"Id":"NUnit.Seed","Label":"Seed","Category":"","Description":"","Attributes":0,"ValueType":"System.String"},"Value":"1028584717"}]}]}}
TpTrace Verbose: 0 : 9808, 13, 2024/08/05, 21:59:35.698, 4824011869, vstest.console.dll, TestRunRequest:SendTestRunStatsChange: Starting.
TpTrace Verbose: 0 : 9808, 13, 2024/08/05, 21:59:35.698, 4824012404, vstest.console.dll, InProgress is IsValid_WHenValidLines_ShouldReturnTrue("2024-08-03 L LP",True,2024,8,3,L,LP)
TpTrace Verbose: 0 : 9808, 13, 2024/08/05, 21:59:35.698, 4824014826, vstest.console.dll, MulticastDelegateUtilities.SafeInvoke: TestRun.RunStatsChanged: Invoking callbacks was skipped because there are no subscribers.
TpTrace Information: 0 : 9808, 13, 2024/08/05, 21:59:35.698, 4824015131, vstest.console.dll, TestRunRequest:SendTestRunStatsChange: Completed.
TpTrace Verbose: 0 : 9808, 13, 2024/08/05, 21:59:35.698, 4824015326, vstest.console.dll, MulticastDelegateUtilities.SafeInvoke: LengthPrefixCommunicationChannel: MessageReceived: Invoking callback 1/1 for Microsoft.VisualStudio.TestPlatform.CommunicationUtilities.TestRequestSender+<>c__DisplayClass34_0., took 1 ms.
TpTrace Verbose: 0 : 9808, 13, 2024/08/05, 21:59:35.698, 4824015533, vstest.console.dll, TcpClientExtensions.MessageLoopAsync: Polling on remoteEndPoint: 127.0.0.1:49899 localEndPoint: 127.0.0.1:49898
TpTrace Verbose: 0 : 9808, 4, 2024/08/05, 21:59:35.698, 4824015908, vstest.console.dll, MulticastDelegateUtilities.SafeInvoke: InternalTestLoggerEvents.SendTestResult: Invoking callback 1/1 for Microsoft.VisualStudio.TestPlatform.CommandLine.Internal.ConsoleLogger., took 0 ms.
TpTrace Verbose: 0 : 9808, 4, 2024/08/05, 21:59:35.698, 4824016419, vstest.console.dll, MulticastDelegateUtilities.SafeInvoke: InternalTestLoggerEvents.SendTestResult: Invoking callback 1/1 for Microsoft.VisualStudio.TestPlatform.CommandLine.Internal.ConsoleLogger., took 0 ms.
TpTrace Verbose: 0 : 9808, 4, 2024/08/05, 21:59:35.698, 4824016676, vstest.console.dll, MulticastDelegateUtilities.SafeInvoke: InternalTestLoggerEvents.SendTestResult: Invoking callback 1/1 for Microsoft.VisualStudio.TestPlatform.CommandLine.Internal.ConsoleLogger., took 0 ms.
TpTrace Verbose: 0 : 9808, 4, 2024/08/05, 21:59:35.698, 4824016949, vstest.console.dll, MulticastDelegateUtilities.SafeInvoke: InternalTestLoggerEvents.SendTestResult: Invoking callback 1/1 for Microsoft.VisualStudio.TestPlatform.CommandLine.Internal.ConsoleLogger., took 0 ms.
TpTrace Verbose: 0 : 9808, 4, 2024/08/05, 21:59:35.698, 4824018038, vstest.console.dll, MulticastDelegateUtilities.SafeInvoke: InternalTestLoggerEvents.SendTestResult: Invoking callback 1/1 for Microsoft.VisualStudio.TestPlatform.CommandLine.Internal.ConsoleLogger., took 0 ms.
TpTrace Verbose: 0 : 9808, 4, 2024/08/05, 21:59:35.698, 4824018383, vstest.console.dll, MulticastDelegateUtilities.SafeInvoke: InternalTestLoggerEvents.SendTestResult: Invoking callback 1/1 for Microsoft.VisualStudio.TestPlatform.CommandLine.Internal.ConsoleLogger., took 0 ms.
TpTrace Verbose: 0 : 9808, 4, 2024/08/05, 21:59:35.698, 4824018632, vstest.console.dll, MulticastDelegateUtilities.SafeInvoke: InternalTestLoggerEvents.SendTestResult: Invoking callback 1/1 for Microsoft.VisualStudio.TestPlatform.CommandLine.Internal.ConsoleLogger., took 0 ms.
TpTrace Verbose: 0 : 9808, 4, 2024/08/05, 21:59:35.698, 4824018868, vstest.console.dll, MulticastDelegateUtilities.SafeInvoke: InternalTestLoggerEvents.SendTestResult: Invoking callback 1/1 for Microsoft.VisualStudio.TestPlatform.CommandLine.Internal.ConsoleLogger., took 0 ms.
TpTrace Verbose: 0 : 9808, 4, 2024/08/05, 21:59:35.698, 4824019083, vstest.console.dll, MulticastDelegateUtilities.SafeInvoke: InternalTestLoggerEvents.SendTestResult: Invoking callback 1/1 for Microsoft.VisualStudio.TestPlatform.CommandLine.Internal.ConsoleLogger., took 0 ms.
TpTrace Verbose: 0 : 9808, 13, 2024/08/05, 21:59:35.712, 4824150641, vstest.console.dll, TcpClientExtensions.MessageLoopAsync: NotifyDataAvailable remoteEndPoint: 127.0.0.1:49899 localEndPoint: 127.0.0.1:49898
TpTrace Verbose: 0 : 9808, 13, 2024/08/05, 21:59:35.712, 4824152113, vstest.console.dll, TestRequestSender.OnExecutionMessageReceived: Received message: {"Version":7,"MessageType":"TestSession.Message","Payload":{"MessageLevel":0,"Message":"NUnit Adapter 4.4.0.0: Test execution complete"}}
TpTrace Verbose: 0 : 9808, 13, 2024/08/05, 21:59:35.712, 4824153183, vstest.console.dll, TestRunRequest:SendTestRunMessage: Starting.
TpTrace Verbose: 0 : 9808, 13, 2024/08/05, 21:59:35.712, 4824153610, vstest.console.dll, MulticastDelegateUtilities.SafeInvoke: TestRun.LogMessages: Invoking callback 1/1 for Microsoft.VisualStudio.TestPlatform.CommandLine.TestRunResultAggregator., took 0 ms.
TpTrace Information: 0 : 9808, 13, 2024/08/05, 21:59:35.712, 4824153924, vstest.console.dll, TestRunRequest:SendTestRunMessage: Completed.
TpTrace Verbose: 0 : 9808, 13, 2024/08/05, 21:59:35.712, 4824154080, vstest.console.dll, MulticastDelegateUtilities.SafeInvoke: LengthPrefixCommunicationChannel: MessageReceived: Invoking callback 1/1 for Microsoft.VisualStudio.TestPlatform.CommunicationUtilities.TestRequestSender+<>c__DisplayClass34_0., took 0 ms.
TpTrace Verbose: 0 : 9808, 13, 2024/08/05, 21:59:35.712, 4824154252, vstest.console.dll, TcpClientExtensions.MessageLoopAsync: Polling on remoteEndPoint: 127.0.0.1:49899 localEndPoint: 127.0.0.1:49898
TpTrace Verbose: 0 : 9808, 4, 2024/08/05, 21:59:35.712, 4824154784, vstest.console.dll, MulticastDelegateUtilities.SafeInvoke: InternalTestLoggerEvents.SendTestRunMessage: Invoking callback 1/1 for Microsoft.VisualStudio.TestPlatform.CommandLine.Internal.ConsoleLogger., took 0 ms.
TpTrace Verbose: 0 : 9808, 13, 2024/08/05, 21:59:35.724, 4824276088, vstest.console.dll, TcpClientExtensions.MessageLoopAsync: NotifyDataAvailable remoteEndPoint: 127.0.0.1:49899 localEndPoint: 127.0.0.1:49898
TpTrace Verbose: 0 : 9808, 13, 2024/08/05, 21:59:35.724, 4824277919, vstest.console.dll, TestRequestSender.OnExecutionMessageReceived: Received message: {"Version":7,"MessageType":"TestExecution.Completed","Payload":{"TestRunCompleteArgs":{"TestRunStatistics":{"ExecutedTests":24,"Stats":{"Passed":24}},"IsCanceled":false,"IsAborted":false,"Error":null,"AttachmentSets":[],"InvokedDataCollectors":[],"ElapsedTimeInRunningTests":"00:00:00.3911757","Metrics":{},"DiscoveredExtensions":{"TestDiscoverers":["NUnit.VisualStudio.TestAdapter.NUnit3TestDiscoverer, NUnit3.TestAdapter, Version=4.4.0.0, Culture=neutral, PublicKeyToken=4cb40d35494691ac"],"TestExecutors":["executor://NUnit3TestExecutor"],"TestExecutors2":[],"TestSettingsProviders":[]}},"LastRunTests":{"NewTestResults":[{"TestCase":{"Id":"d7af5337-0f69-25a8-b21d-f22a2845755d","FullyQualifiedName":"VintedAssignment.UnitTests.Helpers.ValidatorTests.IsValid_WHenValidLines_ShouldReturnTrue(\"2024-08-03 L LP\",True,2024,8,3,L,LP)","DisplayName":"IsValid_WHenValidLines_ShouldReturnTrue(\"2024-08-03 L LP\",True,2024,8,3,L,LP)","ExecutorUri":"executor://NUnit3TestExecutor","Source":"D:\\Projektai\\VintedAssignment\\VintedAssignment.UnitTests\\bin\\Debug\\net6.0\\fine-code-coverage\\build-output\\VintedAssignment.UnitTests.dll","CodeFilePath":null,"LineNumber":0,"Properties":[{"Key":{"Id":"NUnit.Seed","Label":"Seed","Category":"","Description":"","Attributes":0,"ValueType":"System.String"},"Value":"1028584717"}]},"Attachments":[],"Outcome":1,"ErrorMessage":null,"ErrorStackTrace":null,"DisplayName":"IsValid_WHenValidLines_ShouldReturnTrue(\"2024-08-03 L LP\",True,2024,8,3,L,LP)","Messages":[],"ComputerName":"DESKTOP-4Q7MK15","Duration":"00:00:00.0000250","StartTime":"2024-08-05T18:59:35.6341224+00:00","EndTime":"2024-08-05T18:59:35.634147+00:00","Properties":[{"Key":{"Id":"NUnit.Seed","Label":"Seed","Category":"","Description":"","Attributes":0,"ValueType":"System.String"},"Value":"1028584717"}]},{"TestCase":{"Id":"af34deba-1d69-48d0-d68e-aa42de3f3f7d","FullyQualifiedName":"VintedAssignment.UnitTests.Helpers.ValidatorTests.IsValid_WHenValidLines_ShouldReturnTrue(\"2024-08-04 L MR\",True,2024,8,4,L,MR)","DisplayName":"IsValid_WHenValidLines_ShouldReturnTrue(\"2024-08-04 L MR\",True,2024,8,4,L,MR)","ExecutorUri":"executor://NUnit3TestExecutor","Source":"D:\\Projektai\\VintedAssignment\\VintedAssignment.UnitTests\\bin\\Debug\\net6.0\\fine-code-coverage\\build-output\\VintedAssignment.UnitTests.dll","CodeFilePath":null,"LineNumber":0,"Properties":[{"Key":{"Id":"NUnit.Seed","Label":"Seed","Category":"","Description":"","Attributes":0,"ValueType":"System.String"},"Value":"1108427724"}]},"Attachments":[],"Outcome":1,"ErrorMessage":null,"ErrorStackTrace":null,"DisplayName":"IsValid_WHenValidLines_ShouldReturnTrue(\"2024-08-04 L MR\",True,2024,8,4,L,MR)","Messages":[],"ComputerName":"DESKTOP-4Q7MK15","Duration":"00:00:00.0000240","StartTime":"2024-08-05T18:59:35.6341512+00:00","EndTime":"2024-08-05T18:59:35.6341755+00:00","Properties":[{"Key":{"Id":"NUnit.Seed","Label":"Seed","Category":"","Description":"","Attributes":0,"ValueType":"System.String"},"Value":"1108427724"}]},{"TestCase":{"Id":"0c63e175-0ff5-0b51-d6b5-8b4f5f84d013","FullyQualifiedName":"VintedAssignment.UnitTests.Services.DiscountServiceTests.ApplyDiscounts_WhenInvalidShipment_ShouldNotApplyDiscount","DisplayName":"ApplyDiscounts_WhenInvalidShipment_ShouldNotApplyDiscount","ExecutorUri":"executor://NUnit3TestExecutor","Source":"D:\\Projektai\\VintedAssignment\\VintedAssignment.UnitTests\\bin\\Debug\\net6.0\\fine-code-coverage\\build-output\\VintedAssignment.UnitTests.dll","CodeFilePath":null,"LineNumber":0,"Properties":[{"Key":{"Id":"NUnit.Seed","Label":"Seed","Category":"","Description":"","Attributes":0,"ValueType":"System.String"},"Value":"1750267324"}]},"Attachments":[],"Outcome":1,"ErrorMessage":null,"ErrorStackTrace":null,"DisplayName":"ApplyDiscounts_WhenInvalidShipment_ShouldNotApplyDiscount","Messages":[],"ComputerName":"DESKTOP-4Q7MK15","Duration":"00:00:00.0060610","StartTime":"2024-08-05T18:59:35.6342687+00:00","EndTime":"2024-08-05T18:59:35.6403293+00:00","Properties":[{"Key":{"Id":"NUnit.Seed","Label":"Seed","Category":"","Description":"","Attributes":0,"ValueType":"System.String"},"Value":"1750267324"}]},{"TestCase":{"Id":"104d4591-206c-d91c-c0fb-3279bb86168b","FullyQualifiedName":"VintedAssignment.UnitTests.Services.DiscountServiceTests.ApplyDiscounts_WhenValidShipments_ShouldApplyDiscount","DisplayName":"ApplyDiscounts_WhenValidShipments_ShouldApplyDiscount","ExecutorUri":"executor://NUnit3TestExecutor","Source":"D:\\Projektai\\VintedAssignment\\VintedAssignment.UnitTests\\bin\\Debug\\net6.0\\fine-code-coverage\\build-output\\VintedAssignment.UnitTests.dll","CodeFilePath":null,"LineNumber":0,"Properties":[{"Key":{"Id":"NUnit.Seed","Label":"Seed","Category":"","Description":"","Attributes":0,"ValueType":"System.String"},"Value":"314163008"}]},"Attachments":[],"Outcome":1,"ErrorMessage":null,"ErrorStackTrace":null,"DisplayName":"ApplyDiscounts_WhenValidShipments_ShouldApplyDiscount","Messages":[],"ComputerName":"DESKTOP-4Q7MK15","Duration":"00:00:00.0023070","StartTime":"2024-08-05T18:59:35.6403462+00:00","EndTime":"2024-08-05T18:59:35.6426536+00:00","Properties":[{"Key":{"Id":"NUnit.Seed","Label":"Seed","Category":"","Description":"","Attributes":0,"ValueType":"System.String"},"Value":"314163008"}]},{"TestCase":{"Id":"29b249e7-62ea-e835-cc5d-0c153890f372","FullyQualifiedName":"VintedAssignment.UnitTests.Services.Rules.LowestSPackagePriceRuleTests.Apply_WhenExceedsMonthlyDiscountLimit_SouldLimitDiscountByCap","DisplayName":"Apply_WhenExceedsMonthlyDiscountLimit_SouldLimitDiscountByCap","ExecutorUri":"executor://NUnit3TestExecutor","Source":"D:\\Projektai\\VintedAssignment\\VintedAssignment.UnitTests\\bin\\Debug\\net6.0\\fine-code-coverage\\build-output\\VintedAssignment.UnitTests.dll","CodeFilePath":null,"LineNumber":0,"Properties":[{"Key":{"Id":"NUnit.Seed","Label":"Seed","Category":"","Description":"","Attributes":0,"ValueType":"System.String"},"Value":"1353955740"}]},"Attachments":[],"Outcome":1,"ErrorMessage":null,"ErrorStackTrace":null,"DisplayName":"Apply_WhenExceedsMonthlyDiscountLimit_SouldLimitDiscountByCap","Messages":[],"ComputerName":"DESKTOP-4Q7MK15","Duration":"00:00:00.0011329","StartTime":"2024-08-05T18:59:35.6427418+00:00","EndTime":"2024-08-05T18:59:35.6438752+00:00","Properties":[{"Key":{"Id":"NUnit.Seed","Label":"Seed","Category":"","Description":"","Attributes":0,"ValueType":"System.String"},"Value":"1353955740"}]},{"TestCase":{"Id":"971b2dcd-df0a-89cf-3608-dc0b3d4072e9","FullyQualifiedName":"VintedAssignment.UnitTests.Services.Rules.LowestSPackagePriceRuleTests.Apply_WhenValidShipments_ShouldApplyDiscountCorrectlyForMultipleMonths","DisplayName":"Apply_WhenValidShipments_ShouldApplyDiscountCorrectlyForMultipleMonths","ExecutorUri":"executor://NUnit3TestExecutor","Source":"D:\\Projektai\\VintedAssignment\\VintedAssignment.UnitTests\\bin\\Debug\\net6.0\\fine-code-coverage\\build-output\\VintedAssignment.UnitTests.dll","CodeFilePath":null,"LineNumber":0,"Properties":[{"Key":{"Id":"NUnit.Seed","Label":"Seed","Category":"","Description":"","Attributes":0,"ValueType":"System.String"},"Value":"527641877"}]},"Attachments":[],"Outcome":1,"ErrorMessage":null,"ErrorStackTrace":null,"DisplayName":"Apply_WhenValidShipments_ShouldApplyDiscountCorrectlyForMultipleMonths","Messages":[],"ComputerName":"DESKTOP-4Q7MK15","Duration":"00:00:00.0005419","StartTime":"2024-08-05T18:59:35.6438848+00:00","EndTime":"2024-08-05T18:59:35.6444242+00:00","Properties":[{"Key":{"Id":"NUnit.Seed","Label":"Seed","Category":"","Description":"","Attributes":0,"ValueType":"System.String"},"Value":"527641877"}]}],"TestRunStatistics":{"ExecutedTests":24,"Stats":{"Passed":24}},"ActiveTests":[]},"RunAttachments":[],"ExecutorUris":["executor://nunit3testexecutor/"]}}
TpTrace Verbose: 0 : 9808, 13, 2024/08/05, 21:59:35.724, 4824278869, vstest.console.dll, TestRequestSender.EndSession: Sending end session.
TpTrace Verbose: 0 : 9808, 13, 2024/08/05, 21:59:35.725, 4824279995, vstest.console.dll, ProxyOperationManager.Close: waiting for test host to exit for 100 ms
TpTrace Verbose: 0 : 9808, 11, 2024/08/05, 21:59:35.743, 4824459961, vstest.console.dll, TestHostManagerCallbacks.ctor: Experimental forwarding output is disabled.
TpTrace Warning: 0 : 9808, 11, 2024/08/05, 21:59:35.743, 4824461111, vstest.console.dll, TestHostManagerCallbacks.ErrorReceivedCallback Test host standard error line: 
TpTrace Verbose: 0 : 9808, 11, 2024/08/05, 21:59:35.749, 4824526799, vstest.console.dll, TestHostProvider.ExitCallBack: Host exited starting callback.
TpTrace Information: 0 : 9808, 11, 2024/08/05, 21:59:35.749, 4824527928, vstest.console.dll, TestHostManagerCallbacks.ExitCallBack: Testhost processId: 5532 exited with exitcode: 0 error: ''
TpTrace Verbose: 0 : 9808, 11, 2024/08/05, 21:59:35.749, 4824528166, vstest.console.dll, DotnetTestHostManager.OnHostExited: invoking OnHostExited callback
TpTrace Verbose: 0 : 9808, 11, 2024/08/05, 21:59:35.749, 4824528523, vstest.console.dll, CrossPlatEngine.TestHostManagerHostExited: calling on client process exit callback.
TpTrace Information: 0 : 9808, 11, 2024/08/05, 21:59:35.749, 4824528849, vstest.console.dll, TestRequestSender.OnClientProcessExit: Test host process exited. Standard error: 
TpTrace Information: 0 : 9808, 11, 2024/08/05, 21:59:35.749, 4824529095, vstest.console.dll, SocketServer.Stop: Stop server endPoint: 127.0.0.1:49898
TpTrace Information: 0 : 9808, 11, 2024/08/05, 21:59:35.750, 4824529249, vstest.console.dll, SocketServer.Stop: Cancellation requested. Stopping message loop.
TpTrace Verbose: 0 : 9808, 11, 2024/08/05, 21:59:35.750, 4824529930, vstest.console.dll, MulticastDelegateUtilities.SafeInvoke: HostProviderEvents.OnHostExited: Invoking callback 1/1 for Microsoft.VisualStudio.TestPlatform.CrossPlatEngine.Client.ProxyOperationManager., took 0 ms.
TpTrace Information: 0 : 9808, 13, 2024/08/05, 21:59:35.750, 4824530207, vstest.console.dll, SocketServer.Stop: Stop server endPoint: 127.0.0.1:49898
TpTrace Information: 0 : 9808, 13, 2024/08/05, 21:59:35.750, 4824530708, vstest.console.dll, SocketServer.Stop: Cancellation requested. Stopping message loop.
TpTrace Information: 0 : 9808, 13, 2024/08/05, 21:59:35.750, 4824530966, vstest.console.dll, Closing the connection
TpTrace Verbose: 0 : 9808, 13, 2024/08/05, 21:59:35.750, 4824532272, vstest.console.dll, ProxyDataCollectionManager.InvokeDataCollectionServiceAction: Starting.
TpTrace Information: 0 : 9808, 13, 2024/08/05, 21:59:35.750, 4824532534, vstest.console.dll, ProxyDataCollectionManager.AfterTestRunEnd: Get attachment set and invoked data collectors processId: 17448 port: 49893
TpTrace Verbose: 0 : 9808, 13, 2024/08/05, 21:59:35.750, 4824532827, vstest.console.dll, DataCollectionRequestSender.SendAfterTestRunStartAndGetResult: Send AfterTestRunEnd message with isCancelled: False
TpTrace Verbose: 0 : 9808, 13, 2024/08/05, 21:59:35.754, 4824575293, vstest.console.dll, DataCollectionRequestSender.SendAfterTestRunStartAndGetResult: Received message: (DataCollection.AfterTestRunEndResult) -> {"MessageType":"DataCollection.AfterTestRunEndResult","Payload":{"AttachmentSets":[],"InvokedDataCollectors":[{"Uri":"datacollector://Microsoft/TestPlatform/Extensions/Blame/v1","FriendlyName":"Blame","AssemblyQualifiedName":"Microsoft.TestPlatform.Extensions.BlameDataCollector.BlameCollector, Microsoft.TestPlatform.Extensions.BlameDataCollector, Version=15.0.0.0, Culture=neutral, PublicKeyToken=b03f5f7f11d50a3a","FilePath":"C:\\Program Files\\dotnet\\sdk\\8.0.100\\Extensions\\Microsoft.TestPlatform.Extensions.BlameDataCollector.dll","HasAttachmentProcessor":false}],"Metrics":{}}}
TpTrace Information: 0 : 9808, 13, 2024/08/05, 21:59:35.759, 4824627314, vstest.console.dll, ProxyDataCollectionManager.InvokeDataCollectionServiceAction: Completed.
TpTrace Warning: 0 : 9808, 10, 2024/08/05, 21:59:35.769, 4824725842, vstest.console.dll, DataCollectionLauncher.ErrorReceivedCallback datacollector standard error line: 
TpTrace Information: 0 : 9808, 10, 2024/08/05, 21:59:35.774, 4824774969, vstest.console.dll, DataCollectionLauncher.ExitCallBack: Data collector exited with exitcode: 0 error: ''
TpTrace Verbose: 0 : 9808, 13, 2024/08/05, 21:59:35.786, 4824894204, vstest.console.dll, TestRunRequest:SendTestRunStatsChange: Starting.
TpTrace Verbose: 0 : 9808, 13, 2024/08/05, 21:59:35.786, 4824895144, vstest.console.dll, MulticastDelegateUtilities.SafeInvoke: TestRun.RunStatsChanged: Invoking callbacks was skipped because there are no subscribers.
TpTrace Information: 0 : 9808, 13, 2024/08/05, 21:59:35.786, 4824895382, vstest.console.dll, TestRunRequest:SendTestRunStatsChange: Completed.
TpTrace Verbose: 0 : 9808, 13, 2024/08/05, 21:59:35.786, 4824897478, vstest.console.dll, ParallelProxyExecutionManager: HandlePartialRunComplete: Total workloads = 1, Total started clients = 1 Total completed clients = 1, Run complete = True, Run canceled: False.
TpTrace Verbose: 0 : 9808, 13, 2024/08/05, 21:59:35.786, 4824897731, vstest.console.dll, ParallelProxyExecutionManager: HandlePartialRunComplete: All runs completed stopping all managers.
TpTrace Verbose: 0 : 9808, 13, 2024/08/05, 21:59:35.786, 4824897910, vstest.console.dll, ParallelOperationManager.StopAllManagers: Stopping all managers.
TpTrace Verbose: 0 : 9808, 13, 2024/08/05, 21:59:35.786, 4824898074, vstest.console.dll, ParallelOperationManager.ClearSlots: Clearing all slots. Slots should accept more work: False
TpTrace Verbose: 0 : 9808, 13, 2024/08/05, 21:59:35.786, 4824898302, vstest.console.dll, ParallelOperationManager.SetOccupiedSlotCount: Setting slot counts AvailableSlotCount = 1, OccupiedSlotCount = 0.
TpTrace Verbose: 0 : 9808, 13, 2024/08/05, 21:59:35.786, 4824898489, vstest.console.dll, Occupied slots:

TpTrace Verbose: 0 : 9808, 4, 2024/08/05, 21:59:35.787, 4824904130, vstest.console.dll, MulticastDelegateUtilities.SafeInvoke: InternalTestLoggerEvents.SendTestResult: Invoking callback 1/1 for Microsoft.VisualStudio.TestPlatform.CommandLine.Internal.ConsoleLogger., took 0 ms.
TpTrace Verbose: 0 : 9808, 4, 2024/08/05, 21:59:35.787, 4824905055, vstest.console.dll, MulticastDelegateUtilities.SafeInvoke: InternalTestLoggerEvents.SendTestResult: Invoking callback 1/1 for Microsoft.VisualStudio.TestPlatform.CommandLine.Internal.ConsoleLogger., took 0 ms.
TpTrace Verbose: 0 : 9808, 4, 2024/08/05, 21:59:35.787, 4824905419, vstest.console.dll, MulticastDelegateUtilities.SafeInvoke: InternalTestLoggerEvents.SendTestResult: Invoking callback 1/1 for Microsoft.VisualStudio.TestPlatform.CommandLine.Internal.ConsoleLogger., took 0 ms.
TpTrace Verbose: 0 : 9808, 4, 2024/08/05, 21:59:35.787, 4824905712, vstest.console.dll, MulticastDelegateUtilities.SafeInvoke: InternalTestLoggerEvents.SendTestResult: Invoking callback 1/1 for Microsoft.VisualStudio.TestPlatform.CommandLine.Internal.ConsoleLogger., took 0 ms.
TpTrace Verbose: 0 : 9808, 4, 2024/08/05, 21:59:35.787, 4824905989, vstest.console.dll, MulticastDelegateUtilities.SafeInvoke: InternalTestLoggerEvents.SendTestResult: Invoking callback 1/1 for Microsoft.VisualStudio.TestPlatform.CommandLine.Internal.ConsoleLogger., took 0 ms.
TpTrace Verbose: 0 : 9808, 4, 2024/08/05, 21:59:35.787, 4824906254, vstest.console.dll, MulticastDelegateUtilities.SafeInvoke: InternalTestLoggerEvents.SendTestResult: Invoking callback 1/1 for Microsoft.VisualStudio.TestPlatform.CommandLine.Internal.ConsoleLogger., took 0 ms.
TpTrace Verbose: 0 : 9808, 4, 2024/08/05, 21:59:35.792, 4824951494, vstest.console.dll, MulticastDelegateUtilities.SafeInvoke: InternalTestLoggerEvents.SendTestRunComplete: Invoking callback 1/2 for Microsoft.TestPlatform.Extensions.BlameDataCollector.BlameLogger., took 0 ms.
TpTrace Verbose: 0 : 9808, 4, 2024/08/05, 21:59:35.796, 4824990972, vstest.console.dll, MulticastDelegateUtilities.SafeInvoke: InternalTestLoggerEvents.SendTestRunComplete: Invoking callback 2/2 for Microsoft.VisualStudio.TestPlatform.CommandLine.Internal.ConsoleLogger., took 3 ms.
TpTrace Verbose: 0 : 9808, 13, 2024/08/05, 21:59:35.796, 4824995464, vstest.console.dll, TestRunRequest:TestRunComplete: Starting. IsAborted:False IsCanceled:False.
TpTrace Verbose: 0 : 9808, 13, 2024/08/05, 21:59:35.796, 4824997078, vstest.console.dll, ParallelOperationManager.DoActionOnAllManagers: Calling an action on all managers.
TpTrace Verbose: 0 : 9808, 13, 2024/08/05, 21:59:35.797, 4825007381, vstest.console.dll, TestLoggerManager.HandleTestRunComplete: Ignoring as the object is disposed.
TpTrace Verbose: 0 : 9808, 13, 2024/08/05, 21:59:35.797, 4825008988, vstest.console.dll, MulticastDelegateUtilities.SafeInvoke: TestRun.TestRunComplete: Invoking callback 1/2 for Microsoft.VisualStudio.TestPlatform.CommandLine.TestRunResultAggregator., took 0 ms.
TpTrace Verbose: 0 : 9808, 13, 2024/08/05, 21:59:35.798, 4825009771, vstest.console.dll, MulticastDelegateUtilities.SafeInvoke: TestRun.TestRunComplete: Invoking callback 2/2 for Microsoft.VisualStudio.TestPlatform.CommandLine.Processors.RunTestsArgumentExecutor+TestRunRequestEventsRegistrar., took 0 ms.
TpTrace Information: 0 : 9808, 13, 2024/08/05, 21:59:35.798, 4825010355, vstest.console.dll, TestRunRequest:TestRunComplete: Completed.
TpTrace Verbose: 0 : 9808, 13, 2024/08/05, 21:59:35.798, 4825010633, vstest.console.dll, TestRequestSender.SetOperationComplete: Setting operation complete.
TpTrace Information: 0 : 9808, 13, 2024/08/05, 21:59:35.798, 4825010782, vstest.console.dll, SocketServer.Stop: Stop server endPoint: 127.0.0.1:49898
TpTrace Information: 0 : 9808, 13, 2024/08/05, 21:59:35.798, 4825010946, vstest.console.dll, SocketServer.Stop: Cancellation requested. Stopping message loop.
TpTrace Verbose: 0 : 9808, 13, 2024/08/05, 21:59:35.798, 4825011223, vstest.console.dll, MulticastDelegateUtilities.SafeInvoke: LengthPrefixCommunicationChannel: MessageReceived: Invoking callback 1/1 for Microsoft.VisualStudio.TestPlatform.CommunicationUtilities.TestRequestSender+<>c__DisplayClass34_0., took 73 ms.
TpTrace Information: 0 : 9808, 13, 2024/08/05, 21:59:35.798, 4825011451, vstest.console.dll, SocketServer.PrivateStop: Stopping server endPoint: 127.0.0.1:49898 error: 
TpTrace Verbose: 0 : 9808, 1, 2024/08/05, 21:59:35.798, 4825011648, vstest.console.dll, TestRunRequest.Dispose: Starting.
TpTrace Information: 0 : 9808, 1, 2024/08/05, 21:59:35.798, 4825012215, vstest.console.dll, TestRunRequest.Dispose: Completed.
TpTrace Information: 0 : 9808, 1, 2024/08/05, 21:59:35.798, 4825012561, vstest.console.dll, TestRequestManager.RunTests: run tests completed.
TpTrace Information: 0 : 9808, 1, 2024/08/05, 21:59:35.798, 4825013050, vstest.console.dll, RunTestsArgumentProcessor:Execute: Test run is completed.
TpTrace Verbose: 0 : 9808, 1, 2024/08/05, 21:59:35.798, 4825014681, vstest.console.dll, Executor.Execute: Exiting with exit code of 0
TpTrace Verbose: 0 : 9808, 13, 2024/08/05, 21:59:35.798, 4825014815, vstest.console.dll, LengthPrefixCommunicationChannel.Dispose: Dispose reader and writer.
TpTrace Information: 0 : 9808, 13, 2024/08/05, 21:59:35.798, 4825015387, vstest.console.dll, SocketServer.Stop: Raise disconnected event endPoint: 127.0.0.1:49898 error: 
TpTrace Verbose: 0 : 9808, 13, 2024/08/05, 21:59:35.798, 4825015919, vstest.console.dll, TestRequestSender: OnTestRunAbort: Operation is already complete. Skip error message.
TpTrace Verbose: 0 : 9808, 13, 2024/08/05, 21:59:35.798, 4825016189, vstest.console.dll, MulticastDelegateUtilities.SafeInvoke: SocketServer: ClientDisconnected: Invoking callback 1/1 for Microsoft.VisualStudio.TestPlatform.CommunicationUtilities.TestRequestSender., took 0 ms.
TpTrace Verbose: 0 : 9808, 13, 2024/08/05, 21:59:35.798, 4825016345, vstest.console.dll, TcpClientExtensions.MessageLoopAsync: exiting MessageLoopAsync remoteEndPoint: 127.0.0.1:49899 localEndPoint: 127.0.0.1:49898
