<?xml version="1.0" encoding="utf-8"?>
<coverage line-rate="0.8898" branch-rate="0.7926000000000001" version="1.9" timestamp="1722884375" lines-covered="420" lines-valid="472" branches-covered="65" branches-valid="82">
  <sources>
    <source>D:\Projektai\VintedAssignment\</source>
    <source>C:\</source>
  </sources>
  <packages>
    <package name="VintedAssignment" line-rate="0.7404999999999999" branch-rate="0.7391" complexity="56">
      <classes>
        <class name="VintedAssignment.Helpers.FileReaderWrapper" filename="VintedAssignment\Helpers\FileReaderWrapper.cs" line-rate="0" branch-rate="1" complexity="1">
          <methods>
            <method name="ReadAllLines" signature="(System.String)" line-rate="0" branch-rate="1" complexity="1">
              <lines>
                <line number="10" hits="0" branch="False" />
                <line number="11" hits="0" branch="False" />
                <line number="12" hits="0" branch="False" />
              </lines>
            </method>
          </methods>
          <lines>
            <line number="10" hits="0" branch="False" />
            <line number="11" hits="0" branch="False" />
            <line number="12" hits="0" branch="False" />
          </lines>
        </class>
        <class name="VintedExercise.Program" filename="VintedAssignment\Program.cs" line-rate="0" branch-rate="0" complexity="4">
          <methods>
            <method name="Main" signature="(System.String[])" line-rate="0" branch-rate="0" complexity="4">
              <lines>
                <line number="14" hits="0" branch="False" />
                <line number="16" hits="0" branch="False" />
                <line number="17" hits="0" branch="True" condition-coverage="0% (0/2)">
                  <conditions>
                    <condition number="4" type="jump" coverage="0%" />
                  </conditions>
                </line>
                <line number="19" hits="0" branch="False" />
                <line number="20" hits="0" branch="False" />
                <line number="21" hits="0" branch="False" />
                <line number="22" hits="0" branch="False" />
                <line number="25" hits="0" branch="False" />
                <line number="26" hits="0" branch="False" />
                <line number="27" hits="0" branch="False" />
                <line number="28" hits="0" branch="False" />
                <line number="29" hits="0" branch="False" />
                <line number="30" hits="0" branch="False" />
                <line number="32" hits="0" branch="False" />
                <line number="33" hits="0" branch="False" />
                <line number="35" hits="0" branch="True" condition-coverage="0% (0/2)">
                  <conditions>
                    <condition number="149" type="jump" coverage="0%" />
                  </conditions>
                </line>
                <line number="36" hits="0" branch="False" />
                <line number="37" hits="0" branch="False" />
                <line number="38" hits="0" branch="False" />
                <line number="39" hits="0" branch="False" />
                <line number="40" hits="0" branch="False" />
                <line number="41" hits="0" branch="False" />
                <line number="42" hits="0" branch="False" />
                <line number="43" hits="0" branch="False" />
                <line number="44" hits="0" branch="False" />
                <line number="45" hits="0" branch="False" />
                <line number="46" hits="0" branch="False" />
                <line number="47" hits="0" branch="False" />
                <line number="48" hits="0" branch="False" />
                <line number="49" hits="0" branch="False" />
                <line number="50" hits="0" branch="False" />
                <line number="51" hits="0" branch="False" />
                <line number="52" hits="0" branch="False" />
              </lines>
            </method>
          </methods>
          <lines>
            <line number="14" hits="0" branch="False" />
            <line number="16" hits="0" branch="False" />
            <line number="17" hits="0" branch="True" condition-coverage="0% (0/2)">
              <conditions>
                <condition number="4" type="jump" coverage="0%" />
              </conditions>
            </line>
            <line number="19" hits="0" branch="False" />
            <line number="20" hits="0" branch="False" />
            <line number="21" hits="0" branch="False" />
            <line number="22" hits="0" branch="False" />
            <line number="25" hits="0" branch="False" />
            <line number="26" hits="0" branch="False" />
            <line number="27" hits="0" branch="False" />
            <line number="28" hits="0" branch="False" />
            <line number="29" hits="0" branch="False" />
            <line number="30" hits="0" branch="False" />
            <line number="32" hits="0" branch="False" />
            <line number="33" hits="0" branch="False" />
            <line number="35" hits="0" branch="True" condition-coverage="0% (0/2)">
              <conditions>
                <condition number="149" type="jump" coverage="0%" />
              </conditions>
            </line>
            <line number="36" hits="0" branch="False" />
            <line number="37" hits="0" branch="False" />
            <line number="38" hits="0" branch="False" />
            <line number="39" hits="0" branch="False" />
            <line number="40" hits="0" branch="False" />
            <line number="41" hits="0" branch="False" />
            <line number="42" hits="0" branch="False" />
            <line number="43" hits="0" branch="False" />
            <line number="44" hits="0" branch="False" />
            <line number="45" hits="0" branch="False" />
            <line number="46" hits="0" branch="False" />
            <line number="47" hits="0" branch="False" />
            <line number="48" hits="0" branch="False" />
            <line number="49" hits="0" branch="False" />
            <line number="50" hits="0" branch="False" />
            <line number="51" hits="0" branch="False" />
            <line number="52" hits="0" branch="False" />
          </lines>
        </class>
        <class name="VintedExercise.Services.DiscountService" filename="VintedAssignment\Services\DiscountService.cs" line-rate="1" branch-rate="1" complexity="3">
          <methods>
            <method name="ApplyDiscounts" signature="(System.Collections.Generic.IEnumerable`1&lt;VintedExercise.Models.Shipment&gt;)" line-rate="1" branch-rate="1" complexity="2">
              <lines>
                <line number="17" hits="2" branch="False" />
                <line number="18" hits="4" branch="False" />
                <line number="19" hits="10" branch="True" condition-coverage="100% (2/2)">
                  <conditions>
                    <condition number="77" type="jump" coverage="100%" />
                  </conditions>
                </line>
                <line number="20" hits="2" branch="False" />
                <line number="21" hits="2" branch="False" />
                <line number="22" hits="2" branch="False" />
                <line number="23" hits="2" branch="False" />
                <line number="24" hits="2" branch="False" />
              </lines>
            </method>
            <method name=".ctor" signature="(System.Collections.Generic.IEnumerable`1&lt;VintedExercise.Services.Interfaces.IDiscountRule&gt;)" line-rate="1" branch-rate="1" complexity="1">
              <lines>
                <line number="11" hits="2" branch="False" />
                <line number="12" hits="2" branch="False" />
                <line number="13" hits="2" branch="False" />
                <line number="14" hits="2" branch="False" />
              </lines>
            </method>
          </methods>
          <lines>
            <line number="17" hits="2" branch="False" />
            <line number="18" hits="4" branch="False" />
            <line number="19" hits="10" branch="True" condition-coverage="100% (2/2)">
              <conditions>
                <condition number="77" type="jump" coverage="100%" />
              </conditions>
            </line>
            <line number="20" hits="2" branch="False" />
            <line number="21" hits="2" branch="False" />
            <line number="22" hits="2" branch="False" />
            <line number="23" hits="2" branch="False" />
            <line number="24" hits="2" branch="False" />
            <line number="11" hits="2" branch="False" />
            <line number="12" hits="2" branch="False" />
            <line number="13" hits="2" branch="False" />
            <line number="14" hits="2" branch="False" />
          </lines>
        </class>
        <class name="VintedExercise.Services.Rules.LowestSPackagePriceRule" filename="VintedAssignment\Services\Rules\LowestSPackagePriceRule.cs" line-rate="1" branch-rate="1" complexity="6">
          <methods>
            <method name="Apply" signature="(System.Collections.Generic.IEnumerable`1&lt;VintedExercise.Models.Shipment&gt;)" line-rate="1" branch-rate="1" complexity="6">
              <lines>
                <line number="10" hits="2" branch="False" />
                <line number="11" hits="2" branch="False" />
                <line number="12" hits="8" branch="False" />
                <line number="13" hits="9" branch="False" />
                <line number="16" hits="2" branch="False" />
                <line number="17" hits="10" branch="False" />
                <line number="19" hits="12" branch="True" condition-coverage="100% (2/2)">
                  <conditions>
                    <condition number="335" type="jump" coverage="100%" />
                  </conditions>
                </line>
                <line number="20" hits="3" branch="False" />
                <line number="21" hits="11" branch="False" />
                <line number="26" hits="11" branch="False" />
                <line number="28" hits="22" branch="True" condition-coverage="100% (2/2)">
                  <conditions>
                    <condition number="311" type="jump" coverage="100%" />
                  </conditions>
                </line>
                <line number="29" hits="7" branch="False" />
                <line number="31" hits="7" branch="False" />
                <line number="33" hits="7" branch="False" />
                <line number="34" hits="7" branch="False" />
                <line number="36" hits="7" branch="True" condition-coverage="100% (2/2)">
                  <conditions>
                    <condition number="299" type="jump" coverage="100%" />
                  </conditions>
                </line>
                <line number="37" hits="1" branch="False" />
                <line number="38" hits="6" branch="False" />
                <line number="39" hits="3" branch="False" />
                <line number="40" hits="2" branch="False" />
              </lines>
            </method>
          </methods>
          <lines>
            <line number="10" hits="2" branch="False" />
            <line number="11" hits="2" branch="False" />
            <line number="12" hits="8" branch="False" />
            <line number="13" hits="9" branch="False" />
            <line number="16" hits="2" branch="False" />
            <line number="17" hits="10" branch="False" />
            <line number="19" hits="12" branch="True" condition-coverage="100% (2/2)">
              <conditions>
                <condition number="335" type="jump" coverage="100%" />
              </conditions>
            </line>
            <line number="20" hits="3" branch="False" />
            <line number="21" hits="11" branch="False" />
            <line number="26" hits="11" branch="False" />
            <line number="28" hits="22" branch="True" condition-coverage="100% (2/2)">
              <conditions>
                <condition number="311" type="jump" coverage="100%" />
              </conditions>
            </line>
            <line number="29" hits="7" branch="False" />
            <line number="31" hits="7" branch="False" />
            <line number="33" hits="7" branch="False" />
            <line number="34" hits="7" branch="False" />
            <line number="36" hits="7" branch="True" condition-coverage="100% (2/2)">
              <conditions>
                <condition number="299" type="jump" coverage="100%" />
              </conditions>
            </line>
            <line number="37" hits="1" branch="False" />
            <line number="38" hits="6" branch="False" />
            <line number="39" hits="3" branch="False" />
            <line number="40" hits="2" branch="False" />
          </lines>
        </class>
        <class name="VintedExercise.Services.Rules.ThirdLShipmentFreeRule" filename="VintedAssignment\Services\Rules\ThirdLShipmentFreeRule.cs" line-rate="1" branch-rate="0.8332999999999999" complexity="6">
          <methods>
            <method name="Apply" signature="(System.Collections.Generic.IEnumerable`1&lt;VintedExercise.Models.Shipment&gt;)" line-rate="1" branch-rate="0.8332999999999999" complexity="6">
              <lines>
                <line number="10" hits="3" branch="False" />
                <line number="12" hits="3" branch="False" />
                <line number="13" hits="11" branch="False" />
                <line number="15" hits="15" branch="True" condition-coverage="100% (2/2)">
                  <conditions>
                    <condition number="243" type="jump" coverage="100%" />
                  </conditions>
                </line>
                <line number="16" hits="3" branch="False" />
                <line number="17" hits="3" branch="False" />
                <line number="18" hits="8" branch="True" condition-coverage="50% (1/2)">
                  <conditions>
                    <condition number="7" type="jump" coverage="50%" />
                  </conditions>
                </line>
                <line number="19" hits="8" branch="False" />
                <line number="20" hits="3" branch="False" />
                <line number="22" hits="3" branch="True" condition-coverage="100% (2/2)">
                  <conditions>
                    <condition number="152" type="jump" coverage="100%" />
                  </conditions>
                </line>
                <line number="23" hits="1" branch="False" />
                <line number="25" hits="2" branch="False" />
                <line number="30" hits="8" branch="False" />
                <line number="32" hits="2" branch="False" />
                <line number="33" hits="2" branch="False" />
                <line number="34" hits="3" branch="False" />
              </lines>
            </method>
          </methods>
          <lines>
            <line number="10" hits="3" branch="False" />
            <line number="12" hits="3" branch="False" />
            <line number="13" hits="11" branch="False" />
            <line number="15" hits="15" branch="True" condition-coverage="100% (2/2)">
              <conditions>
                <condition number="243" type="jump" coverage="100%" />
              </conditions>
            </line>
            <line number="16" hits="3" branch="False" />
            <line number="17" hits="3" branch="False" />
            <line number="18" hits="8" branch="True" condition-coverage="50% (1/2)">
              <conditions>
                <condition number="7" type="jump" coverage="50%" />
              </conditions>
            </line>
            <line number="19" hits="8" branch="False" />
            <line number="20" hits="3" branch="False" />
            <line number="22" hits="3" branch="True" condition-coverage="100% (2/2)">
              <conditions>
                <condition number="152" type="jump" coverage="100%" />
              </conditions>
            </line>
            <line number="23" hits="1" branch="False" />
            <line number="25" hits="2" branch="False" />
            <line number="30" hits="8" branch="False" />
            <line number="32" hits="2" branch="False" />
            <line number="33" hits="2" branch="False" />
            <line number="34" hits="3" branch="False" />
          </lines>
        </class>
        <class name="VintedExercise.Models.Shipment" filename="VintedAssignment\Models\Shipment.cs" line-rate="1" branch-rate="1" complexity="7">
          <methods>
            <method name="get_Date" signature="()" line-rate="1" branch-rate="1" complexity="1">
              <lines>
                <line number="6" hits="100" branch="False" />
              </lines>
            </method>
            <method name="get_Size" signature="()" line-rate="1" branch-rate="1" complexity="1">
              <lines>
                <line number="7" hits="62" branch="False" />
              </lines>
            </method>
            <method name="get_Carrier" signature="()" line-rate="1" branch-rate="1" complexity="1">
              <lines>
                <line number="8" hits="33" branch="False" />
              </lines>
            </method>
            <method name="get_FullPrice" signature="()" line-rate="1" branch-rate="1" complexity="1">
              <lines>
                <line number="9" hits="51" branch="False" />
              </lines>
            </method>
            <method name="get_DiscountAmount" signature="()" line-rate="1" branch-rate="1" complexity="1">
              <lines>
                <line number="10" hits="61" branch="False" />
              </lines>
            </method>
            <method name="get_IsValid" signature="()" line-rate="1" branch-rate="1" complexity="1">
              <lines>
                <line number="11" hits="40" branch="False" />
              </lines>
            </method>
            <method name="get_Line" signature="()" line-rate="1" branch-rate="1" complexity="1">
              <lines>
                <line number="12" hits="16" branch="False" />
              </lines>
            </method>
          </methods>
          <lines>
            <line number="6" hits="100" branch="False" />
            <line number="7" hits="62" branch="False" />
            <line number="8" hits="33" branch="False" />
            <line number="9" hits="51" branch="False" />
            <line number="10" hits="61" branch="False" />
            <line number="11" hits="40" branch="False" />
            <line number="12" hits="16" branch="False" />
          </lines>
        </class>
        <class name="VintedExercise.Helpers.ShipmentOutputFormatter" filename="VintedAssignment\Helpers\ShipmentOutputFormatter.cs" line-rate="1" branch-rate="1" complexity="4">
          <methods>
            <method name="FormatShipmentOutput" signature="(VintedExercise.Models.Shipment)" line-rate="1" branch-rate="1" complexity="4">
              <lines>
                <line number="9" hits="3" branch="False" />
                <line number="10" hits="3" branch="True" condition-coverage="100% (2/2)">
                  <conditions>
                    <condition number="9" type="jump" coverage="100%" />
                  </conditions>
                </line>
                <line number="11" hits="2" branch="False" />
                <line number="12" hits="2" branch="False" />
                <line number="13" hits="2" branch="True" condition-coverage="100% (2/2)">
                  <conditions>
                    <condition number="44" type="jump" coverage="100%" />
                  </conditions>
                </line>
                <line number="14" hits="2" branch="False" />
                <line number="17" hits="1" branch="False" />
                <line number="18" hits="1" branch="False" />
                <line number="20" hits="3" branch="False" />
              </lines>
            </method>
          </methods>
          <lines>
            <line number="9" hits="3" branch="False" />
            <line number="10" hits="3" branch="True" condition-coverage="100% (2/2)">
              <conditions>
                <condition number="9" type="jump" coverage="100%" />
              </conditions>
            </line>
            <line number="11" hits="2" branch="False" />
            <line number="12" hits="2" branch="False" />
            <line number="13" hits="2" branch="True" condition-coverage="100% (2/2)">
              <conditions>
                <condition number="44" type="jump" coverage="100%" />
              </conditions>
            </line>
            <line number="14" hits="2" branch="False" />
            <line number="17" hits="1" branch="False" />
            <line number="18" hits="1" branch="False" />
            <line number="20" hits="3" branch="False" />
          </lines>
        </class>
        <class name="VintedExercise.Helpers.VintedExercise.Helpers.FileParser" filename="VintedAssignment\Helpers\FileParser.cs" line-rate="0.8717" branch-rate="0.5625" complexity="17">
          <methods>
            <method name="ReadShipments" signature="(System.String)" line-rate="1" branch-rate="1" complexity="2">
              <lines>
                <line number="22" hits="3" branch="False" />
                <line number="23" hits="3" branch="False" />
                <line number="24" hits="3" branch="False" />
                <line number="26" hits="15" branch="True" condition-coverage="100% (2/2)">
                  <conditions>
                    <condition number="72" type="jump" coverage="100%" />
                  </conditions>
                </line>
                <line number="27" hits="3" branch="False" />
                <line number="28" hits="3" branch="False" />
                <line number="29" hits="3" branch="False" />
                <line number="30" hits="3" branch="False" />
                <line number="31" hits="3" branch="False" />
                <line number="33" hits="3" branch="False" />
                <line number="34" hits="3" branch="False" />
              </lines>
            </method>
            <method name="ParseLine" signature="(System.String)" line-rate="0.7826000000000001" branch-rate="0.5" complexity="14">
              <lines>
                <line number="37" hits="3" branch="False" />
                <line number="38" hits="3" branch="True" condition-coverage="100% (2/2)">
                  <conditions>
                    <condition number="21" type="jump" coverage="100%" />
                  </conditions>
                </line>
                <line number="39" hits="2" branch="False" />
                <line number="40" hits="2" branch="False" />
                <line number="41" hits="2" branch="False" />
                <line number="42" hits="2" branch="False" />
                <line number="43" hits="2" branch="False" />
                <line number="44" hits="2" branch="False" />
                <line number="45" hits="2" branch="False" />
                <line number="46" hits="2" branch="False" />
                <line number="48" hits="2" branch="True" condition-coverage="41.66% (5/12)">
                  <conditions>
                    <condition number="75" type="jump" coverage="100%" />
                    <condition number="81" type="jump" coverage="50%" />
                    <condition number="86" type="switch" coverage="25%" />
                    <condition number="106" type="switch" coverage="25%" />
                  </conditions>
                </line>
                <line number="49" hits="2" branch="False" />
                <line number="50" hits="1" branch="False" />
                <line number="51" hits="0" branch="False" />
                <line number="52" hits="0" branch="False" />
                <line number="53" hits="1" branch="False" />
                <line number="54" hits="0" branch="False" />
                <line number="55" hits="0" branch="False" />
                <line number="56" hits="0" branch="False" />
                <line number="57" hits="2" branch="False" />
                <line number="59" hits="2" branch="False" />
                <line number="62" hits="1" branch="False" />
                <line number="63" hits="3" branch="False" />
              </lines>
            </method>
            <method name=".ctor" signature="(VintedExercise.Helpers.Interfaces.IValidator,VintedAssignment.Helpers.Interfaces.IFileReaderWrapper)" line-rate="1" branch-rate="1" complexity="1">
              <lines>
                <line number="15" hits="3" branch="False" />
                <line number="16" hits="3" branch="False" />
                <line number="17" hits="3" branch="False" />
                <line number="18" hits="3" branch="False" />
                <line number="19" hits="3" branch="False" />
              </lines>
            </method>
          </methods>
          <lines>
            <line number="22" hits="3" branch="False" />
            <line number="23" hits="3" branch="False" />
            <line number="24" hits="3" branch="False" />
            <line number="26" hits="15" branch="True" condition-coverage="100% (2/2)">
              <conditions>
                <condition number="72" type="jump" coverage="100%" />
              </conditions>
            </line>
            <line number="27" hits="3" branch="False" />
            <line number="28" hits="3" branch="False" />
            <line number="29" hits="3" branch="False" />
            <line number="30" hits="3" branch="False" />
            <line number="31" hits="3" branch="False" />
            <line number="33" hits="3" branch="False" />
            <line number="34" hits="3" branch="False" />
            <line number="37" hits="3" branch="False" />
            <line number="38" hits="3" branch="True" condition-coverage="100% (2/2)">
              <conditions>
                <condition number="21" type="jump" coverage="100%" />
              </conditions>
            </line>
            <line number="39" hits="2" branch="False" />
            <line number="40" hits="2" branch="False" />
            <line number="41" hits="2" branch="False" />
            <line number="42" hits="2" branch="False" />
            <line number="43" hits="2" branch="False" />
            <line number="44" hits="2" branch="False" />
            <line number="45" hits="2" branch="False" />
            <line number="46" hits="2" branch="False" />
            <line number="48" hits="2" branch="True" condition-coverage="41.66% (5/12)">
              <conditions>
                <condition number="75" type="jump" coverage="100%" />
                <condition number="81" type="jump" coverage="50%" />
                <condition number="86" type="switch" coverage="25%" />
                <condition number="106" type="switch" coverage="25%" />
              </conditions>
            </line>
            <line number="49" hits="2" branch="False" />
            <line number="50" hits="1" branch="False" />
            <line number="51" hits="0" branch="False" />
            <line number="52" hits="0" branch="False" />
            <line number="53" hits="1" branch="False" />
            <line number="54" hits="0" branch="False" />
            <line number="55" hits="0" branch="False" />
            <line number="56" hits="0" branch="False" />
            <line number="57" hits="2" branch="False" />
            <line number="59" hits="2" branch="False" />
            <line number="62" hits="1" branch="False" />
            <line number="63" hits="3" branch="False" />
            <line number="15" hits="3" branch="False" />
            <line number="16" hits="3" branch="False" />
            <line number="17" hits="3" branch="False" />
            <line number="18" hits="3" branch="False" />
            <line number="19" hits="3" branch="False" />
          </lines>
        </class>
        <class name="VintedExercise.Helpers.VintedExercise.Helpers.Validator" filename="VintedAssignment\Helpers\Validator.cs" line-rate="1" branch-rate="1" complexity="8">
          <methods>
            <method name="IsValid" signature="(System.String,System.DateTime&amp;,VintedExercise.Models.PackageSizeEnum&amp;,VintedExercise.Models.PostalServiceEnum&amp;)" line-rate="1" branch-rate="1" complexity="8">
              <lines>
                <line number="11" hits="11" branch="False" />
                <line number="12" hits="11" branch="False" />
                <line number="13" hits="11" branch="False" />
                <line number="14" hits="11" branch="False" />
                <line number="16" hits="11" branch="False" />
                <line number="18" hits="11" branch="True" condition-coverage="100% (2/2)">
                  <conditions>
                    <condition number="36" type="jump" coverage="100%" />
                  </conditions>
                </line>
                <line number="19" hits="4" branch="False" />
                <line number="20" hits="4" branch="False" />
                <line number="23" hits="7" branch="True" condition-coverage="100% (2/2)">
                  <conditions>
                    <condition number="57" type="jump" coverage="100%" />
                  </conditions>
                </line>
                <line number="24" hits="1" branch="False" />
                <line number="25" hits="1" branch="False" />
                <line number="28" hits="6" branch="True" condition-coverage="100% (2/2)">
                  <conditions>
                    <condition number="81" type="jump" coverage="100%" />
                  </conditions>
                </line>
                <line number="29" hits="1" branch="False" />
                <line number="30" hits="1" branch="False" />
                <line number="33" hits="5" branch="True" condition-coverage="100% (2/2)">
                  <conditions>
                    <condition number="106" type="jump" coverage="100%" />
                  </conditions>
                </line>
                <line number="34" hits="1" branch="False" />
                <line number="35" hits="1" branch="False" />
                <line number="38" hits="4" branch="False" />
                <line number="39" hits="11" branch="False" />
              </lines>
            </method>
          </methods>
          <lines>
            <line number="11" hits="11" branch="False" />
            <line number="12" hits="11" branch="False" />
            <line number="13" hits="11" branch="False" />
            <line number="14" hits="11" branch="False" />
            <line number="16" hits="11" branch="False" />
            <line number="18" hits="11" branch="True" condition-coverage="100% (2/2)">
              <conditions>
                <condition number="36" type="jump" coverage="100%" />
              </conditions>
            </line>
            <line number="19" hits="4" branch="False" />
            <line number="20" hits="4" branch="False" />
            <line number="23" hits="7" branch="True" condition-coverage="100% (2/2)">
              <conditions>
                <condition number="57" type="jump" coverage="100%" />
              </conditions>
            </line>
            <line number="24" hits="1" branch="False" />
            <line number="25" hits="1" branch="False" />
            <line number="28" hits="6" branch="True" condition-coverage="100% (2/2)">
              <conditions>
                <condition number="81" type="jump" coverage="100%" />
              </conditions>
            </line>
            <line number="29" hits="1" branch="False" />
            <line number="30" hits="1" branch="False" />
            <line number="33" hits="5" branch="True" condition-coverage="100% (2/2)">
              <conditions>
                <condition number="106" type="jump" coverage="100%" />
              </conditions>
            </line>
            <line number="34" hits="1" branch="False" />
            <line number="35" hits="1" branch="False" />
            <line number="38" hits="4" branch="False" />
            <line number="39" hits="11" branch="False" />
          </lines>
        </class>
      </classes>
    </package>
    <package name="VintedAssignment.UnitTests" line-rate="0.9649" branch-rate="0.8611" complexity="50">
      <classes>
        <class name="AutoGeneratedProgram" filename="Users\User\.nuget\packages\microsoft.net.test.sdk\17.5.0\build\netcoreapp3.1\Microsoft.NET.Test.Sdk.Program.cs" line-rate="0" branch-rate="1" complexity="1">
          <methods>
            <method name="Main" signature="(System.String[])" line-rate="0" branch-rate="1" complexity="1">
              <lines>
                <line number="4" hits="0" branch="False" />
              </lines>
            </method>
          </methods>
          <lines>
            <line number="4" hits="0" branch="False" />
          </lines>
        </class>
        <class name="VintedAssignment.Tests.VintedExercise.Tests.ThirdLShipmentFreeRuleTests" filename="VintedAssignment.UnitTests\Services\Rules\ThirdLShipmentFreeRuleTests.cs" line-rate="0.9117000000000001" branch-rate="0.7142000000000001" complexity="15">
          <methods>
            <method name="SetUp" signature="()" line-rate="1" branch-rate="1" complexity="1">
              <lines>
                <line number="15" hits="3" branch="False" />
                <line number="16" hits="3" branch="False" />
                <line number="17" hits="3" branch="False" />
              </lines>
            </method>
            <method name="Apply_ShouldApplyDiscountForThirdLShipment" signature="()" line-rate="0.8845999999999999" branch-rate="0.6666" complexity="6">
              <lines>
                <line number="21" hits="1" branch="False" />
                <line number="23" hits="1" branch="False" />
                <line number="24" hits="1" branch="False" />
                <line number="25" hits="1" branch="False" />
                <line number="26" hits="1" branch="False" />
                <line number="27" hits="1" branch="False" />
                <line number="28" hits="1" branch="False" />
                <line number="30" hits="1" branch="False" />
                <line number="31" hits="1" branch="False" />
                <line number="32" hits="1" branch="False" />
                <line number="33" hits="1" branch="False" />
                <line number="34" hits="1" branch="False" />
                <line number="35" hits="1" branch="False" />
                <line number="38" hits="1" branch="False" />
                <line number="41" hits="9" branch="True" condition-coverage="100% (2/2)">
                  <conditions>
                    <condition number="527" type="jump" coverage="100%" />
                  </conditions>
                </line>
                <line number="42" hits="3" branch="False" />
                <line number="43" hits="3" branch="True" condition-coverage="50% (2/4)">
                  <conditions>
                    <condition number="354" type="jump" coverage="50%" />
                    <condition number="372" type="jump" coverage="50%" />
                  </conditions>
                </line>
                <line number="44" hits="3" branch="False" />
                <line number="45" hits="3" branch="False" />
                <line number="46" hits="3" branch="False" />
                <line number="47" hits="3" branch="False" />
                <line number="49" hits="0" branch="False" />
                <line number="50" hits="0" branch="False" />
                <line number="51" hits="0" branch="False" />
                <line number="52" hits="3" branch="False" />
                <line number="53" hits="1" branch="False" />
              </lines>
            </method>
            <method name="Apply_WhenLessThanThreeLShipments_ShouldNotApplyDiscount" signature="()" line-rate="1" branch-rate="1" complexity="2">
              <lines>
                <line number="57" hits="1" branch="False" />
                <line number="59" hits="1" branch="False" />
                <line number="60" hits="1" branch="False" />
                <line number="61" hits="1" branch="False" />
                <line number="62" hits="1" branch="False" />
                <line number="63" hits="1" branch="False" />
                <line number="66" hits="1" branch="False" />
                <line number="69" hits="7" branch="True" condition-coverage="100% (2/2)">
                  <conditions>
                    <condition number="254" type="jump" coverage="100%" />
                  </conditions>
                </line>
                <line number="70" hits="2" branch="False" />
                <line number="71" hits="2" branch="False" />
                <line number="72" hits="2" branch="False" />
                <line number="73" hits="1" branch="False" />
              </lines>
            </method>
            <method name="Apply_WhenExceedsMonthlyDiscountLimit_ShouldBeLimitedByCap" signature="()" line-rate="0.8887999999999999" branch-rate="0.6666" complexity="6">
              <lines>
                <line number="77" hits="1" branch="False" />
                <line number="79" hits="1" branch="False" />
                <line number="80" hits="1" branch="False" />
                <line number="81" hits="1" branch="False" />
                <line number="82" hits="1" branch="False" />
                <line number="83" hits="1" branch="False" />
                <line number="84" hits="1" branch="False" />
                <line number="86" hits="1" branch="False" />
                <line number="87" hits="1" branch="False" />
                <line number="88" hits="1" branch="False" />
                <line number="89" hits="1" branch="False" />
                <line number="90" hits="1" branch="False" />
                <line number="91" hits="1" branch="False" />
                <line number="92" hits="1" branch="False" />
                <line number="95" hits="1" branch="False" />
                <line number="98" hits="9" branch="True" condition-coverage="100% (2/2)">
                  <conditions>
                    <condition number="527" type="jump" coverage="100%" />
                  </conditions>
                </line>
                <line number="99" hits="3" branch="False" />
                <line number="100" hits="3" branch="True" condition-coverage="50% (2/4)">
                  <conditions>
                    <condition number="354" type="jump" coverage="50%" />
                    <condition number="372" type="jump" coverage="50%" />
                  </conditions>
                </line>
                <line number="101" hits="3" branch="False" />
                <line number="102" hits="3" branch="False" />
                <line number="103" hits="3" branch="False" />
                <line number="104" hits="3" branch="False" />
                <line number="106" hits="0" branch="False" />
                <line number="107" hits="0" branch="False" />
                <line number="108" hits="0" branch="False" />
                <line number="109" hits="3" branch="False" />
                <line number="110" hits="1" branch="False" />
              </lines>
            </method>
          </methods>
          <lines>
            <line number="15" hits="3" branch="False" />
            <line number="16" hits="3" branch="False" />
            <line number="17" hits="3" branch="False" />
            <line number="21" hits="1" branch="False" />
            <line number="23" hits="1" branch="False" />
            <line number="24" hits="1" branch="False" />
            <line number="25" hits="1" branch="False" />
            <line number="26" hits="1" branch="False" />
            <line number="27" hits="1" branch="False" />
            <line number="28" hits="1" branch="False" />
            <line number="30" hits="1" branch="False" />
            <line number="31" hits="1" branch="False" />
            <line number="32" hits="1" branch="False" />
            <line number="33" hits="1" branch="False" />
            <line number="34" hits="1" branch="False" />
            <line number="35" hits="1" branch="False" />
            <line number="38" hits="1" branch="False" />
            <line number="41" hits="9" branch="True" condition-coverage="100% (2/2)">
              <conditions>
                <condition number="527" type="jump" coverage="100%" />
              </conditions>
            </line>
            <line number="42" hits="3" branch="False" />
            <line number="43" hits="3" branch="True" condition-coverage="50% (2/4)">
              <conditions>
                <condition number="354" type="jump" coverage="50%" />
                <condition number="372" type="jump" coverage="50%" />
              </conditions>
            </line>
            <line number="44" hits="3" branch="False" />
            <line number="45" hits="3" branch="False" />
            <line number="46" hits="3" branch="False" />
            <line number="47" hits="3" branch="False" />
            <line number="49" hits="0" branch="False" />
            <line number="50" hits="0" branch="False" />
            <line number="51" hits="0" branch="False" />
            <line number="52" hits="3" branch="False" />
            <line number="53" hits="1" branch="False" />
            <line number="57" hits="1" branch="False" />
            <line number="59" hits="1" branch="False" />
            <line number="60" hits="1" branch="False" />
            <line number="61" hits="1" branch="False" />
            <line number="62" hits="1" branch="False" />
            <line number="63" hits="1" branch="False" />
            <line number="66" hits="1" branch="False" />
            <line number="69" hits="7" branch="True" condition-coverage="100% (2/2)">
              <conditions>
                <condition number="254" type="jump" coverage="100%" />
              </conditions>
            </line>
            <line number="70" hits="2" branch="False" />
            <line number="71" hits="2" branch="False" />
            <line number="72" hits="2" branch="False" />
            <line number="73" hits="1" branch="False" />
            <line number="77" hits="1" branch="False" />
            <line number="79" hits="1" branch="False" />
            <line number="80" hits="1" branch="False" />
            <line number="81" hits="1" branch="False" />
            <line number="82" hits="1" branch="False" />
            <line number="83" hits="1" branch="False" />
            <line number="84" hits="1" branch="False" />
            <line number="86" hits="1" branch="False" />
            <line number="87" hits="1" branch="False" />
            <line number="88" hits="1" branch="False" />
            <line number="89" hits="1" branch="False" />
            <line number="90" hits="1" branch="False" />
            <line number="91" hits="1" branch="False" />
            <line number="92" hits="1" branch="False" />
            <line number="95" hits="1" branch="False" />
            <line number="98" hits="9" branch="True" condition-coverage="100% (2/2)">
              <conditions>
                <condition number="527" type="jump" coverage="100%" />
              </conditions>
            </line>
            <line number="99" hits="3" branch="False" />
            <line number="100" hits="3" branch="True" condition-coverage="50% (2/4)">
              <conditions>
                <condition number="354" type="jump" coverage="50%" />
                <condition number="372" type="jump" coverage="50%" />
              </conditions>
            </line>
            <line number="101" hits="3" branch="False" />
            <line number="102" hits="3" branch="False" />
            <line number="103" hits="3" branch="False" />
            <line number="104" hits="3" branch="False" />
            <line number="106" hits="0" branch="False" />
            <line number="107" hits="0" branch="False" />
            <line number="108" hits="0" branch="False" />
            <line number="109" hits="3" branch="False" />
            <line number="110" hits="1" branch="False" />
          </lines>
        </class>
        <class name="VintedAssignment.UnitTests.Services.DiscountServiceTests" filename="VintedAssignment.UnitTests\Services\DiscountServiceTests.cs" line-rate="1" branch-rate="1" complexity="6">
          <methods>
            <method name="SetUp" signature="()" line-rate="1" branch-rate="1" complexity="1">
              <lines>
                <line number="16" hits="2" branch="False" />
                <line number="17" hits="2" branch="False" />
                <line number="18" hits="2" branch="False" />
                <line number="19" hits="2" branch="False" />
              </lines>
            </method>
            <method name="ApplyDiscounts_WhenValidShipments_ShouldApplyDiscount" signature="()" line-rate="1" branch-rate="1" complexity="4">
              <lines>
                <line number="23" hits="1" branch="False" />
                <line number="25" hits="1" branch="False" />
                <line number="26" hits="1" branch="False" />
                <line number="27" hits="1" branch="False" />
                <line number="28" hits="1" branch="False" />
                <line number="29" hits="1" branch="False" />
                <line number="31" hits="1" branch="False" />
                <line number="32" hits="1" branch="False" />
                <line number="33" hits="1" branch="False" />
                <line number="34" hits="7" branch="True" condition-coverage="100% (2/2)">
                  <conditions>
                    <condition number="42" type="jump" coverage="100%" />
                  </conditions>
                </line>
                <line number="35" hits="2" branch="False" />
                <line number="36" hits="2" branch="False" />
                <line number="37" hits="2" branch="False" />
                <line number="38" hits="2" branch="False" />
                <line number="40" hits="1" branch="False" />
                <line number="41" hits="2" branch="False" />
                <line number="42" hits="2" branch="False" />
                <line number="43" hits="2" branch="False" />
                <line number="44" hits="3" branch="False" />
                <line number="47" hits="1" branch="False" />
                <line number="50" hits="1" branch="False" />
                <line number="51" hits="6" branch="True" condition-coverage="100% (2/2)">
                  <conditions>
                    <condition number="469" type="jump" coverage="100%" />
                  </conditions>
                </line>
                <line number="52" hits="2" branch="False" />
                <line number="53" hits="2" branch="False" />
                <line number="54" hits="2" branch="False" />
                <line number="56" hits="1" branch="False" />
                <line number="57" hits="1" branch="False" />
              </lines>
            </method>
            <method name="ApplyDiscounts_WhenInvalidShipment_ShouldNotApplyDiscount" signature="()" line-rate="1" branch-rate="1" complexity="1">
              <lines>
                <line number="61" hits="1" branch="False" />
                <line number="63" hits="1" branch="False" />
                <line number="64" hits="1" branch="False" />
                <line number="65" hits="1" branch="False" />
                <line number="66" hits="1" branch="False" />
                <line number="67" hits="1" branch="False" />
                <line number="69" hits="1" branch="False" />
                <line number="71" hits="1" branch="False" />
                <line number="72" hits="1" branch="False" />
                <line number="75" hits="1" branch="False" />
                <line number="78" hits="1" branch="False" />
                <line number="79" hits="1" branch="False" />
                <line number="80" hits="1" branch="False" />
                <line number="82" hits="1" branch="False" />
                <line number="83" hits="1" branch="False" />
              </lines>
            </method>
          </methods>
          <lines>
            <line number="16" hits="2" branch="False" />
            <line number="17" hits="2" branch="False" />
            <line number="18" hits="2" branch="False" />
            <line number="19" hits="2" branch="False" />
            <line number="23" hits="1" branch="False" />
            <line number="25" hits="1" branch="False" />
            <line number="26" hits="1" branch="False" />
            <line number="27" hits="1" branch="False" />
            <line number="28" hits="1" branch="False" />
            <line number="29" hits="1" branch="False" />
            <line number="31" hits="1" branch="False" />
            <line number="32" hits="1" branch="False" />
            <line number="33" hits="1" branch="False" />
            <line number="34" hits="7" branch="True" condition-coverage="100% (2/2)">
              <conditions>
                <condition number="42" type="jump" coverage="100%" />
              </conditions>
            </line>
            <line number="35" hits="2" branch="False" />
            <line number="36" hits="2" branch="False" />
            <line number="37" hits="2" branch="False" />
            <line number="38" hits="2" branch="False" />
            <line number="40" hits="1" branch="False" />
            <line number="41" hits="2" branch="False" />
            <line number="42" hits="2" branch="False" />
            <line number="43" hits="2" branch="False" />
            <line number="44" hits="3" branch="False" />
            <line number="47" hits="1" branch="False" />
            <line number="50" hits="1" branch="False" />
            <line number="51" hits="6" branch="True" condition-coverage="100% (2/2)">
              <conditions>
                <condition number="469" type="jump" coverage="100%" />
              </conditions>
            </line>
            <line number="52" hits="2" branch="False" />
            <line number="53" hits="2" branch="False" />
            <line number="54" hits="2" branch="False" />
            <line number="56" hits="1" branch="False" />
            <line number="57" hits="1" branch="False" />
            <line number="61" hits="1" branch="False" />
            <line number="63" hits="1" branch="False" />
            <line number="64" hits="1" branch="False" />
            <line number="65" hits="1" branch="False" />
            <line number="66" hits="1" branch="False" />
            <line number="67" hits="1" branch="False" />
            <line number="69" hits="1" branch="False" />
            <line number="71" hits="1" branch="False" />
            <line number="72" hits="1" branch="False" />
            <line number="75" hits="1" branch="False" />
            <line number="78" hits="1" branch="False" />
            <line number="79" hits="1" branch="False" />
            <line number="80" hits="1" branch="False" />
            <line number="82" hits="1" branch="False" />
            <line number="83" hits="1" branch="False" />
          </lines>
        </class>
        <class name="VintedAssignment.UnitTests.Services.Rules.LowestSPackagePriceRuleTests" filename="VintedAssignment.UnitTests\Services\Rules\LowestSPackagePriceRuleTests.cs" line-rate="1" branch-rate="1" complexity="9">
          <methods>
            <method name="SetUp" signature="()" line-rate="1" branch-rate="1" complexity="1">
              <lines>
                <line number="13" hits="2" branch="False" />
                <line number="14" hits="2" branch="False" />
                <line number="15" hits="2" branch="False" />
              </lines>
            </method>
            <method name="Apply_WhenValidShipments_ShouldApplyDiscountCorrectlyForMultipleMonths" signature="()" line-rate="1" branch-rate="1" complexity="6">
              <lines>
                <line number="19" hits="1" branch="False" />
                <line number="21" hits="1" branch="False" />
                <line number="22" hits="1" branch="False" />
                <line number="23" hits="1" branch="False" />
                <line number="24" hits="1" branch="False" />
                <line number="25" hits="1" branch="False" />
                <line number="26" hits="1" branch="False" />
                <line number="27" hits="1" branch="False" />
                <line number="28" hits="1" branch="False" />
                <line number="30" hits="1" branch="False" />
                <line number="31" hits="1" branch="False" />
                <line number="32" hits="1" branch="False" />
                <line number="33" hits="1" branch="False" />
                <line number="34" hits="1" branch="False" />
                <line number="36" hits="1" branch="False" />
                <line number="37" hits="1" branch="False" />
                <line number="38" hits="1" branch="False" />
                <line number="39" hits="1" branch="False" />
                <line number="40" hits="1" branch="False" />
                <line number="43" hits="1" branch="False" />
                <line number="46" hits="13" branch="True" condition-coverage="100% (2/2)">
                  <conditions>
                    <condition number="697" type="jump" coverage="100%" />
                  </conditions>
                </line>
                <line number="47" hits="5" branch="False" />
                <line number="48" hits="5" branch="True" condition-coverage="100% (2/2)">
                  <conditions>
                    <condition number="503" type="jump" coverage="100%" />
                  </conditions>
                </line>
                <line number="49" hits="4" branch="False" />
                <line number="50" hits="4" branch="True" condition-coverage="100% (2/2)">
                  <conditions>
                    <condition number="523" type="jump" coverage="100%" />
                  </conditions>
                </line>
                <line number="51" hits="4" branch="False" />
                <line number="52" hits="4" branch="False" />
                <line number="54" hits="4" branch="False" />
                <line number="55" hits="4" branch="False" />
                <line number="57" hits="1" branch="False" />
                <line number="58" hits="1" branch="False" />
                <line number="59" hits="1" branch="False" />
                <line number="60" hits="5" branch="False" />
                <line number="61" hits="1" branch="False" />
              </lines>
            </method>
            <method name="Apply_WhenExceedsMonthlyDiscountLimit_SouldLimitDiscountByCap" signature="()" line-rate="1" branch-rate="1" complexity="2">
              <lines>
                <line number="65" hits="1" branch="False" />
                <line number="67" hits="1" branch="False" />
                <line number="68" hits="1" branch="False" />
                <line number="69" hits="1" branch="False" />
                <line number="70" hits="1" branch="False" />
                <line number="71" hits="1" branch="False" />
                <line number="72" hits="1" branch="False" />
                <line number="74" hits="1" branch="False" />
                <line number="75" hits="1" branch="False" />
                <line number="76" hits="1" branch="False" />
                <line number="77" hits="1" branch="False" />
                <line number="78" hits="1" branch="False" />
                <line number="79" hits="1" branch="False" />
                <line number="82" hits="1" branch="False" />
                <line number="85" hits="9" branch="True" condition-coverage="100% (2/2)">
                  <conditions>
                    <condition number="401" type="jump" coverage="100%" />
                  </conditions>
                </line>
                <line number="86" hits="3" branch="False" />
                <line number="87" hits="3" branch="False" />
                <line number="88" hits="3" branch="False" />
                <line number="89" hits="3" branch="False" />
                <line number="90" hits="1" branch="False" />
              </lines>
            </method>
          </methods>
          <lines>
            <line number="13" hits="2" branch="False" />
            <line number="14" hits="2" branch="False" />
            <line number="15" hits="2" branch="False" />
            <line number="19" hits="1" branch="False" />
            <line number="21" hits="1" branch="False" />
            <line number="22" hits="1" branch="False" />
            <line number="23" hits="1" branch="False" />
            <line number="24" hits="1" branch="False" />
            <line number="25" hits="1" branch="False" />
            <line number="26" hits="1" branch="False" />
            <line number="27" hits="1" branch="False" />
            <line number="28" hits="1" branch="False" />
            <line number="30" hits="1" branch="False" />
            <line number="31" hits="1" branch="False" />
            <line number="32" hits="1" branch="False" />
            <line number="33" hits="1" branch="False" />
            <line number="34" hits="1" branch="False" />
            <line number="36" hits="1" branch="False" />
            <line number="37" hits="1" branch="False" />
            <line number="38" hits="1" branch="False" />
            <line number="39" hits="1" branch="False" />
            <line number="40" hits="1" branch="False" />
            <line number="43" hits="1" branch="False" />
            <line number="46" hits="13" branch="True" condition-coverage="100% (2/2)">
              <conditions>
                <condition number="697" type="jump" coverage="100%" />
              </conditions>
            </line>
            <line number="47" hits="5" branch="False" />
            <line number="48" hits="5" branch="True" condition-coverage="100% (2/2)">
              <conditions>
                <condition number="503" type="jump" coverage="100%" />
              </conditions>
            </line>
            <line number="49" hits="4" branch="False" />
            <line number="50" hits="4" branch="True" condition-coverage="100% (2/2)">
              <conditions>
                <condition number="523" type="jump" coverage="100%" />
              </conditions>
            </line>
            <line number="51" hits="4" branch="False" />
            <line number="52" hits="4" branch="False" />
            <line number="54" hits="4" branch="False" />
            <line number="55" hits="4" branch="False" />
            <line number="57" hits="1" branch="False" />
            <line number="58" hits="1" branch="False" />
            <line number="59" hits="1" branch="False" />
            <line number="60" hits="5" branch="False" />
            <line number="61" hits="1" branch="False" />
            <line number="65" hits="1" branch="False" />
            <line number="67" hits="1" branch="False" />
            <line number="68" hits="1" branch="False" />
            <line number="69" hits="1" branch="False" />
            <line number="70" hits="1" branch="False" />
            <line number="71" hits="1" branch="False" />
            <line number="72" hits="1" branch="False" />
            <line number="74" hits="1" branch="False" />
            <line number="75" hits="1" branch="False" />
            <line number="76" hits="1" branch="False" />
            <line number="77" hits="1" branch="False" />
            <line number="78" hits="1" branch="False" />
            <line number="79" hits="1" branch="False" />
            <line number="82" hits="1" branch="False" />
            <line number="85" hits="9" branch="True" condition-coverage="100% (2/2)">
              <conditions>
                <condition number="401" type="jump" coverage="100%" />
              </conditions>
            </line>
            <line number="86" hits="3" branch="False" />
            <line number="87" hits="3" branch="False" />
            <line number="88" hits="3" branch="False" />
            <line number="89" hits="3" branch="False" />
            <line number="90" hits="1" branch="False" />
          </lines>
        </class>
        <class name="VintedAssignment.UnitTests.Helpers.FileParserTests" filename="VintedAssignment.UnitTests\Helpers\FileParserTests.cs" line-rate="0.9444" branch-rate="0.875" complexity="11">
          <methods>
            <method name="SetUp" signature="()" line-rate="1" branch-rate="1" complexity="1">
              <lines>
                <line number="19" hits="3" branch="False" />
                <line number="20" hits="3" branch="False" />
                <line number="21" hits="3" branch="False" />
                <line number="22" hits="3" branch="False" />
                <line number="23" hits="3" branch="False" />
              </lines>
            </method>
            <method name="ReadShipments_WhenValidLines_ShouldReturnValidShipments" signature="()" line-rate="0.9183" branch-rate="0.875" complexity="8">
              <lines>
                <line number="27" hits="1" branch="False" />
                <line number="29" hits="1" branch="False" />
                <line number="30" hits="1" branch="False" />
                <line number="31" hits="1" branch="False" />
                <line number="32" hits="1" branch="False" />
                <line number="33" hits="1" branch="False" />
                <line number="35" hits="1" branch="False" />
                <line number="36" hits="1" branch="False" />
                <line number="37" hits="1" branch="False" />
                <line number="38" hits="1" branch="False" />
                <line number="39" hits="1" branch="False" />
                <line number="40" hits="1" branch="False" />
                <line number="41" hits="1" branch="False" />
                <line number="42" hits="1" branch="False" />
                <line number="43" hits="1" branch="False" />
                <line number="44" hits="2" branch="False" />
                <line number="45" hits="2" branch="True" condition-coverage="75% (3/4)">
                  <conditions>
                    <condition number="16" type="jump" coverage="100%" />
                    <condition number="29" type="jump" coverage="50%" />
                  </conditions>
                </line>
                <line number="46" hits="1" branch="False" />
                <line number="47" hits="1" branch="False" />
                <line number="48" hits="1" branch="False" />
                <line number="49" hits="1" branch="False" />
                <line number="50" hits="1" branch="False" />
                <line number="51" hits="1" branch="False" />
                <line number="52" hits="1" branch="False" />
                <line number="53" hits="1" branch="False" />
                <line number="54" hits="1" branch="False" />
                <line number="55" hits="1" branch="False" />
                <line number="56" hits="1" branch="False" />
                <line number="57" hits="1" branch="False" />
                <line number="58" hits="0" branch="False" />
                <line number="59" hits="0" branch="False" />
                <line number="60" hits="0" branch="False" />
                <line number="61" hits="0" branch="False" />
                <line number="62" hits="1" branch="False" />
                <line number="63" hits="3" branch="False" />
                <line number="66" hits="1" branch="False" />
                <line number="69" hits="1" branch="False" />
                <line number="70" hits="6" branch="True" condition-coverage="100% (2/2)">
                  <conditions>
                    <condition number="771" type="jump" coverage="100%" />
                  </conditions>
                </line>
                <line number="71" hits="2" branch="False" />
                <line number="72" hits="2" branch="True" condition-coverage="100% (2/2)">
                  <conditions>
                    <condition number="556" type="jump" coverage="100%" />
                  </conditions>
                </line>
                <line number="73" hits="2" branch="False" />
                <line number="74" hits="2" branch="False" />
                <line number="75" hits="2" branch="False" />
                <line number="76" hits="2" branch="False" />
                <line number="77" hits="2" branch="False" />
                <line number="78" hits="2" branch="False" />
                <line number="79" hits="2" branch="False" />
                <line number="80" hits="2" branch="False" />
                <line number="81" hits="1" branch="False" />
              </lines>
            </method>
            <method name="ReadShipments_WhenEmptyLine_ShouldReturnEmptyList" signature="()" line-rate="1" branch-rate="1" complexity="1">
              <lines>
                <line number="85" hits="1" branch="False" />
                <line number="87" hits="1" branch="False" />
                <line number="88" hits="1" branch="False" />
                <line number="89" hits="1" branch="False" />
                <line number="90" hits="1" branch="False" />
                <line number="93" hits="1" branch="False" />
                <line number="96" hits="1" branch="False" />
                <line number="97" hits="1" branch="False" />
              </lines>
            </method>
            <method name="ReadShipments_WhenInvalidLines_ShouldReturnsInvalidShipments" signature="()" line-rate="1" branch-rate="1" complexity="1">
              <lines>
                <line number="103" hits="1" branch="False" />
                <line number="105" hits="1" branch="False" />
                <line number="106" hits="1" branch="False" />
                <line number="108" hits="1" branch="False" />
                <line number="109" hits="1" branch="False" />
                <line number="110" hits="1" branch="False" />
                <line number="113" hits="1" branch="False" />
                <line number="116" hits="1" branch="False" />
                <line number="117" hits="1" branch="False" />
                <line number="118" hits="1" branch="False" />
              </lines>
            </method>
          </methods>
          <lines>
            <line number="19" hits="3" branch="False" />
            <line number="20" hits="3" branch="False" />
            <line number="21" hits="3" branch="False" />
            <line number="22" hits="3" branch="False" />
            <line number="23" hits="3" branch="False" />
            <line number="27" hits="1" branch="False" />
            <line number="29" hits="1" branch="False" />
            <line number="30" hits="1" branch="False" />
            <line number="31" hits="1" branch="False" />
            <line number="32" hits="1" branch="False" />
            <line number="33" hits="1" branch="False" />
            <line number="35" hits="1" branch="False" />
            <line number="36" hits="1" branch="False" />
            <line number="37" hits="1" branch="False" />
            <line number="38" hits="1" branch="False" />
            <line number="39" hits="1" branch="False" />
            <line number="40" hits="1" branch="False" />
            <line number="41" hits="1" branch="False" />
            <line number="42" hits="1" branch="False" />
            <line number="43" hits="1" branch="False" />
            <line number="44" hits="2" branch="False" />
            <line number="45" hits="2" branch="True" condition-coverage="75% (3/4)">
              <conditions>
                <condition number="16" type="jump" coverage="100%" />
                <condition number="29" type="jump" coverage="50%" />
              </conditions>
            </line>
            <line number="46" hits="1" branch="False" />
            <line number="47" hits="1" branch="False" />
            <line number="48" hits="1" branch="False" />
            <line number="49" hits="1" branch="False" />
            <line number="50" hits="1" branch="False" />
            <line number="51" hits="1" branch="False" />
            <line number="52" hits="1" branch="False" />
            <line number="53" hits="1" branch="False" />
            <line number="54" hits="1" branch="False" />
            <line number="55" hits="1" branch="False" />
            <line number="56" hits="1" branch="False" />
            <line number="57" hits="1" branch="False" />
            <line number="58" hits="0" branch="False" />
            <line number="59" hits="0" branch="False" />
            <line number="60" hits="0" branch="False" />
            <line number="61" hits="0" branch="False" />
            <line number="62" hits="1" branch="False" />
            <line number="63" hits="3" branch="False" />
            <line number="66" hits="1" branch="False" />
            <line number="69" hits="1" branch="False" />
            <line number="70" hits="6" branch="True" condition-coverage="100% (2/2)">
              <conditions>
                <condition number="771" type="jump" coverage="100%" />
              </conditions>
            </line>
            <line number="71" hits="2" branch="False" />
            <line number="72" hits="2" branch="True" condition-coverage="100% (2/2)">
              <conditions>
                <condition number="556" type="jump" coverage="100%" />
              </conditions>
            </line>
            <line number="73" hits="2" branch="False" />
            <line number="74" hits="2" branch="False" />
            <line number="75" hits="2" branch="False" />
            <line number="76" hits="2" branch="False" />
            <line number="77" hits="2" branch="False" />
            <line number="78" hits="2" branch="False" />
            <line number="79" hits="2" branch="False" />
            <line number="80" hits="2" branch="False" />
            <line number="81" hits="1" branch="False" />
            <line number="85" hits="1" branch="False" />
            <line number="87" hits="1" branch="False" />
            <line number="88" hits="1" branch="False" />
            <line number="89" hits="1" branch="False" />
            <line number="90" hits="1" branch="False" />
            <line number="93" hits="1" branch="False" />
            <line number="96" hits="1" branch="False" />
            <line number="97" hits="1" branch="False" />
            <line number="103" hits="1" branch="False" />
            <line number="105" hits="1" branch="False" />
            <line number="106" hits="1" branch="False" />
            <line number="108" hits="1" branch="False" />
            <line number="109" hits="1" branch="False" />
            <line number="110" hits="1" branch="False" />
            <line number="113" hits="1" branch="False" />
            <line number="116" hits="1" branch="False" />
            <line number="117" hits="1" branch="False" />
            <line number="118" hits="1" branch="False" />
          </lines>
        </class>
        <class name="VintedAssignment.UnitTests.Helpers.ShipmentOutputFormatterTests" filename="VintedAssignment.UnitTests\Helpers\ShipmentOutputFormatterTests.cs" line-rate="1" branch-rate="1" complexity="4">
          <methods>
            <method name="SetUp" signature="()" line-rate="1" branch-rate="1" complexity="1">
              <lines>
                <line number="16" hits="3" branch="False" />
                <line number="17" hits="3" branch="False" />
                <line number="18" hits="3" branch="False" />
                <line number="19" hits="3" branch="False" />
              </lines>
            </method>
            <method name="FormatShipmentOutput_WhenValidShipment_ShouldReturnFormattedString" signature="()" line-rate="1" branch-rate="1" complexity="1">
              <lines>
                <line number="23" hits="1" branch="False" />
                <line number="25" hits="1" branch="False" />
                <line number="26" hits="1" branch="False" />
                <line number="27" hits="1" branch="False" />
                <line number="28" hits="1" branch="False" />
                <line number="29" hits="1" branch="False" />
                <line number="30" hits="1" branch="False" />
                <line number="31" hits="1" branch="False" />
                <line number="32" hits="1" branch="False" />
                <line number="33" hits="1" branch="False" />
                <line number="34" hits="1" branch="False" />
                <line number="35" hits="1" branch="False" />
                <line number="36" hits="1" branch="False" />
                <line number="37" hits="1" branch="False" />
                <line number="40" hits="1" branch="False" />
                <line number="43" hits="1" branch="False" />
                <line number="44" hits="1" branch="False" />
              </lines>
            </method>
            <method name="FormatShipmentOutput_WhenValidShipmentAndNoDiscount_ShouldReturnFormattedString" signature="()" line-rate="1" branch-rate="1" complexity="1">
              <lines>
                <line number="48" hits="1" branch="False" />
                <line number="50" hits="1" branch="False" />
                <line number="51" hits="1" branch="False" />
                <line number="52" hits="1" branch="False" />
                <line number="53" hits="1" branch="False" />
                <line number="54" hits="1" branch="False" />
                <line number="55" hits="1" branch="False" />
                <line number="56" hits="1" branch="False" />
                <line number="57" hits="1" branch="False" />
                <line number="58" hits="1" branch="False" />
                <line number="59" hits="1" branch="False" />
                <line number="60" hits="1" branch="False" />
                <line number="63" hits="1" branch="False" />
                <line number="66" hits="1" branch="False" />
                <line number="67" hits="1" branch="False" />
              </lines>
            </method>
            <method name="FormatShipmentOutput_WhenInvalidShipment_ShouldReturnIgnoredString" signature="()" line-rate="1" branch-rate="1" complexity="1">
              <lines>
                <line number="71" hits="1" branch="False" />
                <line number="73" hits="1" branch="False" />
                <line number="74" hits="1" branch="False" />
                <line number="75" hits="1" branch="False" />
                <line number="76" hits="1" branch="False" />
                <line number="77" hits="1" branch="False" />
                <line number="78" hits="1" branch="False" />
                <line number="79" hits="1" branch="False" />
                <line number="80" hits="1" branch="False" />
                <line number="81" hits="1" branch="False" />
                <line number="82" hits="1" branch="False" />
                <line number="83" hits="1" branch="False" />
                <line number="86" hits="1" branch="False" />
                <line number="89" hits="1" branch="False" />
                <line number="90" hits="1" branch="False" />
              </lines>
            </method>
          </methods>
          <lines>
            <line number="16" hits="3" branch="False" />
            <line number="17" hits="3" branch="False" />
            <line number="18" hits="3" branch="False" />
            <line number="19" hits="3" branch="False" />
            <line number="23" hits="1" branch="False" />
            <line number="25" hits="1" branch="False" />
            <line number="26" hits="1" branch="False" />
            <line number="27" hits="1" branch="False" />
            <line number="28" hits="1" branch="False" />
            <line number="29" hits="1" branch="False" />
            <line number="30" hits="1" branch="False" />
            <line number="31" hits="1" branch="False" />
            <line number="32" hits="1" branch="False" />
            <line number="33" hits="1" branch="False" />
            <line number="34" hits="1" branch="False" />
            <line number="35" hits="1" branch="False" />
            <line number="36" hits="1" branch="False" />
            <line number="37" hits="1" branch="False" />
            <line number="40" hits="1" branch="False" />
            <line number="43" hits="1" branch="False" />
            <line number="44" hits="1" branch="False" />
            <line number="48" hits="1" branch="False" />
            <line number="50" hits="1" branch="False" />
            <line number="51" hits="1" branch="False" />
            <line number="52" hits="1" branch="False" />
            <line number="53" hits="1" branch="False" />
            <line number="54" hits="1" branch="False" />
            <line number="55" hits="1" branch="False" />
            <line number="56" hits="1" branch="False" />
            <line number="57" hits="1" branch="False" />
            <line number="58" hits="1" branch="False" />
            <line number="59" hits="1" branch="False" />
            <line number="60" hits="1" branch="False" />
            <line number="63" hits="1" branch="False" />
            <line number="66" hits="1" branch="False" />
            <line number="67" hits="1" branch="False" />
            <line number="71" hits="1" branch="False" />
            <line number="73" hits="1" branch="False" />
            <line number="74" hits="1" branch="False" />
            <line number="75" hits="1" branch="False" />
            <line number="76" hits="1" branch="False" />
            <line number="77" hits="1" branch="False" />
            <line number="78" hits="1" branch="False" />
            <line number="79" hits="1" branch="False" />
            <line number="80" hits="1" branch="False" />
            <line number="81" hits="1" branch="False" />
            <line number="82" hits="1" branch="False" />
            <line number="83" hits="1" branch="False" />
            <line number="86" hits="1" branch="False" />
            <line number="89" hits="1" branch="False" />
            <line number="90" hits="1" branch="False" />
          </lines>
        </class>
        <class name="VintedAssignment.UnitTests.Helpers.ValidatorTests" filename="VintedAssignment.UnitTests\Helpers\ValidatorTests.cs" line-rate="1" branch-rate="1" complexity="4">
          <methods>
            <method name="SetUp" signature="()" line-rate="1" branch-rate="1" complexity="1">
              <lines>
                <line number="14" hits="11" branch="False" />
                <line number="15" hits="11" branch="False" />
                <line number="16" hits="11" branch="False" />
              </lines>
            </method>
            <method name="IsValid_WHenValidLines_ShouldReturnTrue" signature="(System.String,System.Boolean,System.Int32,System.Int32,System.Int32,VintedExercise.Models.PackageSizeEnum,VintedExercise.Models.PostalServiceEnum)" line-rate="1" branch-rate="1" complexity="2">
              <lines>
                <line number="23" hits="4" branch="False" />
                <line number="25" hits="4" branch="False" />
                <line number="28" hits="4" branch="False" />
                <line number="29" hits="4" branch="True" condition-coverage="100% (2/2)">
                  <conditions>
                    <condition number="43" type="jump" coverage="100%" />
                  </conditions>
                </line>
                <line number="30" hits="4" branch="False" />
                <line number="31" hits="4" branch="False" />
                <line number="32" hits="4" branch="False" />
                <line number="33" hits="4" branch="False" />
                <line number="34" hits="4" branch="False" />
                <line number="35" hits="4" branch="False" />
                <line number="36" hits="4" branch="False" />
                <line number="37" hits="4" branch="False" />
              </lines>
            </method>
            <method name="IsValid_WHenInvalidLines_ShouldReturnFalse" signature="(System.String,System.Boolean)" line-rate="1" branch-rate="1" complexity="1">
              <lines>
                <line number="47" hits="7" branch="False" />
                <line number="49" hits="7" branch="False" />
                <line number="52" hits="7" branch="False" />
                <line number="53" hits="7" branch="False" />
              </lines>
            </method>
          </methods>
          <lines>
            <line number="14" hits="11" branch="False" />
            <line number="15" hits="11" branch="False" />
            <line number="16" hits="11" branch="False" />
            <line number="23" hits="4" branch="False" />
            <line number="25" hits="4" branch="False" />
            <line number="28" hits="4" branch="False" />
            <line number="29" hits="4" branch="True" condition-coverage="100% (2/2)">
              <conditions>
                <condition number="43" type="jump" coverage="100%" />
              </conditions>
            </line>
            <line number="30" hits="4" branch="False" />
            <line number="31" hits="4" branch="False" />
            <line number="32" hits="4" branch="False" />
            <line number="33" hits="4" branch="False" />
            <line number="34" hits="4" branch="False" />
            <line number="35" hits="4" branch="False" />
            <line number="36" hits="4" branch="False" />
            <line number="37" hits="4" branch="False" />
            <line number="47" hits="7" branch="False" />
            <line number="49" hits="7" branch="False" />
            <line number="52" hits="7" branch="False" />
            <line number="53" hits="7" branch="False" />
          </lines>
        </class>
      </classes>
    </package>
  </packages>
</coverage>